#
# There is insufficient memory for the Java Runtime Environment to continue.
# Native memory allocation (malloc) failed to allocate 32744 bytes for ChunkPool::allocate
# Possible reasons:
#   The system is out of physical RAM or swap space
#   In 32 bit mode, the process size limit was hit
# Possible solutions:
#   Reduce memory load on the system
#   Increase physical memory or swap space
#   Check if swap backing store is full
#   Use 64 bit Java on a 64 bit OS
#   Decrease Java heap size (-Xmx/-Xms)
#   Decrease number of Java threads
#   Decrease Java thread stack sizes (-Xss)
#   Set larger code cache with -XX:ReservedCodeCacheSize=
# This output file may be truncated or incomplete.
#
#  Out of Memory Error (allocation.cpp:273), pid=6672, tid=8472
#
# JRE version: Java(TM) SE Runtime Environment (8.0_65-b17) (build 1.8.0_65-b17)
# Java VM: Java HotSpot(TM) 64-Bit Server VM (25.65-b01 mixed mode windows-amd64 compressed oops)
# Failed to write core dump. Minidumps are not enabled by default on client versions of Windows
#

---------------  T H R E A D  ---------------

Current thread (0x0000000056980000):  JavaThread "C1 CompilerThread2" daemon [_thread_in_native, id=8472, stack(0x00000000579c0000,0x0000000057ac0000)]

Stack: [0x00000000579c0000,0x0000000057ac0000]
[error occurred during error reporting (printing stack bounds), id 0xc0000005]

Native frames: (J=compiled Java code, j=interpreted, Vv=VM code, C=native code)


Current CompileTask:
C1:   1066   49  s!   3      
[error occurred during error reporting (printing current compile task), id 0xe0000001]


---------------  P R O C E S S  ---------------

Java Threads: ( => current thread )
  0x0000000056994800 JavaThread "Service Thread" daemon [_thread_blocked, id=516, stack(0x00000000578c0000,0x00000000579c0000)]
=>0x0000000056980000 JavaThread "C1 CompilerThread2" daemon [_thread_in_native, id=8472, stack(0x00000000579c0000,0x0000000057ac0000)]
  0x000000005697f800 JavaThread "C2 CompilerThread1" daemon [_thread_blocked, id=6620, stack(0x0000000056d70000,0x0000000056e70000)]
  0x0000000054fe9800 JavaThread "C2 CompilerThread0" daemon [_thread_blocked, id=2272, stack(0x0000000056830000,0x0000000056930000)]
  0x0000000054fe3800 JavaThread "Attach Listener" daemon [_thread_blocked, id=8840, stack(0x0000000056660000,0x0000000056760000)]
  0x0000000054fe2000 JavaThread "Signal Dispatcher" daemon [_thread_blocked, id=7640, stack(0x0000000055fe0000,0x00000000560e0000)]
  0x0000000054f81800 JavaThread "Finalizer" daemon [_thread_blocked, id=7488, stack(0x0000000056490000,0x0000000056590000)]
  0x0000000054f80800 JavaThread "Reference Handler" daemon [_thread_blocked, id=8776, stack(0x00000000562f0000,0x00000000563f0000)]
  0x000000000224e800 JavaThread "main" [_thread_in_Java, id=980, stack(0x00000000024d0000,0x00000000025d0000)]

Other Threads:
  0x0000000054f7b000 VMThread [stack: 0x0000000056180000,0x0000000056280000] [id=8808]
  0x000000005699a000 WatcherThread [stack: 0x0000000057b90000,0x0000000057c90000] [id=6616]

VM state:not at safepoint (normal execution)

VM Mutex/Monitor currently owned by a thread: None

Heap:
 PSYoungGen      total 37888K, used 1966K [0x00000000eab00000, 0x00000000ed500000, 0x0000000100000000)
  eden space 32768K, 6% used [0x00000000eab00000,0x00000000eaceb878,0x00000000ecb00000)
  from space 5120K, 0% used [0x00000000ed000000,0x00000000ed000000,0x00000000ed500000)
  to   space 5120K, 0% used [0x00000000ecb00000,0x00000000ecb00000,0x00000000ed000000)
 ParOldGen       total 86016K, used 0K [0x00000000c0000000, 0x00000000c5400000, 0x00000000eab00000)
  object space 86016K, 0% used [0x00000000c0000000,0x00000000c0000000,0x00000000c5400000)
 Metaspace       used 3085K, capacity 4656K, committed 4864K, reserved 1056768K
  class space    used 339K, capacity 424K, committed 512K, reserved 1048576K

Card table byte_map: [0x0000000011c60000,0x0000000011e70000] byte_map_base: 0x0000000011660000

Marking Bits: (ParMarkBitMap*) 0x000000005775a5b0
 Begin Bits: [0x00000000123f0000, 0x00000000133f0000)
 End Bits:   [0x00000000133f0000, 0x00000000143f0000)

Polling page: 0x0000000000330000

CodeCache: size=245760Kb used=1132Kb max_used=1132Kb free=244627Kb
 bounds [0x00000000028a0000, 0x0000000002b10000, 0x00000000118a0000]
 total_blobs=286 nmethods=47 adapters=152
 compilation: enabled

Compilation events (10 events):
Event: 1.061 Thread 0x0000000056980000 nmethod 43 0x00000000029b90d0 code [0x00000000029b9220, 0x00000000029b9390]
Event: 1.061 Thread 0x0000000056980000   44       1       java.net.URL::getHost (5 bytes)
Event: 1.061 Thread 0x0000000056980000 nmethod 44 0x00000000029b9410 code [0x00000000029b9560, 0x00000000029b9670]
Event: 1.061 Thread 0x0000000056980000   46       3       java.util.HashMap::hash (20 bytes)
Event: 1.062 Thread 0x0000000056980000 nmethod 46 0x00000000029b96d0 code [0x00000000029b9840, 0x00000000029b9a88]
Event: 1.062 Thread 0x0000000056980000   45       1       java.net.URL::getProtocol (5 bytes)
Event: 1.062 Thread 0x0000000056980000 nmethod 45 0x00000000029b9b50 code [0x00000000029b9ca0, 0x00000000029b9db0]
Event: 1.063 Thread 0x0000000056980000   47       3       java.util.HashMap::getNode (148 bytes)
Event: 1.064 Thread 0x0000000056980000 nmethod 47 0x00000000029ba590 code [0x00000000029ba760, 0x00000000029bb0e8]
Event: 1.064 Thread 0x0000000056980000   49  s!   3       sun.misc.URLClassPath::getLoader (197 bytes)

GC Heap History (0 events):
No events

Deoptimization events (0 events):
No events

Internal exceptions (2 events):
Event: 0.265 Thread 0x000000000224e800 Exception <a 'java/lang/NoSuchMethodError': Method sun.misc.Unsafe.defineClass(Ljava/lang/String;[BII)Ljava/lang/Class; name or signature does not match> (0x00000000eab13070) thrown at [C:\workspace\8-2-build-windows-amd64-cygwin\jdk8u65\4987\hotspot\src\sä/¶UEýÐ?
Event: 0.265 Thread 0x000000000224e800 Exception <a 'java/lang/NoSuchMethodError': Method sun.misc.Unsafe.prefetchRead(Ljava/lang/Object;J)V name or signature does not match> (0x00000000eab13358) thrown at [C:\workspace\8-2-build-windows-amd64-cygwin\jdk8u65\4987\hotspot\src\share\vm\prims\jni.

Events (10 events):
Event: 1.062 loading class com/android/dx/dex/file/DexFile
Event: 1.062 loading class com/android/dx/dex/file/DexFile done
Event: 1.063 loading class com/android/dx/dex/file/Section
Event: 1.063 loading class com/android/dx/dex/file/Section done
Event: 1.064 loading class com/android/dx/dex/file/MixedItemSection
Event: 1.064 loading class com/android/dx/dex/file/MixedItemSection done
Event: 1.064 loading class com/android/dx/rop/cst/Constant
Event: 1.064 loading class com/android/dx/rop/cst/Constant done
Event: 1.065 loading class com/android/dx/util/ToHuman
Event: 1.065 loading class com/android/dx/util/ToHuman done


Dynamic libraries:
0x000000013f640000 - 0x000000013f677000 	C:\Program Files\Java\jdk1.8.0_65\bin\java.exe
0x0000000076e80000 - 0x0000000077029000 	C:\Windows\SYSTEM32\ntdll.dll
0x0000000076d60000 - 0x0000000076e7f000 	C:\Windows\system32\kernel32.dll
0x000007fefcf40000 - 0x000007fefcfac000 	C:\Windows\system32\KERNELBASE.dll
0x000007fefcff0000 - 0x000007fefd0cb000 	C:\Windows\system32\ADVAPI32.dll
0x000007fefd3b0000 - 0x000007fefd44f000 	C:\Windows\system32\msvcrt.dll
0x000007fefec60000 - 0x000007fefec7f000 	C:\Windows\SYSTEM32\sechost.dll
0x000007fefeb30000 - 0x000007fefec5d000 	C:\Windows\system32\RPCRT4.dll
0x0000000076c60000 - 0x0000000076d5a000 	C:\Windows\system32\USER32.dll
0x000007fefe690000 - 0x000007fefe6f7000 	C:\Windows\system32\GDI32.dll
0x000007fefe1f0000 - 0x000007fefe1fe000 	C:\Windows\system32\LPK.dll
0x000007fefee10000 - 0x000007fefeed9000 	C:\Windows\system32\USP10.dll
0x000007fefbb60000 - 0x000007fefbd54000 	C:\Windows\WinSxS\amd64_microsoft.windows.common-controls_6595b64144ccf1df_6.0.7601.18837_none_fa3b1e3d17594757\COMCTL32.dll
0x000007fefec80000 - 0x000007fefecf1000 	C:\Windows\system32\SHLWAPI.dll
0x000007fefd170000 - 0x000007fefd19e000 	C:\Windows\system32\IMM32.DLL
0x000007fefed00000 - 0x000007fefee09000 	C:\Windows\system32\MSCTF.dll
0x0000000060fb0000 - 0x0000000061082000 	C:\Program Files\Java\jdk1.8.0_65\jre\bin\msvcr100.dll
0x0000000056f50000 - 0x00000000577d9000 	C:\Program Files\Java\jdk1.8.0_65\jre\bin\server\jvm.dll
0x000007fef2fa0000 - 0x000007fef2fa9000 	C:\Windows\system32\WSOCK32.dll
0x000007fefe200000 - 0x000007fefe24d000 	C:\Windows\system32\WS2_32.dll
0x000007fefd450000 - 0x000007fefd458000 	C:\Windows\system32\NSI.dll
0x000007fefa200000 - 0x000007fefa23b000 	C:\Windows\system32\WINMM.dll
0x000007fefba70000 - 0x000007fefba7c000 	C:\Windows\system32\VERSION.dll
0x0000000077050000 - 0x0000000077057000 	C:\Windows\system32\PSAPI.DLL
0x00000000606b0000 - 0x00000000606bf000 	C:\Program Files\Java\jdk1.8.0_65\jre\bin\verify.dll
0x000000005a520000 - 0x000000005a549000 	C:\Program Files\Java\jdk1.8.0_65\jre\bin\java.dll
0x000000005a660000 - 0x000000005a676000 	C:\Program Files\Java\jdk1.8.0_65\jre\bin\zip.dll
0x000007fefd460000 - 0x000007fefe1e9000 	C:\Windows\system32\SHELL32.dll
0x000007fefef80000 - 0x000007feff183000 	C:\Windows\system32\ole32.dll
0x000007fefcc30000 - 0x000007fefcc3f000 	C:\Windows\system32\profapi.dll

VM Arguments:
jvm_args: -Djava.awt.headless=true -Xmx1024M -Dfile.encoding=windows-1251 -Duser.country=RU -Duser.language=ru -Duser.variant 
java_command: com.android.dx.command.Main --dex --force-jumbo --num-threads=4 --multi-dex --output C:\Users\1\Downloads\MaterialHW\app\build\intermediates\transforms\dex\debug\folders\1000\10\com.android.support-animated-vector-drawable-23.2.0_219c8c7c140a33561889d43a44ea42fdb4821e9e C:\Users\1\Downloads\MaterialHW\app\build\intermediates\exploded-aar\com.android.support\animated-vector-drawable\23.2.0\jars\classes.jar
java_class_path (initial): C:\Users\1\AppData\Local\Android\sdk\build-tools\23.0.3\lib\dx.jar
Launcher Type: SUN_STANDARD

Environment Variables:
PATH=C:\ProgramData\Oracle\Java\javapath;C:\Program Files (x86)\Intel\iCLS Client\;C:\Program Files\Intel\iCLS Client\;C:\Windows\system32;C:\Windows;C:\Windows\System32\Wbem;C:\Windows\System32\WindowsPowerShell\v1.0\;C:\Program Files\Intel\Intel(R) Management Engine Components\DAL;C:\Program Files\Intel\Intel(R) Management Engine Components\IPT;C:\Program Files (x86)\Intel\Intel(R) Management Engine Components\DAL;C:\Program Files (x86)\Intel\Intel(R) Management Engine Components\IPT;C:\Program Files (x86)\Skype\Phone\;C:\Users\1\AppData\Local\Android\sdk\tools;C:\Users\1\AppData\Local\Programs\Python\Python35;C:\Program Files\Lenovo\Bluetooth Software\;C:\Program Files\Lenovo\Bluetooth Software\syswow64;c:\tmp\gradle-2.11\bin\;C:\Program Files\nodejs\;C:\Program Files (x86)\Intel\OpenCL SDK\2.0\bin\x86;C:\Program Files (x86)\Intel\OpenCL SDK\2.0\bin\x64;C:\Program Files (x86)\Microsoft SQL Server\Client SDK\ODBC\110\Tools\Binn\;C:\Program Files (x86)\Microsoft SQL Server\130\Tools\Binn\;C:\Program Files (x86)\Microsoft SQL Server\130\DTS\Binn\;C:\Program Files (x86)\Microsoft SQL Server\130\Tools\Binn\ManagementStudio\;C:\Program Files\Process Lasso;C:\Program Files (x86)\Windows Kits\8.1\Windows Performance Toolkit\;C:\Users\1\AppData\Local\Programs\Python\Python35\Scripts\;C:\Users\1\AppData\Local\Programs\Python\Python35\;C:\Users\1\AppData\Roaming\npm;C:\tmp\mp3inf;C:\tmp\mp3inf\usr\local\wbin
USERNAME=1
OS=Windows_NT
PROCESSOR_IDENTIFIER=Intel64 Family 6 Model 58 Stepping 9, GenuineIntel



---------------  S Y S T E M  ---------------

OS: Windows 7 , 64 bit Build 7601 (6.1.7601.18933)

CPU:total 4 (2 cores per cpu, 2 threads per core) family 6 model 58 stepping 9, cmov, cx8, fxsr, mmx, sse, sse2, sse3, ssse3, sse4.1, sse4.2, popcnt, avx, aes, clmul, erms, ht, tsc, tscinvbit, tscinv

Memory: 4k page, physical 8254312k(1232264k free), swap 8252472k(5052k free)

vm_info: Java HotSpot(TM) 64-Bit Server VM (25.65-b01) for windows-amd64 JRE (1.8.0_65-b17), built on Oct  6 2015 16:39:20 by "java_re" with MS VC++ 10.0 (VS2010)

time: Mon Jul 25 11:32:44 2016
elapsed time: 1 seconds (0d 0h 0m 1s)

