#
# There is insufficient memory for the Java Runtime Environment to continue.
# Native memory allocation (malloc) failed to allocate 382096 bytes for Chunk::new
# Possible reasons:
#   The system is out of physical RAM or swap space
#   In 32 bit mode, the process size limit was hit
# Possible solutions:
#   Reduce memory load on the system
#   Increase physical memory or swap space
#   Check if swap backing store is full
#   Use 64 bit Java on a 64 bit OS
#   Decrease Java heap size (-Xmx/-Xms)
#   Decrease number of Java threads
#   Decrease Java thread stack sizes (-Xss)
#   Set larger code cache with -XX:ReservedCodeCacheSize=
# This output file may be truncated or incomplete.
#
#  Out of Memory Error (allocation.cpp:390), pid=10192, tid=7740
#
# JRE version: Java(TM) SE Runtime Environment (8.0_65-b17) (build 1.8.0_65-b17)
# Java VM: Java HotSpot(TM) 64-Bit Server VM (25.65-b01 mixed mode windows-amd64 compressed oops)
# Failed to write core dump. Minidumps are not enabled by default on client versions of Windows
#

---------------  T H R E A D  ---------------

Current thread (0x00000000547cc000):  JavaThread "C2 CompilerThread1" daemon [_thread_in_native, id=7740, stack(0x0000000057380000,0x0000000057480000)]

Stack: [0x0000000057380000,0x0000000057480000]
[error occurred during error reporting (printing stack bounds), id 0xc0000005]

Native frames: (J=compiled Java code, j=interpreted, Vv=VM code, C=native code)


Current CompileTask:
C2:   4717 1172       4       com.android.dx.ssa.back.LivenessAnalyzer::run (231 bytes)


---------------  P R O C E S S  ---------------

Java Threads: ( => current thread )
  0x0000000057e59000 JavaThread "pool-2-thread-4" [_thread_blocked, id=9600, stack(0x00000000579f0000,0x0000000057af0000)]
  0x0000000057e10800 JavaThread "pool-2-thread-3" [_thread_blocked, id=8776, stack(0x0000000056d90000,0x0000000056e90000)]
  0x0000000057e10000 JavaThread "pool-2-thread-2" [_thread_blocked, id=9680, stack(0x0000000058340000,0x0000000058440000)]
  0x0000000057e0e000 JavaThread "pool-3-thread-1" [_thread_blocked, id=8732, stack(0x0000000058200000,0x0000000058300000)]
  0x0000000057e02000 JavaThread "pool-2-thread-1" [_thread_blocked, id=9884, stack(0x00000000580d0000,0x00000000581d0000)]
  0x00000000547cf000 JavaThread "Service Thread" daemon [_thread_blocked, id=10200, stack(0x0000000057010000,0x0000000057110000)]
  0x00000000547cd000 JavaThread "C1 CompilerThread2" daemon [_thread_in_native, id=9592, stack(0x00000000574f0000,0x00000000575f0000)]
=>0x00000000547cc000 JavaThread "C2 CompilerThread1" daemon [_thread_in_native, id=7740, stack(0x0000000057380000,0x0000000057480000)]
  0x00000000547c9800 JavaThread "C2 CompilerThread0" daemon [_thread_in_native, id=5500, stack(0x0000000057230000,0x0000000057330000)]
  0x00000000547c3800 JavaThread "Attach Listener" daemon [_thread_blocked, id=8488, stack(0x0000000057120000,0x0000000057220000)]
  0x00000000547c2000 JavaThread "Signal Dispatcher" daemon [_thread_blocked, id=5332, stack(0x0000000056e90000,0x0000000056f90000)]
  0x0000000054767800 JavaThread "Finalizer" daemon [_thread_blocked, id=8448, stack(0x0000000056a20000,0x0000000056b20000)]
  0x0000000054760800 JavaThread "Reference Handler" daemon [_thread_blocked, id=9748, stack(0x0000000056bb0000,0x0000000056cb0000)]
  0x00000000022ae800 JavaThread "main" [_thread_blocked, id=9480, stack(0x00000000022b0000,0x00000000023b0000)]

Other Threads:
  0x000000005475b000 VMThread [stack: 0x0000000056900000,0x0000000056a00000] [id=8520]
  0x0000000057cf8800 WatcherThread [stack: 0x0000000057710000,0x0000000057810000] [id=9184]

VM state:not at safepoint (normal execution)

VM Mutex/Monitor currently owned by a thread: None

Heap:
 PSYoungGen      total 37888K, used 18135K [0x00000000eab00000, 0x00000000ed500000, 0x0000000100000000)
  eden space 32768K, 39% used [0x00000000eab00000,0x00000000eb7bb818,0x00000000ecb00000)
  from space 5120K, 99% used [0x00000000ecb00000,0x00000000ecffa3f0,0x00000000ed000000)
  to   space 5120K, 0% used [0x00000000ed000000,0x00000000ed000000,0x00000000ed500000)
 ParOldGen       total 86016K, used 391K [0x00000000c0000000, 0x00000000c5400000, 0x00000000eab00000)
  object space 86016K, 0% used [0x00000000c0000000,0x00000000c0061d00,0x00000000c5400000)
 Metaspace       used 5901K, capacity 6832K, committed 7040K, reserved 1056768K
  class space    used 596K, capacity 616K, committed 640K, reserved 1048576K

Card table byte_map: [0x0000000011b20000,0x0000000011d30000] byte_map_base: 0x0000000011520000

Marking Bits: (ParMarkBitMap*) 0x000000005539a5b0
 Begin Bits: [0x00000000123d0000, 0x00000000133d0000)
 End Bits:   [0x00000000133d0000, 0x00000000143d0000)

Polling page: 0x0000000000340000

CodeCache: size=245760Kb used=4706Kb max_used=4706Kb free=241053Kb
 bounds [0x0000000002760000, 0x0000000002c00000, 0x0000000011760000]
 total_blobs=1462 nmethods=1193 adapters=182
 compilation: enabled

Compilation events (10 events):
Event: 4.713 Thread 0x00000000547c9800 nmethod 1182% 0x0000000002bf8dd0 code [0x0000000002bf8f60, 0x0000000002bf96b8]
Event: 4.713 Thread 0x00000000547c9800 1160       4       com.android.dx.ssa.SCCP::addBlockToWorklist (47 bytes)
Event: 4.713 Thread 0x00000000547cd000 nmethod 1189 0x0000000002bf7650 code [0x0000000002bf7800, 0x0000000002bf80b8]
Event: 4.713 Thread 0x00000000547cd000 1190       3       com.android.dx.dex.code.RopTranslator::access$600 (6 bytes)
Event: 4.713 Thread 0x00000000547cd000 nmethod 1190 0x0000000002bf72d0 code [0x0000000002bf7440, 0x0000000002bf75a8]
Event: 4.713 Thread 0x00000000547cd000 1203       3       com.android.dx.rop.cst.TypedConstant::getBasicFrameType (8 bytes)
Event: 4.714 Thread 0x00000000547cd000 nmethod 1203 0x0000000002bf6dd0 code [0x0000000002bf6f40, 0x0000000002bf71f8]
Event: 4.714 Thread 0x00000000547cd000 1199       3       com.android.dx.rop.code.Rops::opConst (85 bytes)
Event: 4.714 Thread 0x00000000547cd000 nmethod 1199 0x0000000002bf58d0 code [0x0000000002bf5b20, 0x0000000002bf6808]
Event: 4.715 Thread 0x00000000547cd000 1215       3       com.android.dx.rop.code.BasicBlockList::getInstructionCount (48 bytes)

GC Heap History (2 events):
Event: 3.387 GC heap before
{Heap before GC invocations=1 (full 0):
 PSYoungGen      total 37888K, used 32768K [0x00000000eab00000, 0x00000000ed500000, 0x0000000100000000)
  eden space 32768K, 100% used [0x00000000eab00000,0x00000000ecb00000,0x00000000ecb00000)
  from space 5120K, 0% used [0x00000000ed000000,0x00000000ed000000,0x00000000ed500000)
  to   space 5120K, 0% used [0x00000000ecb00000,0x00000000ecb00000,0x00000000ed000000)
 ParOldGen       total 86016K, used 0K [0x00000000c0000000, 0x00000000c5400000, 0x00000000eab00000)
  object space 86016K, 0% used [0x00000000c0000000,0x00000000c0000000,0x00000000c5400000)
 Metaspace       used 5851K, capacity 6832K, committed 7040K, reserved 1056768K
  class space    used 596K, capacity 616K, committed 640K, reserved 1048576K
Event: 4.001 GC heap after
Heap after GC invocations=1 (full 0):
 PSYoungGen      total 37888K, used 5096K [0x00000000eab00000, 0x00000000ed500000, 0x0000000100000000)
  eden space 32768K, 0% used [0x00000000eab00000,0x00000000eab00000,0x00000000ecb00000)
  from space 5120K, 99% used [0x00000000ecb00000,0x00000000ecffa3f0,0x00000000ed000000)
  to   space 5120K, 0% used [0x00000000ed000000,0x00000000ed000000,0x00000000ed500000)
 ParOldGen       total 86016K, used 391K [0x00000000c0000000, 0x00000000c5400000, 0x00000000eab00000)
  object space 86016K, 0% used [0x00000000c0000000,0x00000000c0061d00,0x00000000c5400000)
 Metaspace       used 5851K, capacity 6832K, committed 7040K, reserved 1056768K
  class space    used 596K, capacity 616K, committed 640K, reserved 1048576K
}

Deoptimization events (10 events):
Event: 2.570 Thread 0x0000000057e02000 Uncommon trap: reason=unstable_if action=reinterpret pc=0x00000000029594e0 method=java.util.BitSet.nextSetBit(I)I @ 87
Event: 2.724 Thread 0x0000000057e10800 Uncommon trap: reason=class_check action=maybe_recompile pc=0x00000000029a7bdc method=com.android.dx.ssa.NormalSsaInsn.accept(Lcom/android/dx/ssa/SsaInsn$Visitor;)V @ 9
Event: 2.724 Thread 0x0000000057e10800 Uncommon trap: reason=class_check action=maybe_recompile pc=0x00000000029a7bdc method=com.android.dx.ssa.NormalSsaInsn.accept(Lcom/android/dx/ssa/SsaInsn$Visitor;)V @ 9
Event: 2.724 Thread 0x0000000057e10800 Uncommon trap: reason=class_check action=maybe_recompile pc=0x00000000029a7bdc method=com.android.dx.ssa.NormalSsaInsn.accept(Lcom/android/dx/ssa/SsaInsn$Visitor;)V @ 9
Event: 2.724 Thread 0x0000000057e10800 Uncommon trap: reason=class_check action=maybe_recompile pc=0x00000000029a7bdc method=com.android.dx.ssa.NormalSsaInsn.accept(Lcom/android/dx/ssa/SsaInsn$Visitor;)V @ 9
Event: 2.725 Thread 0x0000000057e10800 Uncommon trap: reason=class_check action=maybe_recompile pc=0x0000000002971860 method=com.android.dx.ssa.NormalSsaInsn.accept(Lcom/android/dx/ssa/SsaInsn$Visitor;)V @ 9
Event: 2.976 Thread 0x0000000057e10000 Uncommon trap: reason=bimorphic action=maybe_recompile pc=0x00000000029721f4 method=java.util.HashMap.getNode(ILjava/lang/Object;)Ljava/util/HashMap$Node; @ 126
Event: 4.598 Thread 0x0000000057e02000 Uncommon trap: reason=null_check action=make_not_entrant pc=0x0000000002ac1b18 method=com.android.dx.ssa.SsaRenamer.getLocalForNewReg(I)Lcom/android/dx/rop/code/LocalItem; @ 19
Event: 4.610 Thread 0x0000000057e10800 Uncommon trap: reason=null_check action=make_not_entrant pc=0x0000000002a847f8 method=com.android.dx.ssa.SsaRenamer.getLocalForNewReg(I)Lcom/android/dx/rop/code/LocalItem; @ 19
Event: 4.622 Thread 0x0000000057e10800 Uncommon trap: reason=unstable_if action=reinterpret pc=0x00000000029ded4c method=com.android.dx.rop.code.RegisterSpec.equals(ILcom/android/dx/rop/type/TypeBearer;Lcom/android/dx/rop/code/LocalItem;)Z @ 42

Internal exceptions (4 events):
Event: 0.602 Thread 0x00000000022ae800 Exception <a 'java/lang/NoSuchMethodError': Method sun.misc.Unsafe.defineClass(Ljava/lang/String;[BII)Ljava/lang/Class; name or signature does not match> (0x00000000eab13070) thrown at [C:\workspace\8-2-build-windows-amd64-cygwin\jdk8u65\4987\hotspot\src\s¨úòﬂŒA„?
Event: 0.602 Thread 0x00000000022ae800 Exception <a 'java/lang/NoSuchMethodError': Method sun.misc.Unsafe.prefetchRead(Ljava/lang/Object;J)V name or signature does not match> (0x00000000eab13358) thrown at [C:\workspace\8-2-build-windows-amd64-cygwin\jdk8u65\4987\hotspot\src\share\vm\prims\jni.|´ùd@
Event: 4.598 Thread 0x0000000057e02000 Implicit null exception at 0x0000000002abf728 to 0x0000000002ac1add
Event: 4.610 Thread 0x0000000057e10800 Implicit null exception at 0x0000000002a82657 to 0x0000000002a847d1

Events (10 events):
Event: 4.001 Executing VM operation: ParallelGCFailedAllocation done
Event: 4.598 Thread 0x0000000057e02000 Uncommon trap: trap_request=0xfffffff4 fr.pc=0x0000000002ac1b18
Event: 4.598 Thread 0x0000000057e02000 DEOPT PACKING pc=0x0000000002ac1b18 sp=0x00000000581ce670
Event: 4.598 Thread 0x0000000057e02000 DEOPT UNPACKING pc=0x00000000027a582a sp=0x00000000581ce4f8 mode 2
Event: 4.610 Thread 0x0000000057e10800 Uncommon trap: trap_request=0xfffffff4 fr.pc=0x0000000002a847f8
Event: 4.610 Thread 0x0000000057e10800 DEOPT PACKING pc=0x0000000002a847f8 sp=0x0000000056e8e690
Event: 4.610 Thread 0x0000000057e10800 DEOPT UNPACKING pc=0x00000000027a582a sp=0x0000000056e8e568 mode 2
Event: 4.622 Thread 0x0000000057e10800 Uncommon trap: trap_request=0xffffff65 fr.pc=0x00000000029ded4c
Event: 4.622 Thread 0x0000000057e10800 DEOPT PACKING pc=0x00000000029ded4c sp=0x0000000056e8e780
Event: 4.622 Thread 0x0000000057e10800 DEOPT UNPACKING pc=0x00000000027a582a sp=0x0000000056e8e708 mode 2


Dynamic libraries:
0x000000013fae0000 - 0x000000013fb17000 	C:\Program Files\Java\jdk1.8.0_65\bin\java.exe
0x0000000076f10000 - 0x00000000770b9000 	C:\Windows\SYSTEM32\ntdll.dll
0x0000000076df0000 - 0x0000000076f0f000 	C:\Windows\system32\kernel32.dll
0x000007fefd010000 - 0x000007fefd07c000 	C:\Windows\system32\KERNELBASE.dll
0x000007fefd870000 - 0x000007fefd94b000 	C:\Windows\system32\ADVAPI32.dll
0x000007fefd270000 - 0x000007fefd30f000 	C:\Windows\system32\msvcrt.dll
0x000007feff130000 - 0x000007feff14f000 	C:\Windows\SYSTEM32\sechost.dll
0x000007fefef60000 - 0x000007feff08d000 	C:\Windows\system32\RPCRT4.dll
0x0000000076cf0000 - 0x0000000076dea000 	C:\Windows\system32\USER32.dll
0x000007fefd5e0000 - 0x000007fefd647000 	C:\Windows\system32\GDI32.dll
0x000007fefd760000 - 0x000007fefd76e000 	C:\Windows\system32\LPK.dll
0x000007feff150000 - 0x000007feff219000 	C:\Windows\system32\USP10.dll
0x000007fefbcf0000 - 0x000007fefbee4000 	C:\Windows\WinSxS\amd64_microsoft.windows.common-controls_6595b64144ccf1df_6.0.7601.18837_none_fa3b1e3d17594757\COMCTL32.dll
0x000007fefd950000 - 0x000007fefd9c1000 	C:\Windows\system32\SHLWAPI.dll
0x000007fefd650000 - 0x000007fefd67e000 	C:\Windows\system32\IMM32.DLL
0x000007fefd160000 - 0x000007fefd269000 	C:\Windows\system32\MSCTF.dll
0x00000000578d0000 - 0x00000000579a2000 	C:\Program Files\Java\jdk1.8.0_65\jre\bin\msvcr100.dll
0x0000000054b90000 - 0x0000000055419000 	C:\Program Files\Java\jdk1.8.0_65\jre\bin\server\jvm.dll
0x000007fef2830000 - 0x000007fef2839000 	C:\Windows\system32\WSOCK32.dll
0x000007fefd080000 - 0x000007fefd0cd000 	C:\Windows\system32\WS2_32.dll
0x000007fefd150000 - 0x000007fefd158000 	C:\Windows\system32\NSI.dll
0x000007fefa360000 - 0x000007fefa39b000 	C:\Windows\system32\WINMM.dll
0x000007fefbb00000 - 0x000007fefbb0c000 	C:\Windows\system32\VERSION.dll
0x00000000770d0000 - 0x00000000770d7000 	C:\Windows\system32\PSAPI.DLL
0x0000000057c60000 - 0x0000000057c6f000 	C:\Program Files\Java\jdk1.8.0_65\jre\bin\verify.dll
0x0000000057c00000 - 0x0000000057c29000 	C:\Program Files\Java\jdk1.8.0_65\jre\bin\java.dll
0x0000000057be0000 - 0x0000000057bf6000 	C:\Program Files\Java\jdk1.8.0_65\jre\bin\zip.dll
0x000007fefdfc0000 - 0x000007fefed49000 	C:\Windows\system32\SHELL32.dll
0x000007fefed50000 - 0x000007fefef53000 	C:\Windows\system32\ole32.dll
0x000007fefccd0000 - 0x000007fefccdf000 	C:\Windows\system32\profapi.dll

VM Arguments:
jvm_args: -Djava.awt.headless=true -Xmx1024M -Dfile.encoding=windows-1251 -Duser.country=RU -Duser.language=ru -Duser.variant 
java_command: com.android.dx.command.Main --dex --force-jumbo --num-threads=4 --multi-dex --output C:\Users\1\Downloads\MaterialHW\app\build\intermediates\transforms\dex\debug\folders\1000\10\instant-run_7befc269427d4adb567844bc034fc14203f24e6c C:\Users\1\Downloads\MaterialHW\app\build\intermediates\incremental-runtime-classes\debug\instant-run.jar
java_class_path (initial): C:\Users\1\AppData\Local\Android\sdk\build-tools\23.0.3\lib\dx.jar
Launcher Type: SUN_STANDARD

Environment Variables:
PATH=C:\ProgramData\Oracle\Java\javapath;C:\Program Files (x86)\Intel\iCLS Client\;C:\Program Files\Intel\iCLS Client\;C:\Windows\system32;C:\Windows;C:\Windows\System32\Wbem;C:\Windows\System32\WindowsPowerShell\v1.0\;C:\Program Files\Intel\Intel(R) Management Engine Components\DAL;C:\Program Files\Intel\Intel(R) Management Engine Components\IPT;C:\Program Files (x86)\Intel\Intel(R) Management Engine Components\DAL;C:\Program Files (x86)\Intel\Intel(R) Management Engine Components\IPT;C:\Program Files (x86)\Skype\Phone\;C:\Users\1\AppData\Local\Android\sdk\tools;C:\Users\1\AppData\Local\Programs\Python\Python35;C:\Program Files\Lenovo\Bluetooth Software\;C:\Program Files\Lenovo\Bluetooth Software\syswow64;c:\tmp\gradle-2.11\bin\;C:\Program Files\nodejs\;C:\Program Files (x86)\Intel\OpenCL SDK\2.0\bin\x86;C:\Program Files (x86)\Intel\OpenCL SDK\2.0\bin\x64;C:\Program Files (x86)\Microsoft SQL Server\Client SDK\ODBC\110\Tools\Binn\;C:\Program Files (x86)\Microsoft SQL Server\130\Tools\Binn\;C:\Program Files (x86)\Microsoft SQL Server\130\DTS\Binn\;C:\Program Files (x86)\Microsoft SQL Server\130\Tools\Binn\ManagementStudio\;C:\Program Files\Process Lasso;C:\Program Files (x86)\Windows Kits\8.1\Windows Performance Toolkit\;C:\Users\1\AppData\Local\Programs\Python\Python35\Scripts\;C:\Users\1\AppData\Local\Programs\Python\Python35\;C:\Users\1\AppData\Roaming\npm;C:\tmp\mp3inf;C:\tmp\mp3inf\usr\local\wbin
USERNAME=1
OS=Windows_NT
PROCESSOR_IDENTIFIER=Intel64 Family 6 Model 58 Stepping 9, GenuineIntel



---------------  S Y S T E M  ---------------

OS: Windows 7 , 64 bit Build 7601 (6.1.7601.18933)

CPU:total 4 (2 cores per cpu, 2 threads per core) family 6 model 58 stepping 9, cmov, cx8, fxsr, mmx, sse, sse2, sse3, ssse3, sse4.1, sse4.2, popcnt, avx, aes, clmul, erms, ht, tsc, tscinvbit, tscinv

Memory: 4k page, physical 8254312k(1269816k free), swap 8252472k(5592k free)

vm_info: Java HotSpot(TM) 64-Bit Server VM (25.65-b01) for windows-amd64 JRE (1.8.0_65-b17), built on Oct  6 2015 16:39:20 by "java_re" with MS VC++ 10.0 (VS2010)

time: Sat Jul 30 13:16:52 2016
elapsed time: 4 seconds (0d 0h 0m 4s)

