#
# There is insufficient memory for the Java Runtime Environment to continue.
# Native memory allocation (malloc) failed to allocate 242512 bytes for Chunk::new
# Possible reasons:
#   The system is out of physical RAM or swap space
#   In 32 bit mode, the process size limit was hit
# Possible solutions:
#   Reduce memory load on the system
#   Increase physical memory or swap space
#   Check if swap backing store is full
#   Use 64 bit Java on a 64 bit OS
#   Decrease Java heap size (-Xmx/-Xms)
#   Decrease number of Java threads
#   Decrease Java thread stack sizes (-Xss)
#   Set larger code cache with -XX:ReservedCodeCacheSize=
# This output file may be truncated or incomplete.
#
#  Out of Memory Error (allocation.cpp:390), pid=10004, tid=9824
#
# JRE version: Java(TM) SE Runtime Environment (8.0_65-b17) (build 1.8.0_65-b17)
# Java VM: Java HotSpot(TM) 64-Bit Server VM (25.65-b01 mixed mode windows-amd64 compressed oops)
# Failed to write core dump. Minidumps are not enabled by default on client versions of Windows
#

---------------  T H R E A D  ---------------

Current thread (0x0000000056f9a800):  JavaThread "C2 CompilerThread1" daemon [_thread_in_native, id=9824, stack(0x00000000576a0000,0x00000000577a0000)]

Stack: [0x00000000576a0000,0x00000000577a0000]
[error occurred during error reporting (printing stack bounds), id 0xc0000005]

Native frames: (J=compiled Java code, j=interpreted, Vv=VM code, C=native code)


Current CompileTask:
C2:  12743 2131       4       com.android.dx.cf.code.Ropper::addExceptionSetupBlocks (203 bytes)


---------------  P R O C E S S  ---------------

Java Threads: ( => current thread )
  0x0000000057286000 JavaThread "pool-2-thread-4" [_thread_in_Java, id=6492, stack(0x0000000058290000,0x0000000058390000)]
  0x0000000057285000 JavaThread "pool-2-thread-3" [_thread_blocked, id=5344, stack(0x0000000058020000,0x0000000058120000)]
  0x0000000057181000 JavaThread "pool-2-thread-2" [_thread_blocked, id=8924, stack(0x00000000577c0000,0x00000000578c0000)]
  0x0000000057119000 JavaThread "pool-3-thread-1" [_thread_blocked, id=2188, stack(0x0000000058140000,0x0000000058240000)]
  0x0000000057118000 JavaThread "pool-2-thread-1" [_thread_blocked, id=8680, stack(0x0000000057f00000,0x0000000058000000)]
  0x0000000056fee000 JavaThread "Service Thread" daemon [_thread_blocked, id=8540, stack(0x0000000057c90000,0x0000000057d90000)]
  0x0000000056f9b000 JavaThread "C1 CompilerThread2" daemon [_thread_in_native, id=3636, stack(0x0000000057a80000,0x0000000057b80000)]
=>0x0000000056f9a800 JavaThread "C2 CompilerThread1" daemon [_thread_in_native, id=9824, stack(0x00000000576a0000,0x00000000577a0000)]
  0x0000000056f95800 JavaThread "C2 CompilerThread0" daemon [_thread_in_native, id=9676, stack(0x0000000057490000,0x0000000057590000)]
  0x0000000054ae5000 JavaThread "Attach Listener" daemon [_thread_blocked, id=8784, stack(0x0000000057390000,0x0000000057490000)]
  0x0000000054ae4000 JavaThread "Signal Dispatcher" daemon [_thread_blocked, id=9172, stack(0x0000000056b90000,0x0000000056c90000)]
  0x0000000054a86800 JavaThread "Finalizer" daemon [_thread_blocked, id=5420, stack(0x0000000056e90000,0x0000000056f90000)]
  0x0000000054a85800 JavaThread "Reference Handler" daemon [_thread_blocked, id=5220, stack(0x0000000056d00000,0x0000000056e00000)]
  0x00000000022ae800 JavaThread "main" [_thread_blocked, id=9392, stack(0x0000000002320000,0x0000000002420000)]

Other Threads:
  0x0000000054a7c800 VMThread [stack: 0x0000000056a50000,0x0000000056b50000] [id=9740]
  0x0000000056ff4800 WatcherThread [stack: 0x0000000057dd0000,0x0000000057ed0000] [id=9264]

VM state:not at safepoint (normal execution)

VM Mutex/Monitor currently owned by a thread: None

Heap:
 PSYoungGen      total 136192K, used 17174K [0x00000000eab00000, 0x00000000f3500000, 0x0000000100000000)
  eden space 131072K, 9% used [0x00000000eab00000,0x00000000eb6c68b0,0x00000000f2b00000)
  from space 5120K, 99% used [0x00000000f3000000,0x00000000f34feff8,0x00000000f3500000)
  to   space 5120K, 0% used [0x00000000f2b00000,0x00000000f2b00000,0x00000000f3000000)
 ParOldGen       total 86016K, used 23572K [0x00000000c0000000, 0x00000000c5400000, 0x00000000eab00000)
  object space 86016K, 27% used [0x00000000c0000000,0x00000000c1705200,0x00000000c5400000)
 Metaspace       used 6320K, capacity 7192K, committed 7424K, reserved 1056768K
  class space    used 624K, capacity 656K, committed 768K, reserved 1048576K

Card table byte_map: [0x0000000011ba0000,0x0000000011db0000] byte_map_base: 0x00000000115a0000

Marking Bits: (ParMarkBitMap*) 0x000000005539a5b0
 Begin Bits: [0x00000000126f0000, 0x00000000136f0000)
 End Bits:   [0x00000000136f0000, 0x00000000146f0000)

Polling page: 0x0000000000230000

CodeCache: size=245760Kb used=8656Kb max_used=8656Kb free=237103Kb
 bounds [0x00000000027e0000, 0x0000000003060000, 0x00000000117e0000]
 total_blobs=2215 nmethods=1945 adapters=182
 compilation: enabled

Compilation events (10 events):
Event: 12.720 Thread 0x0000000056f9b000 nmethod 2149 0x000000000304da10 code [0x000000000304db80, 0x000000000304dda8]
Event: 12.725 Thread 0x0000000056f9b000 2150       3       sun.misc.Unsafe::getAndAddInt (27 bytes)
Event: 12.725 Thread 0x0000000056f9b000 nmethod 2150 0x000000000304fdd0 code [0x000000000304ff40, 0x0000000003050150]
Event: 12.726 Thread 0x0000000056f9b000 2152       3       com.android.dx.rop.code.Rops::opSub (29 bytes)
Event: 12.726 Thread 0x0000000056f9b000 nmethod 2152 0x000000000304fa10 code [0x000000000304fb80, 0x000000000304fd48]
Event: 12.732 Thread 0x0000000056f9b000 2153       3       com.android.dx.ssa.NormalSsaInsn::changeOneSource (120 bytes)
Event: 12.733 Thread 0x0000000056f9b000 nmethod 2153 0x0000000003053950 code [0x0000000003053be0, 0x00000000030552f8]
Event: 12.733 Thread 0x0000000056f9b000 2154 %     3       com.android.dx.ssa.back.FirstFitLocalCombiningAllocator::handleLocalAssociatedOther @ 15 (151 bytes)
Event: 12.735 Thread 0x0000000056f9b000 nmethod 2154% 0x0000000003055f50 code [0x00000000030561e0, 0x00000000030572d8]
Event: 12.735 Thread 0x0000000056f9b000 2155       3       com.android.dx.ssa.back.RegisterAllocator::insertMoveBefore (240 bytes)

GC Heap History (8 events):
Event: 3.293 GC heap before
{Heap before GC invocations=1 (full 0):
 PSYoungGen      total 37888K, used 32768K [0x00000000eab00000, 0x00000000ed500000, 0x0000000100000000)
  eden space 32768K, 100% used [0x00000000eab00000,0x00000000ecb00000,0x00000000ecb00000)
  from space 5120K, 0% used [0x00000000ed000000,0x00000000ed000000,0x00000000ed500000)
  to   space 5120K, 0% used [0x00000000ecb00000,0x00000000ecb00000,0x00000000ed000000)
 ParOldGen       total 86016K, used 0K [0x00000000c0000000, 0x00000000c5400000, 0x00000000eab00000)
  object space 86016K, 0% used [0x00000000c0000000,0x00000000c0000000,0x00000000c5400000)
 Metaspace       used 5829K, capacity 6832K, committed 7040K, reserved 1056768K
  class space    used 599K, capacity 616K, committed 640K, reserved 1048576K
Event: 3.543 GC heap after
Heap after GC invocations=1 (full 0):
 PSYoungGen      total 37888K, used 5090K [0x00000000eab00000, 0x00000000ef500000, 0x0000000100000000)
  eden space 32768K, 0% used [0x00000000eab00000,0x00000000eab00000,0x00000000ecb00000)
  from space 5120K, 99% used [0x00000000ecb00000,0x00000000ecff8948,0x00000000ed000000)
  to   space 5120K, 0% used [0x00000000ef000000,0x00000000ef000000,0x00000000ef500000)
 ParOldGen       total 86016K, used 1642K [0x00000000c0000000, 0x00000000c5400000, 0x00000000eab00000)
  object space 86016K, 1% used [0x00000000c0000000,0x00000000c019a878,0x00000000c5400000)
 Metaspace       used 5829K, capacity 6832K, committed 7040K, reserved 1056768K
  class space    used 599K, capacity 616K, committed 640K, reserved 1048576K
}
Event: 5.051 GC heap before
{Heap before GC invocations=2 (full 0):
 PSYoungGen      total 37888K, used 37858K [0x00000000eab00000, 0x00000000ef500000, 0x0000000100000000)
  eden space 32768K, 100% used [0x00000000eab00000,0x00000000ecb00000,0x00000000ecb00000)
  from space 5120K, 99% used [0x00000000ecb00000,0x00000000ecff8948,0x00000000ed000000)
  to   space 5120K, 0% used [0x00000000ef000000,0x00000000ef000000,0x00000000ef500000)
 ParOldGen       total 86016K, used 1642K [0x00000000c0000000, 0x00000000c5400000, 0x00000000eab00000)
  object space 86016K, 1% used [0x00000000c0000000,0x00000000c019a878,0x00000000c5400000)
 Metaspace       used 6175K, capacity 7064K, committed 7424K, reserved 1056768K
  class space    used 622K, capacity 656K, committed 768K, reserved 1048576K
Event: 5.114 GC heap after
Heap after GC invocations=2 (full 0):
 PSYoungGen      total 70656K, used 5112K [0x00000000eab00000, 0x00000000ef500000, 0x0000000100000000)
  eden space 65536K, 0% used [0x00000000eab00000,0x00000000eab00000,0x00000000eeb00000)
  from space 5120K, 99% used [0x00000000ef000000,0x00000000ef4fe2f0,0x00000000ef500000)
  to   space 5120K, 0% used [0x00000000eeb00000,0x00000000eeb00000,0x00000000ef000000)
 ParOldGen       total 86016K, used 5300K [0x00000000c0000000, 0x00000000c5400000, 0x00000000eab00000)
  object space 86016K, 6% used [0x00000000c0000000,0x00000000c052d218,0x00000000c5400000)
 Metaspace       used 6175K, capacity 7064K, committed 7424K, reserved 1056768K
  class space    used 622K, capacity 656K, committed 768K, reserved 1048576K
}
Event: 9.244 GC heap before
{Heap before GC invocations=3 (full 0):
 PSYoungGen      total 70656K, used 70648K [0x00000000eab00000, 0x00000000ef500000, 0x0000000100000000)
  eden space 65536K, 100% used [0x00000000eab00000,0x00000000eeb00000,0x00000000eeb00000)
  from space 5120K, 99% used [0x00000000ef000000,0x00000000ef4fe2f0,0x00000000ef500000)
  to   space 5120K, 0% used [0x00000000eeb00000,0x00000000eeb00000,0x00000000ef000000)
 ParOldGen       total 86016K, used 5300K [0x00000000c0000000, 0x00000000c5400000, 0x00000000eab00000)
  object space 86016K, 6% used [0x00000000c0000000,0x00000000c052d218,0x00000000c5400000)
 Metaspace       used 6281K, capacity 7128K, committed 7424K, reserved 1056768K
  class space    used 623K, capacity 656K, committed 768K, reserved 1048576K
Event: 9.404 GC heap after
Heap after GC invocations=3 (full 0):
 PSYoungGen      total 70656K, used 5096K [0x00000000eab00000, 0x00000000f3500000, 0x0000000100000000)
  eden space 65536K, 0% used [0x00000000eab00000,0x00000000eab00000,0x00000000eeb00000)
  from space 5120K, 99% used [0x00000000eeb00000,0x00000000eeffa3c8,0x00000000ef000000)
  to   space 5120K, 0% used [0x00000000f3000000,0x00000000f3000000,0x00000000f3500000)
 ParOldGen       total 86016K, used 14262K [0x00000000c0000000, 0x00000000c5400000, 0x00000000eab00000)
  object space 86016K, 16% used [0x00000000c0000000,0x00000000c0ded940,0x00000000c5400000)
 Metaspace       used 6281K, capacity 7128K, committed 7424K, reserved 1056768K
  class space    used 623K, capacity 656K, committed 768K, reserved 1048576K
}
Event: 12.634 GC heap before
{Heap before GC invocations=4 (full 0):
 PSYoungGen      total 70656K, used 70632K [0x00000000eab00000, 0x00000000f3500000, 0x0000000100000000)
  eden space 65536K, 100% used [0x00000000eab00000,0x00000000eeb00000,0x00000000eeb00000)
  from space 5120K, 99% used [0x00000000eeb00000,0x00000000eeffa3c8,0x00000000ef000000)
  to   space 5120K, 0% used [0x00000000f3000000,0x00000000f3000000,0x00000000f3500000)
 ParOldGen       total 86016K, used 14262K [0x00000000c0000000, 0x00000000c5400000, 0x00000000eab00000)
  object space 86016K, 16% used [0x00000000c0000000,0x00000000c0ded940,0x00000000c5400000)
 Metaspace       used 6318K, capacity 7192K, committed 7424K, reserved 1056768K
  class space    used 624K, capacity 656K, committed 768K, reserved 1048576K
Event: 12.685 GC heap after
Heap after GC invocations=4 (full 0):
 PSYoungGen      total 136192K, used 5115K [0x00000000eab00000, 0x00000000f3500000, 0x0000000100000000)
  eden space 131072K, 0% used [0x00000000eab00000,0x00000000eab00000,0x00000000f2b00000)
  from space 5120K, 99% used [0x00000000f3000000,0x00000000f34feff8,0x00000000f3500000)
  to   space 5120K, 0% used [0x00000000f2b00000,0x00000000f2b00000,0x00000000f3000000)
 ParOldGen       total 86016K, used 23572K [0x00000000c0000000, 0x00000000c5400000, 0x00000000eab00000)
  object space 86016K, 27% used [0x00000000c0000000,0x00000000c1705200,0x00000000c5400000)
 Metaspace       used 6318K, capacity 7192K, committed 7424K, reserved 1056768K
  class space    used 624K, capacity 656K, committed 768K, reserved 1048576K
}

Deoptimization events (10 events):
Event: 11.863 Thread 0x0000000057181000 Uncommon trap: reason=bimorphic action=maybe_recompile pc=0x0000000002e7a2f0 method=com.android.dx.cf.code.BytecodeArray.parseInstruction(ILcom/android/dx/cf/code/BytecodeArray$Visitor;)I @ 2484
Event: 11.864 Thread 0x0000000057181000 Uncommon trap: reason=bimorphic action=maybe_recompile pc=0x0000000002e7a2f0 method=com.android.dx.cf.code.BytecodeArray.parseInstruction(ILcom/android/dx/cf/code/BytecodeArray$Visitor;)I @ 2484
Event: 11.864 Thread 0x0000000057181000 Uncommon trap: reason=bimorphic action=maybe_recompile pc=0x0000000002e7a2f0 method=com.android.dx.cf.code.BytecodeArray.parseInstruction(ILcom/android/dx/cf/code/BytecodeArray$Visitor;)I @ 2484
Event: 12.233 Thread 0x0000000057285000 Uncommon trap: reason=unstable_if action=reinterpret pc=0x0000000002d73bd4 method=com.android.dx.ssa.LocalVariableExtractor.processBlock(I)V @ 251
Event: 12.564 Thread 0x0000000057181000 Uncommon trap: reason=unstable_if action=reinterpret pc=0x0000000002e6086c method=com.android.dx.rop.code.LocalVariableInfo.mergeStarts(ILcom/android/dx/rop/code/RegisterSpecSet;)Z @ 31
Event: 12.591 Thread 0x0000000057181000 Uncommon trap: reason=unstable_if action=reinterpret pc=0x0000000002ee72f8 method=com.android.dx.cf.code.BaseMachine.popArgs(Lcom/android/dx/cf/code/Frame;I)V @ 15
Event: 12.594 Thread 0x0000000057181000 Uncommon trap: reason=class_check action=maybe_recompile pc=0x0000000002efb6ec method=com.android.dx.ssa.back.FirstFitLocalCombiningAllocator.findNextUnreservedRopReg(IILcom/android/dx/ssa/back/FirstFitLocalCombiningAllocator$Alignment;)I @ 60
Event: 12.599 Thread 0x0000000057181000 Uncommon trap: reason=class_check action=maybe_recompile pc=0x0000000002efb6ec method=com.android.dx.ssa.back.FirstFitLocalCombiningAllocator.findNextUnreservedRopReg(IILcom/android/dx/ssa/back/FirstFitLocalCombiningAllocator$Alignment;)I @ 60
Event: 12.607 Thread 0x0000000057181000 Uncommon trap: reason=class_check action=maybe_recompile pc=0x0000000002efb6ec method=com.android.dx.ssa.back.FirstFitLocalCombiningAllocator.findNextUnreservedRopReg(IILcom/android/dx/ssa/back/FirstFitLocalCombiningAllocator$Alignment;)I @ 60
Event: 12.609 Thread 0x0000000057181000 Uncommon trap: reason=class_check action=maybe_recompile pc=0x0000000002efb6ec method=com.android.dx.ssa.back.FirstFitLocalCombiningAllocator.findNextUnreservedRopReg(IILcom/android/dx/ssa/back/FirstFitLocalCombiningAllocator$Alignment;)I @ 60

Internal exceptions (6 events):
Event: 0.564 Thread 0x00000000022ae800 Exception <a 'java/lang/NoSuchMethodError': Method sun.misc.Unsafe.defineClass(Ljava/lang/String;[BII)Ljava/lang/Class; name or signature does not match> (0x00000000eab13070) thrown at [C:\workspace\8-2-build-windows-amd64-cygwin\jdk8u65\4987\hotspot\src\s{‡öÅ³â?
Event: 0.564 Thread 0x00000000022ae800 Exception <a 'java/lang/NoSuchMethodError': Method sun.misc.Unsafe.prefetchRead(Ljava/lang/Object;J)V name or signature does not match> (0x00000000eab13358) thrown at [C:\workspace\8-2-build-windows-amd64-cygwin\jdk8u65\4987\hotspot\src\share\vm\prims\jni.MéÔ´V@
Event: 2.542 Thread 0x00000000022ae800 Implicit null exception at 0x0000000002a8017b to 0x0000000002a82325
Event: 4.638 Thread 0x00000000022ae800 Exception <a 'java/lang/ArrayIndexOutOfBoundsException': 18> (0x00000000ebef0770) thrown at [C:\workspace\8-2-build-windows-amd64-cygwin\jdk8u65\4987\hotspot\src\share\vm\interpreter\interpreterRuntime.cpp, line 366]
Event: 4.638 Thread 0x00000000022ae800 Exception <a 'java/lang/ArrayIndexOutOfBoundsException'> (0x00000000ebef22f0) thrown at [C:\workspace\8-2-build-windows-amd64-cygwin\jdk8u65\4987\hotspot\src\share\vm\runtime\sharedRuntime.cpp, line 605]
Event: 4.639 Thread 0x00000000022ae800 Exception <a 'java/lang/ArrayIndexOutOfBoundsException'> (0x00000000ebef35d8) thrown at [C:\workspace\8-2-build-windows-amd64-cygwin\jdk8u65\4987\hotspot\src\share\vm\runtime\sharedRuntime.cpp, line 605]

Events (10 events):
Event: 12.631 Executing VM operation: ParallelGCFailedAllocation
Event: 12.685 Executing VM operation: ParallelGCFailedAllocation done
Event: 12.688 Thread 0x0000000057181000 DEOPT PACKING pc=0x0000000002c54f47 sp=0x00000000578bed20
Event: 12.688 Thread 0x0000000057181000 DEOPT UNPACKING pc=0x000000000282787f sp=0x00000000578beb08 mode 0
Event: 12.719 Thread 0x0000000057181000 DEOPT PACKING pc=0x0000000002db0e04 sp=0x00000000578bec80
Event: 12.719 Thread 0x0000000057181000 DEOPT UNPACKING pc=0x000000000282787f sp=0x00000000578bea40 mode 0
Event: 12.720 Thread 0x0000000057118000 DEOPT PACKING pc=0x0000000002b2730b sp=0x0000000057ffeb90
Event: 12.720 Thread 0x0000000057118000 DEOPT UNPACKING pc=0x000000000282787f sp=0x0000000057ffe8b0 mode 0
Event: 12.736 Thread 0x0000000057286000 DEOPT PACKING pc=0x0000000002c77911 sp=0x000000005838e660
Event: 12.736 Thread 0x0000000057286000 DEOPT UNPACKING pc=0x000000000282787f sp=0x000000005838e420 mode 0


Dynamic libraries:
0x000000013fae0000 - 0x000000013fb17000 	C:\Program Files\Java\jdk1.8.0_65\bin\java.exe
0x0000000076f10000 - 0x00000000770b9000 	C:\Windows\SYSTEM32\ntdll.dll
0x0000000076df0000 - 0x0000000076f0f000 	C:\Windows\system32\kernel32.dll
0x000007fefd010000 - 0x000007fefd07c000 	C:\Windows\system32\KERNELBASE.dll
0x000007fefd870000 - 0x000007fefd94b000 	C:\Windows\system32\ADVAPI32.dll
0x000007fefd270000 - 0x000007fefd30f000 	C:\Windows\system32\msvcrt.dll
0x000007feff130000 - 0x000007feff14f000 	C:\Windows\SYSTEM32\sechost.dll
0x000007fefef60000 - 0x000007feff08d000 	C:\Windows\system32\RPCRT4.dll
0x0000000076cf0000 - 0x0000000076dea000 	C:\Windows\system32\USER32.dll
0x000007fefd5e0000 - 0x000007fefd647000 	C:\Windows\system32\GDI32.dll
0x000007fefd760000 - 0x000007fefd76e000 	C:\Windows\system32\LPK.dll
0x000007feff150000 - 0x000007feff219000 	C:\Windows\system32\USP10.dll
0x000007fefbcf0000 - 0x000007fefbee4000 	C:\Windows\WinSxS\amd64_microsoft.windows.common-controls_6595b64144ccf1df_6.0.7601.18837_none_fa3b1e3d17594757\COMCTL32.dll
0x000007fefd950000 - 0x000007fefd9c1000 	C:\Windows\system32\SHLWAPI.dll
0x000007fefd650000 - 0x000007fefd67e000 	C:\Windows\system32\IMM32.DLL
0x000007fefd160000 - 0x000007fefd269000 	C:\Windows\system32\MSCTF.dll
0x00000000578d0000 - 0x00000000579a2000 	C:\Program Files\Java\jdk1.8.0_65\jre\bin\msvcr100.dll
0x0000000054b90000 - 0x0000000055419000 	C:\Program Files\Java\jdk1.8.0_65\jre\bin\server\jvm.dll
0x000007fef2830000 - 0x000007fef2839000 	C:\Windows\system32\WSOCK32.dll
0x000007fefd080000 - 0x000007fefd0cd000 	C:\Windows\system32\WS2_32.dll
0x000007fefd150000 - 0x000007fefd158000 	C:\Windows\system32\NSI.dll
0x000007fefa360000 - 0x000007fefa39b000 	C:\Windows\system32\WINMM.dll
0x000007fefbb00000 - 0x000007fefbb0c000 	C:\Windows\system32\VERSION.dll
0x00000000770d0000 - 0x00000000770d7000 	C:\Windows\system32\PSAPI.DLL
0x0000000057c60000 - 0x0000000057c6f000 	C:\Program Files\Java\jdk1.8.0_65\jre\bin\verify.dll
0x0000000057c00000 - 0x0000000057c29000 	C:\Program Files\Java\jdk1.8.0_65\jre\bin\java.dll
0x0000000057be0000 - 0x0000000057bf6000 	C:\Program Files\Java\jdk1.8.0_65\jre\bin\zip.dll
0x000007fefdfc0000 - 0x000007fefed49000 	C:\Windows\system32\SHELL32.dll
0x000007fefed50000 - 0x000007fefef53000 	C:\Windows\system32\ole32.dll
0x000007fefccd0000 - 0x000007fefccdf000 	C:\Windows\system32\profapi.dll

VM Arguments:
jvm_args: -Djava.awt.headless=true -Xmx1024M -Dfile.encoding=windows-1251 -Duser.country=RU -Duser.language=ru -Duser.variant 
java_command: com.android.dx.command.Main --dex --force-jumbo --num-threads=4 --multi-dex --output C:\Users\1\Downloads\MaterialHW\app\build\intermediates\transforms\dex\debug\folders\1000\10\com.android.support-recyclerview-v7-23.2.0_4eff459eb7bcdda8e2f6c8543071fcefef2c9628 C:\Users\1\Downloads\MaterialHW\app\build\intermediates\exploded-aar\com.android.support\recyclerview-v7\23.2.0\jars\classes.jar
java_class_path (initial): C:\Users\1\AppData\Local\Android\sdk\build-tools\23.0.3\lib\dx.jar
Launcher Type: SUN_STANDARD

Environment Variables:
PATH=C:\ProgramData\Oracle\Java\javapath;C:\Program Files (x86)\Intel\iCLS Client\;C:\Program Files\Intel\iCLS Client\;C:\Windows\system32;C:\Windows;C:\Windows\System32\Wbem;C:\Windows\System32\WindowsPowerShell\v1.0\;C:\Program Files\Intel\Intel(R) Management Engine Components\DAL;C:\Program Files\Intel\Intel(R) Management Engine Components\IPT;C:\Program Files (x86)\Intel\Intel(R) Management Engine Components\DAL;C:\Program Files (x86)\Intel\Intel(R) Management Engine Components\IPT;C:\Program Files (x86)\Skype\Phone\;C:\Users\1\AppData\Local\Android\sdk\tools;C:\Users\1\AppData\Local\Programs\Python\Python35;C:\Program Files\Lenovo\Bluetooth Software\;C:\Program Files\Lenovo\Bluetooth Software\syswow64;c:\tmp\gradle-2.11\bin\;C:\Program Files\nodejs\;C:\Program Files (x86)\Intel\OpenCL SDK\2.0\bin\x86;C:\Program Files (x86)\Intel\OpenCL SDK\2.0\bin\x64;C:\Program Files (x86)\Microsoft SQL Server\Client SDK\ODBC\110\Tools\Binn\;C:\Program Files (x86)\Microsoft SQL Server\130\Tools\Binn\;C:\Program Files (x86)\Microsoft SQL Server\130\DTS\Binn\;C:\Program Files (x86)\Microsoft SQL Server\130\Tools\Binn\ManagementStudio\;C:\Program Files\Process Lasso;C:\Program Files (x86)\Windows Kits\8.1\Windows Performance Toolkit\;C:\Users\1\AppData\Local\Programs\Python\Python35\Scripts\;C:\Users\1\AppData\Local\Programs\Python\Python35\;C:\Users\1\AppData\Roaming\npm;C:\tmp\mp3inf;C:\tmp\mp3inf\usr\local\wbin
USERNAME=1
OS=Windows_NT
PROCESSOR_IDENTIFIER=Intel64 Family 6 Model 58 Stepping 9, GenuineIntel



---------------  S Y S T E M  ---------------

OS: Windows 7 , 64 bit Build 7601 (6.1.7601.18933)

CPU:total 4 (2 cores per cpu, 2 threads per core) family 6 model 58 stepping 9, cmov, cx8, fxsr, mmx, sse, sse2, sse3, ssse3, sse4.1, sse4.2, popcnt, avx, aes, clmul, erms, ht, tsc, tscinvbit, tscinv

Memory: 4k page, physical 8254312k(1073680k free), swap 8252472k(5228k free)

vm_info: Java HotSpot(TM) 64-Bit Server VM (25.65-b01) for windows-amd64 JRE (1.8.0_65-b17), built on Oct  6 2015 16:39:20 by "java_re" with MS VC++ 10.0 (VS2010)

time: Sat Jul 30 13:17:06 2016
elapsed time: 12 seconds (0d 0h 0m 12s)

