#
# There is insufficient memory for the Java Runtime Environment to continue.
# Native memory allocation (malloc) failed to allocate 360784 bytes for Chunk::new
# Possible reasons:
#   The system is out of physical RAM or swap space
#   In 32 bit mode, the process size limit was hit
# Possible solutions:
#   Reduce memory load on the system
#   Increase physical memory or swap space
#   Check if swap backing store is full
#   Use 64 bit Java on a 64 bit OS
#   Decrease Java heap size (-Xmx/-Xms)
#   Decrease number of Java threads
#   Decrease Java thread stack sizes (-Xss)
#   Set larger code cache with -XX:ReservedCodeCacheSize=
# This output file may be truncated or incomplete.
#
#  Out of Memory Error (allocation.cpp:390), pid=7564, tid=8632
#
# JRE version: Java(TM) SE Runtime Environment (8.0_65-b17) (build 1.8.0_65-b17)
# Java VM: Java HotSpot(TM) 64-Bit Server VM (25.65-b01 mixed mode windows-amd64 compressed oops)
# Failed to write core dump. Minidumps are not enabled by default on client versions of Windows
#

---------------  T H R E A D  ---------------

Current thread (0x000000005504f000):  JavaThread "C2 CompilerThread1" daemon [_thread_in_native, id=8632, stack(0x0000000056040000,0x0000000056140000)]

Stack: [0x0000000056040000,0x0000000056140000]
[error occurred during error reporting (printing stack bounds), id 0xc0000005]

Native frames: (J=compiled Java code, j=interpreted, Vv=VM code, C=native code)


Current CompileTask:
C2:    745  678       4       com.android.dx.ssa.SsaBasicBlock::forEachInsn (37 bytes)


---------------  P R O C E S S  ---------------

Java Threads: ( => current thread )
  0x0000000056e1f000 JavaThread "pool-2-thread-4" [_thread_blocked, id=8200, stack(0x00000000581d0000,0x00000000582d0000)]
  0x0000000056d37800 JavaThread "pool-2-thread-3" [_thread_blocked, id=6240, stack(0x0000000057ab0000,0x0000000057bb0000)]
  0x0000000056ce5000 JavaThread "pool-2-thread-2" [_thread_blocked, id=2244, stack(0x0000000058060000,0x0000000058160000)]
  0x0000000056c93000 JavaThread "pool-3-thread-1" [_thread_blocked, id=7768, stack(0x0000000057e00000,0x0000000057f00000)]
  0x0000000056c8b000 JavaThread "pool-2-thread-1" [_thread_in_native, id=2212, stack(0x00000000565a0000,0x00000000566a0000)]
  0x0000000056bbc000 JavaThread "Service Thread" daemon [_thread_blocked, id=8984, stack(0x00000000579b0000,0x0000000057ab0000)]
  0x0000000056b30800 JavaThread "C1 CompilerThread2" daemon [_thread_in_native, id=6380, stack(0x0000000057820000,0x0000000057920000)]
=>0x000000005504f000 JavaThread "C2 CompilerThread1" daemon [_thread_in_native, id=8632, stack(0x0000000056040000,0x0000000056140000)]
  0x0000000055049800 JavaThread "C2 CompilerThread0" daemon [_thread_in_native, id=1992, stack(0x0000000056a30000,0x0000000056b30000)]
  0x0000000055040800 JavaThread "Attach Listener" daemon [_thread_blocked, id=5632, stack(0x0000000056840000,0x0000000056940000)]
  0x000000005503f800 JavaThread "Signal Dispatcher" daemon [_thread_blocked, id=5460, stack(0x00000000566d0000,0x00000000567d0000)]
  0x0000000054fe1800 JavaThread "Finalizer" daemon [_thread_blocked, id=4604, stack(0x0000000056460000,0x0000000056560000)]
  0x0000000054fe0000 JavaThread "Reference Handler" daemon [_thread_blocked, id=7732, stack(0x0000000056320000,0x0000000056420000)]
  0x000000000225e800 JavaThread "main" [_thread_blocked, id=5900, stack(0x0000000002450000,0x0000000002550000)]

Other Threads:
  0x0000000054fda800 VMThread [stack: 0x0000000056140000,0x0000000056240000] [id=8000]
  0x0000000056bc3800 WatcherThread [stack: 0x0000000057c20000,0x0000000057d20000] [id=7332]

VM state:not at safepoint (normal execution)

VM Mutex/Monitor currently owned by a thread: None

Heap:
 PSYoungGen      total 37888K, used 15111K [0x00000000eab00000, 0x00000000ed500000, 0x0000000100000000)
  eden space 32768K, 46% used [0x00000000eab00000,0x00000000eb9c1ee8,0x00000000ecb00000)
  from space 5120K, 0% used [0x00000000ed000000,0x00000000ed000000,0x00000000ed500000)
  to   space 5120K, 0% used [0x00000000ecb00000,0x00000000ecb00000,0x00000000ed000000)
 ParOldGen       total 86016K, used 0K [0x00000000c0000000, 0x00000000c5400000, 0x00000000eab00000)
  object space 86016K, 0% used [0x00000000c0000000,0x00000000c0000000,0x00000000c5400000)
 Metaspace       used 5638K, capacity 6640K, committed 6784K, reserved 1056768K
  class space    used 591K, capacity 616K, committed 640K, reserved 1048576K

Card table byte_map: [0x0000000011be0000,0x0000000011df0000] byte_map_base: 0x00000000115e0000

Marking Bits: (ParMarkBitMap*) 0x000000005775a5b0
 Begin Bits: [0x0000000012450000, 0x0000000013450000)
 End Bits:   [0x0000000013450000, 0x0000000014450000)

Polling page: 0x0000000000430000

CodeCache: size=245760Kb used=2842Kb max_used=2845Kb free=242917Kb
 bounds [0x0000000002820000, 0x0000000002af0000, 0x0000000011820000]
 total_blobs=976 nmethods=707 adapters=182
 compilation: enabled

Compilation events (10 events):
Event: 0.734 Thread 0x0000000056b30800 nmethod 710 0x0000000002ad1d90 code [0x0000000002ad1f20, 0x0000000002ad2278]
Event: 0.734 Thread 0x0000000056b30800  707       3       com.android.dx.dex.code.RopToDop::dopFor (792 bytes)
Event: 0.737 Thread 0x0000000056b30800 nmethod 707 0x0000000002ad2450 code [0x0000000002ad28c0, 0x0000000002ad5d48]
Event: 0.737 Thread 0x0000000056b30800  720       3       com.android.dx.ssa.SsaMethod::indexListFromLabelList (47 bytes)
Event: 0.738 Thread 0x0000000056b30800 nmethod 720 0x0000000002ad6f50 code [0x0000000002ad7100, 0x0000000002ad7898]
Event: 0.738 Thread 0x0000000056b30800  715       3       com.android.dx.cf.code.RopperMachine::getSources (264 bytes)
Event: 0.741 Thread 0x0000000056b30800 nmethod 715 0x0000000002ad7b10 code [0x0000000002ad8120, 0x0000000002adc958]
Event: 0.741 Thread 0x0000000056b30800  724       3       com.android.dx.ssa.SsaBasicBlock::newFromRop (183 bytes)
Event: 0.743 Thread 0x0000000056b30800 nmethod 724 0x0000000002adff50 code [0x0000000002ae0220, 0x0000000002ae1dd8]
Event: 0.743 Thread 0x0000000056b30800  726       3       com.android.dx.ssa.SsaRenamer$BlockRenamer::process (191 bytes)

GC Heap History (0 events):
No events

Deoptimization events (0 events):
No events

Internal exceptions (2 events):
Event: 0.050 Thread 0x000000000225e800 Exception <a 'java/lang/NoSuchMethodError': Method sun.misc.Unsafe.defineClass(Ljava/lang/String;[BII)Ljava/lang/Class; name or signature does not match> (0x00000000eab13070) thrown at [C:\workspace\8-2-build-windows-amd64-cygwin\jdk8u65\4987\hotspot\src\s2=Å∫›©?
Event: 0.051 Thread 0x000000000225e800 Exception <a 'java/lang/NoSuchMethodError': Method sun.misc.Unsafe.prefetchRead(Ljava/lang/Object;J)V name or signature does not match> (0x00000000eab13358) thrown at [C:\workspace\8-2-build-windows-amd64-cygwin\jdk8u65\4987\hotspot\src\share\vm\prims\jni.

Events (10 events):
Event: 0.653 loading class com/android/dx/cf/code/SwitchList
Event: 0.653 loading class com/android/dx/cf/code/SwitchList done
Event: 0.669 loading class com/android/dx/ssa/back/FirstFitLocalCombiningAllocator$Multiset
Event: 0.669 loading class com/android/dx/ssa/back/FirstFitLocalCombiningAllocator$Multiset done
Event: 0.704 loading class java/util/ArrayList$1
Event: 0.704 loading class java/util/ArrayList$1 done
Event: 0.735 loading class com/android/dx/rop/cst/CstArray$List
Event: 0.735 loading class com/android/dx/rop/cst/CstArray$List done
Event: 0.736 Executing VM operation: ForceSafepoint
Event: 0.736 Executing VM operation: ForceSafepoint done


Dynamic libraries:
0x000000013f640000 - 0x000000013f677000 	C:\Program Files\Java\jdk1.8.0_65\bin\java.exe
0x0000000076e80000 - 0x0000000077029000 	C:\Windows\SYSTEM32\ntdll.dll
0x0000000076d60000 - 0x0000000076e7f000 	C:\Windows\system32\kernel32.dll
0x000007fefcf40000 - 0x000007fefcfac000 	C:\Windows\system32\KERNELBASE.dll
0x000007fefcff0000 - 0x000007fefd0cb000 	C:\Windows\system32\ADVAPI32.dll
0x000007fefd3b0000 - 0x000007fefd44f000 	C:\Windows\system32\msvcrt.dll
0x000007fefec60000 - 0x000007fefec7f000 	C:\Windows\SYSTEM32\sechost.dll
0x000007fefeb30000 - 0x000007fefec5d000 	C:\Windows\system32\RPCRT4.dll
0x0000000076c60000 - 0x0000000076d5a000 	C:\Windows\system32\USER32.dll
0x000007fefe690000 - 0x000007fefe6f7000 	C:\Windows\system32\GDI32.dll
0x000007fefe1f0000 - 0x000007fefe1fe000 	C:\Windows\system32\LPK.dll
0x000007fefee10000 - 0x000007fefeed9000 	C:\Windows\system32\USP10.dll
0x000007fefbb60000 - 0x000007fefbd54000 	C:\Windows\WinSxS\amd64_microsoft.windows.common-controls_6595b64144ccf1df_6.0.7601.18837_none_fa3b1e3d17594757\COMCTL32.dll
0x000007fefec80000 - 0x000007fefecf1000 	C:\Windows\system32\SHLWAPI.dll
0x000007fefd170000 - 0x000007fefd19e000 	C:\Windows\system32\IMM32.DLL
0x000007fefed00000 - 0x000007fefee09000 	C:\Windows\system32\MSCTF.dll
0x0000000060fb0000 - 0x0000000061082000 	C:\Program Files\Java\jdk1.8.0_65\jre\bin\msvcr100.dll
0x0000000056f50000 - 0x00000000577d9000 	C:\Program Files\Java\jdk1.8.0_65\jre\bin\server\jvm.dll
0x000007fef2fa0000 - 0x000007fef2fa9000 	C:\Windows\system32\WSOCK32.dll
0x000007fefe200000 - 0x000007fefe24d000 	C:\Windows\system32\WS2_32.dll
0x000007fefd450000 - 0x000007fefd458000 	C:\Windows\system32\NSI.dll
0x000007fefa200000 - 0x000007fefa23b000 	C:\Windows\system32\WINMM.dll
0x000007fefba70000 - 0x000007fefba7c000 	C:\Windows\system32\VERSION.dll
0x0000000077050000 - 0x0000000077057000 	C:\Windows\system32\PSAPI.DLL
0x00000000606b0000 - 0x00000000606bf000 	C:\Program Files\Java\jdk1.8.0_65\jre\bin\verify.dll
0x000000005a520000 - 0x000000005a549000 	C:\Program Files\Java\jdk1.8.0_65\jre\bin\java.dll
0x000000005a660000 - 0x000000005a676000 	C:\Program Files\Java\jdk1.8.0_65\jre\bin\zip.dll
0x000007fefd460000 - 0x000007fefe1e9000 	C:\Windows\system32\SHELL32.dll
0x000007fefef80000 - 0x000007feff183000 	C:\Windows\system32\ole32.dll
0x000007fefcc30000 - 0x000007fefcc3f000 	C:\Windows\system32\profapi.dll

VM Arguments:
jvm_args: -Djava.awt.headless=true -Xmx1024M -Dfile.encoding=windows-1251 -Duser.country=RU -Duser.language=ru -Duser.variant 
java_command: com.android.dx.command.Main --dex --force-jumbo --num-threads=4 --multi-dex --output C:\Users\1\Downloads\MaterialHW\app\build\intermediates\transforms\dex\debug\folders\1000\10\com.android.support-cardview-v7-23.2.0_c4c5d00157b51762d48e5e9d5bacc3ff14701e35 C:\Users\1\Downloads\MaterialHW\app\build\intermediates\exploded-aar\com.android.support\cardview-v7\23.2.0\jars\classes.jar
java_class_path (initial): C:\Users\1\AppData\Local\Android\sdk\build-tools\23.0.3\lib\dx.jar
Launcher Type: SUN_STANDARD

Environment Variables:
PATH=C:\ProgramData\Oracle\Java\javapath;C:\Program Files (x86)\Intel\iCLS Client\;C:\Program Files\Intel\iCLS Client\;C:\Windows\system32;C:\Windows;C:\Windows\System32\Wbem;C:\Windows\System32\WindowsPowerShell\v1.0\;C:\Program Files\Intel\Intel(R) Management Engine Components\DAL;C:\Program Files\Intel\Intel(R) Management Engine Components\IPT;C:\Program Files (x86)\Intel\Intel(R) Management Engine Components\DAL;C:\Program Files (x86)\Intel\Intel(R) Management Engine Components\IPT;C:\Program Files (x86)\Skype\Phone\;C:\Users\1\AppData\Local\Android\sdk\tools;C:\Users\1\AppData\Local\Programs\Python\Python35;C:\Program Files\Lenovo\Bluetooth Software\;C:\Program Files\Lenovo\Bluetooth Software\syswow64;c:\tmp\gradle-2.11\bin\;C:\Program Files\nodejs\;C:\Program Files (x86)\Intel\OpenCL SDK\2.0\bin\x86;C:\Program Files (x86)\Intel\OpenCL SDK\2.0\bin\x64;C:\Program Files (x86)\Microsoft SQL Server\Client SDK\ODBC\110\Tools\Binn\;C:\Program Files (x86)\Microsoft SQL Server\130\Tools\Binn\;C:\Program Files (x86)\Microsoft SQL Server\130\DTS\Binn\;C:\Program Files (x86)\Microsoft SQL Server\130\Tools\Binn\ManagementStudio\;C:\Program Files\Process Lasso;C:\Program Files (x86)\Windows Kits\8.1\Windows Performance Toolkit\;C:\Users\1\AppData\Local\Programs\Python\Python35\Scripts\;C:\Users\1\AppData\Local\Programs\Python\Python35\;C:\Users\1\AppData\Roaming\npm;C:\tmp\mp3inf;C:\tmp\mp3inf\usr\local\wbin
USERNAME=1
OS=Windows_NT
PROCESSOR_IDENTIFIER=Intel64 Family 6 Model 58 Stepping 9, GenuineIntel



---------------  S Y S T E M  ---------------

OS: Windows 7 , 64 bit Build 7601 (6.1.7601.18933)

CPU:total 4 (2 cores per cpu, 2 threads per core) family 6 model 58 stepping 9, cmov, cx8, fxsr, mmx, sse, sse2, sse3, ssse3, sse4.1, sse4.2, popcnt, avx, aes, clmul, erms, ht, tsc, tscinvbit, tscinv

Memory: 4k page, physical 8254312k(1273792k free), swap 8252472k(5320k free)

vm_info: Java HotSpot(TM) 64-Bit Server VM (25.65-b01) for windows-amd64 JRE (1.8.0_65-b17), built on Oct  6 2015 16:39:20 by "java_re" with MS VC++ 10.0 (VS2010)

time: Mon Jul 25 11:32:45 2016
elapsed time: 0 seconds (0d 0h 0m 0s)

