#
# There is insufficient memory for the Java Runtime Environment to continue.
# Native memory allocation (malloc) failed to allocate 1836976 bytes for Chunk::new
# Possible reasons:
#   The system is out of physical RAM or swap space
#   In 32 bit mode, the process size limit was hit
# Possible solutions:
#   Reduce memory load on the system
#   Increase physical memory or swap space
#   Check if swap backing store is full
#   Use 64 bit Java on a 64 bit OS
#   Decrease Java heap size (-Xmx/-Xms)
#   Decrease number of Java threads
#   Decrease Java thread stack sizes (-Xss)
#   Set larger code cache with -XX:ReservedCodeCacheSize=
# This output file may be truncated or incomplete.
#
#  Out of Memory Error (allocation.cpp:390), pid=10088, tid=10188
#
# JRE version: Java(TM) SE Runtime Environment (8.0_65-b17) (build 1.8.0_65-b17)
# Java VM: Java HotSpot(TM) 64-Bit Server VM (25.65-b01 mixed mode windows-amd64 compressed oops)
# Failed to write core dump. Minidumps are not enabled by default on client versions of Windows
#

---------------  T H R E A D  ---------------

Current thread (0x0000000054b8b800):  JavaThread "C2 CompilerThread0" daemon [_thread_in_native, id=10188, stack(0x0000000057260000,0x0000000057360000)]

Stack: [0x0000000057260000,0x0000000057360000]
[error occurred during error reporting (printing stack bounds), id 0xc0000005]

Native frames: (J=compiled Java code, j=interpreted, Vv=VM code, C=native code)


Current CompileTask:
C2:   5291 1425   !   4       com.android.dx.cf.cst.ConstantPoolParser::parse0 (731 bytes)


---------------  P R O C E S S  ---------------

Java Threads: ( => current thread )
  0x0000000057e31800 JavaThread "pool-2-thread-4" [_thread_blocked, id=10108, stack(0x0000000058e00000,0x0000000058f00000)]
  0x0000000057870000 JavaThread "pool-2-thread-3" [_thread_blocked, id=1060, stack(0x0000000058b90000,0x0000000058c90000)]
  0x000000005786f800 JavaThread "pool-2-thread-2" [_thread_blocked, id=7924, stack(0x0000000058a50000,0x0000000058b50000)]
  0x000000005786e800 JavaThread "pool-3-thread-1" [_thread_blocked, id=8868, stack(0x0000000058820000,0x0000000058920000)]
  0x00000000577f6000 JavaThread "pool-2-thread-1" [_thread_blocked, id=7080, stack(0x0000000058720000,0x0000000058820000)]
  0x0000000057489800 JavaThread "Service Thread" daemon [_thread_blocked, id=9728, stack(0x0000000056e00000,0x0000000056f00000)]
  0x0000000054b8f000 JavaThread "C1 CompilerThread2" daemon [_thread_blocked, id=6148, stack(0x0000000057a80000,0x0000000057b80000)]
  0x0000000054b8e000 JavaThread "C2 CompilerThread1" daemon [_thread_blocked, id=5356, stack(0x0000000057380000,0x0000000057480000)]
=>0x0000000054b8b800 JavaThread "C2 CompilerThread0" daemon [_thread_in_native, id=10188, stack(0x0000000057260000,0x0000000057360000)]
  0x0000000054b85800 JavaThread "Attach Listener" daemon [_thread_blocked, id=6360, stack(0x00000000570f0000,0x00000000571f0000)]
  0x0000000054b84000 JavaThread "Signal Dispatcher" daemon [_thread_blocked, id=1188, stack(0x0000000056f80000,0x0000000057080000)]
  0x0000000054b21800 JavaThread "Finalizer" daemon [_thread_blocked, id=4052, stack(0x0000000056cf0000,0x0000000056df0000)]
  0x0000000054b20800 JavaThread "Reference Handler" daemon [_thread_blocked, id=5244, stack(0x0000000056be0000,0x0000000056ce0000)]
  0x00000000021de800 JavaThread "main" [_thread_blocked, id=9080, stack(0x0000000002630000,0x0000000002730000)]

Other Threads:
  0x0000000054b1b000 VMThread [stack: 0x0000000056aa0000,0x0000000056ba0000] [id=6892]
  0x00000000574fa000 WatcherThread [stack: 0x0000000057d30000,0x0000000057e30000] [id=3856]

VM state:not at safepoint (normal execution)

VM Mutex/Monitor currently owned by a thread: None

Heap:
 PSYoungGen      total 37888K, used 28476K [0x00000000eab00000, 0x00000000ed500000, 0x0000000100000000)
  eden space 32768K, 71% used [0x00000000eab00000,0x00000000ec1d0788,0x00000000ecb00000)
  from space 5120K, 99% used [0x00000000ecb00000,0x00000000ecffe980,0x00000000ed000000)
  to   space 5120K, 0% used [0x00000000ed000000,0x00000000ed000000,0x00000000ed500000)
 ParOldGen       total 86016K, used 1124K [0x00000000c0000000, 0x00000000c5400000, 0x00000000eab00000)
  object space 86016K, 1% used [0x00000000c0000000,0x00000000c0119258,0x00000000c5400000)
 Metaspace       used 6095K, capacity 7024K, committed 7296K, reserved 1056768K
  class space    used 593K, capacity 616K, committed 640K, reserved 1048576K

Card table byte_map: [0x0000000011dc0000,0x0000000011fd0000] byte_map_base: 0x00000000117c0000

Marking Bits: (ParMarkBitMap*) 0x000000005539a5b0
 Begin Bits: [0x0000000012790000, 0x0000000013790000)
 End Bits:   [0x0000000013790000, 0x0000000014790000)

Polling page: 0x0000000000130000

CodeCache: size=245760Kb used=5472Kb max_used=5489Kb free=240287Kb
 bounds [0x0000000002a00000, 0x0000000002f70000, 0x0000000011a00000]
 total_blobs=1690 nmethods=1421 adapters=182
 compilation: enabled

Compilation events (10 events):
Event: 5.161 Thread 0x0000000054b8f000 nmethod 1459 0x0000000002f4bd50 code [0x0000000002f4bee0, 0x0000000002f4c2c8]
Event: 5.162 Thread 0x0000000054b8e000 nmethod 1441 0x0000000002f4b9d0 code [0x0000000002f4bb20, 0x0000000002f4bc28]
Event: 5.162 Thread 0x0000000054b8e000 1428       4       com.android.dx.rop.code.Insn::hashCode (5 bytes)
Event: 5.162 Thread 0x0000000054b8e000 nmethod 1428 0x0000000002f56990 code [0x0000000002f56ae0, 0x0000000002f56b68]
Event: 5.163 Thread 0x0000000054b8e000 1427       4       com.android.dx.ssa.back.FirstFitLocalCombiningAllocator::getParameterIndexForReg (55 bytes)
Event: 5.184 Thread 0x0000000054b8e000 nmethod 1427 0x0000000002f5bfd0 code [0x0000000002f5c180, 0x0000000002f5c9c8]
Event: 5.184 Thread 0x0000000054b8e000 1460       4       com.android.dx.ssa.SsaRenamer$BlockRenamer::process (191 bytes)
Event: 5.261 Thread 0x0000000054b8e000 nmethod 1460 0x0000000002f5d910 code [0x0000000002f5db80, 0x0000000002f5f3d0]
Event: 5.261 Thread 0x0000000054b8e000 1430       4       com.android.dx.rop.type.Type::getFrameType (58 bytes)
Event: 5.261 Thread 0x0000000054b8e000 nmethod 1430 0x0000000002e6c090 code [0x0000000002e6c1c0, 0x0000000002e6c238]

GC Heap History (2 events):
Event: 3.086 GC heap before
{Heap before GC invocations=1 (full 0):
 PSYoungGen      total 37888K, used 32768K [0x00000000eab00000, 0x00000000ed500000, 0x0000000100000000)
  eden space 32768K, 100% used [0x00000000eab00000,0x00000000ecb00000,0x00000000ecb00000)
  from space 5120K, 0% used [0x00000000ed000000,0x00000000ed000000,0x00000000ed500000)
  to   space 5120K, 0% used [0x00000000ecb00000,0x00000000ecb00000,0x00000000ed000000)
 ParOldGen       total 86016K, used 0K [0x00000000c0000000, 0x00000000c5400000, 0x00000000eab00000)
  object space 86016K, 0% used [0x00000000c0000000,0x00000000c0000000,0x00000000c5400000)
 Metaspace       used 5828K, capacity 6768K, committed 7040K, reserved 1056768K
  class space    used 593K, capacity 616K, committed 640K, reserved 1048576K
Event: 3.768 GC heap after
Heap after GC invocations=1 (full 0):
 PSYoungGen      total 37888K, used 5114K [0x00000000eab00000, 0x00000000ed500000, 0x0000000100000000)
  eden space 32768K, 0% used [0x00000000eab00000,0x00000000eab00000,0x00000000ecb00000)
  from space 5120K, 99% used [0x00000000ecb00000,0x00000000ecffe980,0x00000000ed000000)
  to   space 5120K, 0% used [0x00000000ed000000,0x00000000ed000000,0x00000000ed500000)
 ParOldGen       total 86016K, used 1124K [0x00000000c0000000, 0x00000000c5400000, 0x00000000eab00000)
  object space 86016K, 1% used [0x00000000c0000000,0x00000000c0119258,0x00000000c5400000)
 Metaspace       used 5828K, capacity 6768K, committed 7040K, reserved 1056768K
  class space    used 593K, capacity 616K, committed 640K, reserved 1048576K
}

Deoptimization events (7 events):
Event: 1.777 Thread 0x000000005786f800 Uncommon trap: reason=unstable_if action=reinterpret pc=0x0000000002c2c520 method=java.util.BitSet.nextSetBit(I)I @ 87
Event: 1.881 Thread 0x00000000577f6000 Uncommon trap: reason=class_check action=maybe_recompile pc=0x0000000002cfad1c method=com.android.dx.ssa.NormalSsaInsn.accept(Lcom/android/dx/ssa/SsaInsn$Visitor;)V @ 9
Event: 2.450 Thread 0x00000000577f6000 Uncommon trap: reason=class_check action=maybe_recompile pc=0x0000000002cfad1c method=com.android.dx.ssa.NormalSsaInsn.accept(Lcom/android/dx/ssa/SsaInsn$Visitor;)V @ 9
Event: 2.450 Thread 0x00000000577f6000 Uncommon trap: reason=class_check action=maybe_recompile pc=0x0000000002cfad1c method=com.android.dx.ssa.NormalSsaInsn.accept(Lcom/android/dx/ssa/SsaInsn$Visitor;)V @ 9
Event: 2.450 Thread 0x00000000577f6000 Uncommon trap: reason=class_check action=maybe_recompile pc=0x0000000002cfad1c method=com.android.dx.ssa.NormalSsaInsn.accept(Lcom/android/dx/ssa/SsaInsn$Visitor;)V @ 9
Event: 2.721 Thread 0x0000000057e31800 Uncommon trap: reason=class_check action=maybe_recompile pc=0x0000000002d0d9e8 method=com.android.dx.ssa.NormalSsaInsn.accept(Lcom/android/dx/ssa/SsaInsn$Visitor;)V @ 9
Event: 4.550 Thread 0x0000000057e31800 Uncommon trap: reason=unstable_if action=reinterpret pc=0x0000000002d91744 method=com.android.dx.rop.cst.Constant.compareTo(Lcom/android/dx/rop/cst/Constant;)I @ 12

Internal exceptions (2 events):
Event: 0.128 Thread 0x00000000021de800 Exception <a 'java/lang/NoSuchMethodError': Method sun.misc.Unsafe.defineClass(Ljava/lang/String;[BII)Ljava/lang/Class; name or signature does not match> (0x00000000eab13070) thrown at [C:\workspace\8-2-build-windows-amd64-cygwin\jdk8u65\4987\hotspot\src\s–çj¿?
Event: 0.128 Thread 0x00000000021de800 Exception <a 'java/lang/NoSuchMethodError': Method sun.misc.Unsafe.prefetchRead(Ljava/lang/Object;J)V name or signature does not match> (0x00000000eab13358) thrown at [C:\workspace\8-2-build-windows-amd64-cygwin\jdk8u65\4987\hotspot\src\share\vm\prims\jni.

Events (10 events):
Event: 4.528 Thread 0x0000000057e31800 DEOPT UNPACKING pc=0x0000000002a4787f sp=0x0000000058efea48 mode 0
Event: 4.550 Thread 0x0000000057e31800 Uncommon trap: trap_request=0xffffff65 fr.pc=0x0000000002d91744
Event: 4.550 Thread 0x0000000057e31800 DEOPT PACKING pc=0x0000000002d91744 sp=0x0000000058efe850
Event: 4.550 Thread 0x0000000057e31800 DEOPT UNPACKING pc=0x0000000002a4582a sp=0x0000000058efe7f0 mode 2
Event: 4.555 Thread 0x0000000057e31800 DEOPT PACKING pc=0x0000000002e6e523 sp=0x0000000058efecc0
Event: 4.555 Thread 0x0000000057e31800 DEOPT UNPACKING pc=0x0000000002a4787f sp=0x0000000058efea88 mode 0
Event: 4.565 Thread 0x0000000057e31800 DEOPT PACKING pc=0x0000000002d7be5e sp=0x0000000058efec10
Event: 4.565 Thread 0x0000000057e31800 DEOPT UNPACKING pc=0x0000000002a4787f sp=0x0000000058efe9a0 mode 0
Event: 4.578 Thread 0x0000000057e31800 DEOPT PACKING pc=0x0000000002dd9e30 sp=0x0000000058efec80
Event: 4.578 Thread 0x0000000057e31800 DEOPT UNPACKING pc=0x0000000002a4787f sp=0x0000000058efea70 mode 0


Dynamic libraries:
0x000000013fae0000 - 0x000000013fb17000 	C:\Program Files\Java\jdk1.8.0_65\bin\java.exe
0x0000000076f10000 - 0x00000000770b9000 	C:\Windows\SYSTEM32\ntdll.dll
0x0000000076df0000 - 0x0000000076f0f000 	C:\Windows\system32\kernel32.dll
0x000007fefd010000 - 0x000007fefd07c000 	C:\Windows\system32\KERNELBASE.dll
0x000007fefd870000 - 0x000007fefd94b000 	C:\Windows\system32\ADVAPI32.dll
0x000007fefd270000 - 0x000007fefd30f000 	C:\Windows\system32\msvcrt.dll
0x000007feff130000 - 0x000007feff14f000 	C:\Windows\SYSTEM32\sechost.dll
0x000007fefef60000 - 0x000007feff08d000 	C:\Windows\system32\RPCRT4.dll
0x0000000076cf0000 - 0x0000000076dea000 	C:\Windows\system32\USER32.dll
0x000007fefd5e0000 - 0x000007fefd647000 	C:\Windows\system32\GDI32.dll
0x000007fefd760000 - 0x000007fefd76e000 	C:\Windows\system32\LPK.dll
0x000007feff150000 - 0x000007feff219000 	C:\Windows\system32\USP10.dll
0x000007fefbcf0000 - 0x000007fefbee4000 	C:\Windows\WinSxS\amd64_microsoft.windows.common-controls_6595b64144ccf1df_6.0.7601.18837_none_fa3b1e3d17594757\COMCTL32.dll
0x000007fefd950000 - 0x000007fefd9c1000 	C:\Windows\system32\SHLWAPI.dll
0x000007fefd650000 - 0x000007fefd67e000 	C:\Windows\system32\IMM32.DLL
0x000007fefd160000 - 0x000007fefd269000 	C:\Windows\system32\MSCTF.dll
0x00000000578d0000 - 0x00000000579a2000 	C:\Program Files\Java\jdk1.8.0_65\jre\bin\msvcr100.dll
0x0000000054b90000 - 0x0000000055419000 	C:\Program Files\Java\jdk1.8.0_65\jre\bin\server\jvm.dll
0x000007fef2830000 - 0x000007fef2839000 	C:\Windows\system32\WSOCK32.dll
0x000007fefd080000 - 0x000007fefd0cd000 	C:\Windows\system32\WS2_32.dll
0x000007fefd150000 - 0x000007fefd158000 	C:\Windows\system32\NSI.dll
0x000007fefa360000 - 0x000007fefa39b000 	C:\Windows\system32\WINMM.dll
0x000007fefbb00000 - 0x000007fefbb0c000 	C:\Windows\system32\VERSION.dll
0x00000000770d0000 - 0x00000000770d7000 	C:\Windows\system32\PSAPI.DLL
0x0000000057c60000 - 0x0000000057c6f000 	C:\Program Files\Java\jdk1.8.0_65\jre\bin\verify.dll
0x0000000057c00000 - 0x0000000057c29000 	C:\Program Files\Java\jdk1.8.0_65\jre\bin\java.dll
0x0000000057be0000 - 0x0000000057bf6000 	C:\Program Files\Java\jdk1.8.0_65\jre\bin\zip.dll
0x000007fefdfc0000 - 0x000007fefed49000 	C:\Windows\system32\SHELL32.dll
0x000007fefed50000 - 0x000007fefef53000 	C:\Windows\system32\ole32.dll
0x000007fefccd0000 - 0x000007fefccdf000 	C:\Windows\system32\profapi.dll

VM Arguments:
jvm_args: -Djava.awt.headless=true -Xmx1024M -Dfile.encoding=windows-1251 -Duser.country=RU -Duser.language=ru -Duser.variant 
java_command: com.android.dx.command.Main --dex --force-jumbo --num-threads=4 --multi-dex --output C:\Users\1\Downloads\MaterialHW\app\build\intermediates\transforms\dex\debug\folders\1000\10\jsoup-1.7.3_fd374ceb4ff0bedc7266ac296f3d5964103736f2 C:\Users\1\.gradle\caches\modules-2\files-2.1\org.jsoup\jsoup\1.7.3\92568d7167ce1bf9eb1fd815b022d5a2c113547a\jsoup-1.7.3.jar
java_class_path (initial): C:\Users\1\AppData\Local\Android\sdk\build-tools\23.0.3\lib\dx.jar
Launcher Type: SUN_STANDARD

Environment Variables:
PATH=C:\ProgramData\Oracle\Java\javapath;C:\Program Files (x86)\Intel\iCLS Client\;C:\Program Files\Intel\iCLS Client\;C:\Windows\system32;C:\Windows;C:\Windows\System32\Wbem;C:\Windows\System32\WindowsPowerShell\v1.0\;C:\Program Files\Intel\Intel(R) Management Engine Components\DAL;C:\Program Files\Intel\Intel(R) Management Engine Components\IPT;C:\Program Files (x86)\Intel\Intel(R) Management Engine Components\DAL;C:\Program Files (x86)\Intel\Intel(R) Management Engine Components\IPT;C:\Program Files (x86)\Skype\Phone\;C:\Users\1\AppData\Local\Android\sdk\tools;C:\Users\1\AppData\Local\Programs\Python\Python35;C:\Program Files\Lenovo\Bluetooth Software\;C:\Program Files\Lenovo\Bluetooth Software\syswow64;c:\tmp\gradle-2.11\bin\;C:\Program Files\nodejs\;C:\Program Files (x86)\Intel\OpenCL SDK\2.0\bin\x86;C:\Program Files (x86)\Intel\OpenCL SDK\2.0\bin\x64;C:\Program Files (x86)\Microsoft SQL Server\Client SDK\ODBC\110\Tools\Binn\;C:\Program Files (x86)\Microsoft SQL Server\130\Tools\Binn\;C:\Program Files (x86)\Microsoft SQL Server\130\DTS\Binn\;C:\Program Files (x86)\Microsoft SQL Server\130\Tools\Binn\ManagementStudio\;C:\Program Files\Process Lasso;C:\Program Files (x86)\Windows Kits\8.1\Windows Performance Toolkit\;C:\Users\1\AppData\Local\Programs\Python\Python35\Scripts\;C:\Users\1\AppData\Local\Programs\Python\Python35\;C:\Users\1\AppData\Roaming\npm;C:\tmp\mp3inf;C:\tmp\mp3inf\usr\local\wbin
USERNAME=1
OS=Windows_NT
PROCESSOR_IDENTIFIER=Intel64 Family 6 Model 58 Stepping 9, GenuineIntel



---------------  S Y S T E M  ---------------

OS: Windows 7 , 64 bit Build 7601 (6.1.7601.18933)

CPU:total 4 (2 cores per cpu, 2 threads per core) family 6 model 58 stepping 9, cmov, cx8, fxsr, mmx, sse, sse2, sse3, ssse3, sse4.1, sse4.2, popcnt, avx, aes, clmul, erms, ht, tsc, tscinvbit, tscinv

Memory: 4k page, physical 8254312k(1312860k free), swap 8252472k(6672k free)

vm_info: Java HotSpot(TM) 64-Bit Server VM (25.65-b01) for windows-amd64 JRE (1.8.0_65-b17), built on Oct  6 2015 16:39:20 by "java_re" with MS VC++ 10.0 (VS2010)

time: Sat Jul 30 13:16:53 2016
elapsed time: 5 seconds (0d 0h 0m 5s)

