#
# There is insufficient memory for the Java Runtime Environment to continue.
# Native memory allocation (malloc) failed to allocate 489136 bytes for Chunk::new
# Possible reasons:
#   The system is out of physical RAM or swap space
#   In 32 bit mode, the process size limit was hit
# Possible solutions:
#   Reduce memory load on the system
#   Increase physical memory or swap space
#   Check if swap backing store is full
#   Use 64 bit Java on a 64 bit OS
#   Decrease Java heap size (-Xmx/-Xms)
#   Decrease number of Java threads
#   Decrease Java thread stack sizes (-Xss)
#   Set larger code cache with -XX:ReservedCodeCacheSize=
# This output file may be truncated or incomplete.
#
#  Out of Memory Error (allocation.cpp:390), pid=5744, tid=8580
#
# JRE version: Java(TM) SE Runtime Environment (8.0_65-b17) (build 1.8.0_65-b17)
# Java VM: Java HotSpot(TM) 64-Bit Server VM (25.65-b01 mixed mode windows-amd64 compressed oops)
# Failed to write core dump. Minidumps are not enabled by default on client versions of Windows
#

---------------  T H R E A D  ---------------

Current thread (0x00000000551de800):  JavaThread "C2 CompilerThread1" daemon [_thread_in_native, id=8580, stack(0x0000000056b30000,0x0000000056c30000)]

Stack: [0x0000000056b30000,0x0000000056c30000]
[error occurred during error reporting (printing stack bounds), id 0xc0000005]

Native frames: (J=compiled Java code, j=interpreted, Vv=VM code, C=native code)


Current CompileTask:
C2:  10732 1802   !   4       com.android.dx.cf.code.BytecodeArray::parseInstruction (2764 bytes)


---------------  P R O C E S S  ---------------

Java Threads: ( => current thread )
  0x0000000057a98000 JavaThread "pool-2-thread-4" [_thread_blocked, id=3636, stack(0x00000000586f0000,0x00000000587f0000)]
  0x0000000057a94800 JavaThread "pool-2-thread-3" [_thread_blocked, id=7412, stack(0x0000000058810000,0x0000000058910000)]
  0x0000000057a93800 JavaThread "pool-2-thread-2" [_thread_blocked, id=5928, stack(0x0000000058590000,0x0000000058690000)]
  0x0000000057a88800 JavaThread "pool-3-thread-1" [_thread_blocked, id=5604, stack(0x0000000058470000,0x0000000058570000)]
  0x0000000057a8e000 JavaThread "pool-2-thread-1" [_thread_blocked, id=8648, stack(0x00000000567b0000,0x00000000568b0000)]
  0x00000000577e9800 JavaThread "Service Thread" daemon [_thread_blocked, id=4964, stack(0x00000000569f0000,0x0000000056af0000)]
  0x00000000551df000 JavaThread "C1 CompilerThread2" daemon [_thread_blocked, id=1920, stack(0x0000000056c30000,0x0000000056d30000)]
=>0x00000000551de800 JavaThread "C2 CompilerThread1" daemon [_thread_in_native, id=8580, stack(0x0000000056b30000,0x0000000056c30000)]
  0x00000000551dc800 JavaThread "C2 CompilerThread0" daemon [_thread_blocked, id=2124, stack(0x00000000568f0000,0x00000000569f0000)]
  0x00000000551d6000 JavaThread "Attach Listener" daemon [_thread_blocked, id=6092, stack(0x00000000564f0000,0x00000000565f0000)]
  0x00000000551ce000 JavaThread "Signal Dispatcher" daemon [_thread_blocked, id=4548, stack(0x0000000056670000,0x0000000056770000)]
  0x0000000055177000 JavaThread "Finalizer" daemon [_thread_blocked, id=6980, stack(0x0000000056390000,0x0000000056490000)]
  0x0000000055176000 JavaThread "Reference Handler" daemon [_thread_blocked, id=6232, stack(0x0000000056280000,0x0000000056380000)]
  0x000000000213e800 JavaThread "main" [_thread_blocked, id=6916, stack(0x00000000023d0000,0x00000000024d0000)]

Other Threads:
  0x0000000055170800 VMThread [stack: 0x00000000560f0000,0x00000000561f0000] [id=5500]
  0x000000005787f800 WatcherThread [stack: 0x0000000056db0000,0x0000000056eb0000] [id=7404]

VM state:not at safepoint (normal execution)

VM Mutex/Monitor currently owned by a thread: None

Heap:
 PSYoungGen      total 70656K, used 38669K [0x00000000eab00000, 0x00000000ef500000, 0x0000000100000000)
  eden space 65536K, 51% used [0x00000000eab00000,0x00000000ecbc3e80,0x00000000eeb00000)
  from space 5120K, 99% used [0x00000000ef000000,0x00000000ef4ff850,0x00000000ef500000)
  to   space 5120K, 0% used [0x00000000eeb00000,0x00000000eeb00000,0x00000000ef000000)
 ParOldGen       total 86016K, used 5230K [0x00000000c0000000, 0x00000000c5400000, 0x00000000eab00000)
  object space 86016K, 6% used [0x00000000c0000000,0x00000000c051b9a8,0x00000000c5400000)
 Metaspace       used 6225K, capacity 7088K, committed 7296K, reserved 1056768K
  class space    used 602K, capacity 616K, committed 640K, reserved 1048576K

Card table byte_map: [0x0000000011b60000,0x0000000011d70000] byte_map_base: 0x0000000011560000

Marking Bits: (ParMarkBitMap*) 0x000000005775a5b0
 Begin Bits: [0x00000000125e0000, 0x00000000135e0000)
 End Bits:   [0x00000000135e0000, 0x00000000145e0000)

Polling page: 0x0000000000340000

CodeCache: size=245760Kb used=8386Kb max_used=8389Kb free=237373Kb
 bounds [0x00000000027a0000, 0x0000000002fe0000, 0x00000000117a0000]
 total_blobs=2012 nmethods=1743 adapters=182
 compilation: enabled

Compilation events (10 events):
Event: 10.465 Thread 0x00000000551de800 1802   !   4       com.android.dx.cf.code.BytecodeArray::parseInstruction (2764 bytes)
Event: 10.484 Thread 0x00000000551dc800 nmethod 1797 0x0000000002fd5690 code [0x0000000002fd5940, 0x0000000002fd71b8]
Event: 10.656 Thread 0x00000000551df000 1803       3       java.util.concurrent.locks.LockSupport::park (23 bytes)
Event: 10.656 Thread 0x00000000551df000 nmethod 1803 0x0000000002f8bf10 code [0x0000000002f8c080, 0x0000000002f8c3c8]
Event: 10.657 Thread 0x00000000551dc800 1805       4       com.android.dx.ssa.SsaConverter::edgeSplitSuccessors (98 bytes)
Event: 10.688 Thread 0x00000000551dc800 nmethod 1805 0x0000000002faf910 code [0x0000000002fafb80, 0x0000000002fb0948]
Event: 10.696 Thread 0x00000000551df000 1806       3       java.util.concurrent.locks.LockSupport::unpark (12 bytes)
Event: 10.696 Thread 0x00000000551df000 nmethod 1806 0x0000000002f8b750 code [0x0000000002f8b8c0, 0x0000000002f8bae8]
Event: 10.705 Thread 0x00000000551df000 1808       3       com.android.dx.dex.file.ValueEncoder::addContents (75 bytes)
Event: 10.706 Thread 0x00000000551df000 nmethod 1808 0x0000000002fd3150 code [0x0000000002fd3400, 0x0000000002fd4a38]

GC Heap History (4 events):
Event: 2.448 GC heap before
{Heap before GC invocations=1 (full 0):
 PSYoungGen      total 37888K, used 32768K [0x00000000eab00000, 0x00000000ed500000, 0x0000000100000000)
  eden space 32768K, 100% used [0x00000000eab00000,0x00000000ecb00000,0x00000000ecb00000)
  from space 5120K, 0% used [0x00000000ed000000,0x00000000ed000000,0x00000000ed500000)
  to   space 5120K, 0% used [0x00000000ecb00000,0x00000000ecb00000,0x00000000ed000000)
 ParOldGen       total 86016K, used 0K [0x00000000c0000000, 0x00000000c5400000, 0x00000000eab00000)
  object space 86016K, 0% used [0x00000000c0000000,0x00000000c0000000,0x00000000c5400000)
 Metaspace       used 5966K, capacity 6896K, committed 7040K, reserved 1056768K
  class space    used 600K, capacity 616K, committed 640K, reserved 1048576K
Event: 2.551 GC heap after
Heap after GC invocations=1 (full 0):
 PSYoungGen      total 37888K, used 5112K [0x00000000eab00000, 0x00000000ef500000, 0x0000000100000000)
  eden space 32768K, 0% used [0x00000000eab00000,0x00000000eab00000,0x00000000ecb00000)
  from space 5120K, 99% used [0x00000000ecb00000,0x00000000ecffe0c8,0x00000000ed000000)
  to   space 5120K, 0% used [0x00000000ef000000,0x00000000ef000000,0x00000000ef500000)
 ParOldGen       total 86016K, used 1231K [0x00000000c0000000, 0x00000000c5400000, 0x00000000eab00000)
  object space 86016K, 1% used [0x00000000c0000000,0x00000000c0133da8,0x00000000c5400000)
 Metaspace       used 5966K, capacity 6896K, committed 7040K, reserved 1056768K
  class space    used 600K, capacity 616K, committed 640K, reserved 1048576K
}
Event: 4.574 GC heap before
{Heap before GC invocations=2 (full 0):
 PSYoungGen      total 37888K, used 37880K [0x00000000eab00000, 0x00000000ef500000, 0x0000000100000000)
  eden space 32768K, 100% used [0x00000000eab00000,0x00000000ecb00000,0x00000000ecb00000)
  from space 5120K, 99% used [0x00000000ecb00000,0x00000000ecffe0c8,0x00000000ed000000)
  to   space 5120K, 0% used [0x00000000ef000000,0x00000000ef000000,0x00000000ef500000)
 ParOldGen       total 86016K, used 1231K [0x00000000c0000000, 0x00000000c5400000, 0x00000000eab00000)
  object space 86016K, 1% used [0x00000000c0000000,0x00000000c0133da8,0x00000000c5400000)
 Metaspace       used 6182K, capacity 7088K, committed 7296K, reserved 1056768K
  class space    used 601K, capacity 616K, committed 640K, reserved 1048576K
Event: 4.894 GC heap after
Heap after GC invocations=2 (full 0):
 PSYoungGen      total 70656K, used 5118K [0x00000000eab00000, 0x00000000ef500000, 0x0000000100000000)
  eden space 65536K, 0% used [0x00000000eab00000,0x00000000eab00000,0x00000000eeb00000)
  from space 5120K, 99% used [0x00000000ef000000,0x00000000ef4ff850,0x00000000ef500000)
  to   space 5120K, 0% used [0x00000000eeb00000,0x00000000eeb00000,0x00000000ef000000)
 ParOldGen       total 86016K, used 5230K [0x00000000c0000000, 0x00000000c5400000, 0x00000000eab00000)
  object space 86016K, 6% used [0x00000000c0000000,0x00000000c051b9a8,0x00000000c5400000)
 Metaspace       used 6182K, capacity 7088K, committed 7296K, reserved 1056768K
  class space    used 601K, capacity 616K, committed 640K, reserved 1048576K
}

Deoptimization events (10 events):
Event: 7.698 Thread 0x0000000057a93800 Uncommon trap: reason=bimorphic action=maybe_recompile pc=0x0000000002e52cd8 method=com.android.dx.cf.code.BytecodeArray.parseInstruction(ILcom/android/dx/cf/code/BytecodeArray$Visitor;)I @ 955
Event: 7.698 Thread 0x0000000057a93800 Uncommon trap: reason=bimorphic action=maybe_recompile pc=0x0000000002e52cd8 method=com.android.dx.cf.code.BytecodeArray.parseInstruction(ILcom/android/dx/cf/code/BytecodeArray$Visitor;)I @ 955
Event: 9.331 Thread 0x0000000057a93800 Uncommon trap: reason=unstable_if action=reinterpret pc=0x0000000002f482d8 method=com.android.dx.cf.code.RopperMachine.run(Lcom/android/dx/cf/code/Frame;II)V @ 1500
Event: 9.331 Thread 0x0000000057a93800 Uncommon trap: reason=class_check action=maybe_recompile pc=0x0000000002f5e728 method=com.android.dx.cf.code.Ropper.processBlock(Lcom/android/dx/cf/code/ByteBlock;Lcom/android/dx/cf/code/Frame;[I)V @ 777
Event: 9.331 Thread 0x0000000057a93800 Uncommon trap: reason=class_check action=maybe_recompile pc=0x0000000002f5e728 method=com.android.dx.cf.code.Ropper.processBlock(Lcom/android/dx/cf/code/ByteBlock;Lcom/android/dx/cf/code/Frame;[I)V @ 777
Event: 9.370 Thread 0x0000000057a94800 Uncommon trap: reason=bimorphic action=maybe_recompile pc=0x0000000002f34890 method=com.android.dx.cf.code.BytecodeArray.parseInstruction(ILcom/android/dx/cf/code/BytecodeArray$Visitor;)I @ 1549
Event: 9.370 Thread 0x0000000057a94800 Uncommon trap: reason=class_check action=maybe_recompile pc=0x0000000002f3672c method=com.android.dx.cf.code.BytecodeArray.parseInstruction(ILcom/android/dx/cf/code/BytecodeArray$Visitor;)I @ 2032
Event: 9.371 Thread 0x0000000057a94800 Uncommon trap: reason=bimorphic action=maybe_recompile pc=0x0000000002f34890 method=com.android.dx.cf.code.BytecodeArray.parseInstruction(ILcom/android/dx/cf/code/BytecodeArray$Visitor;)I @ 1549
Event: 10.453 Thread 0x0000000057a98000 Uncommon trap: reason=bimorphic action=maybe_recompile pc=0x0000000002fb44b8 method=com.android.dx.cf.code.BytecodeArray.parseInstruction(ILcom/android/dx/cf/code/BytecodeArray$Visitor;)I @ 1597
Event: 10.455 Thread 0x0000000057a98000 Uncommon trap: reason=bimorphic action=maybe_recompile pc=0x0000000002fb44b8 method=com.android.dx.cf.code.BytecodeArray.parseInstruction(ILcom/android/dx/cf/code/BytecodeArray$Visitor;)I @ 1597

Internal exceptions (2 events):
Event: 0.122 Thread 0x000000000213e800 Exception <a 'java/lang/NoSuchMethodError': Method sun.misc.Unsafe.defineClass(Ljava/lang/String;[BII)Ljava/lang/Class; name or signature does not match> (0x00000000eab13070) thrown at [C:\workspace\8-2-build-windows-amd64-cygwin\jdk8u65\4987\hotspot\src\s+¦Å>LB¿?
Event: 0.122 Thread 0x000000000213e800 Exception <a 'java/lang/NoSuchMethodError': Method sun.misc.Unsafe.prefetchRead(Ljava/lang/Object;J)V name or signature does not match> (0x00000000eab13358) thrown at [C:\workspace\8-2-build-windows-amd64-cygwin\jdk8u65\4987\hotspot\src\share\vm\prims\jni.

Events (10 events):
Event: 9.371 Thread 0x0000000057a94800 DEOPT PACKING pc=0x0000000002f34890 sp=0x000000005890ea90
Event: 9.371 Thread 0x0000000057a94800 DEOPT UNPACKING pc=0x00000000027e582a sp=0x000000005890ea30 mode 2
Event: 9.644 loading class com/android/dx/rop/code/RegisterSpec$1
Event: 9.644 loading class com/android/dx/rop/code/RegisterSpec$1 done
Event: 10.453 Thread 0x0000000057a98000 Uncommon trap: trap_request=0xffffffc6 fr.pc=0x0000000002fb44b8
Event: 10.453 Thread 0x0000000057a98000 DEOPT PACKING pc=0x0000000002fb44b8 sp=0x00000000587ee390
Event: 10.453 Thread 0x0000000057a98000 DEOPT UNPACKING pc=0x00000000027e582a sp=0x00000000587ee330 mode 2
Event: 10.455 Thread 0x0000000057a98000 Uncommon trap: trap_request=0xffffffc6 fr.pc=0x0000000002fb44b8
Event: 10.455 Thread 0x0000000057a98000 DEOPT PACKING pc=0x0000000002fb44b8 sp=0x00000000587ee470
Event: 10.455 Thread 0x0000000057a98000 DEOPT UNPACKING pc=0x00000000027e582a sp=0x00000000587ee410 mode 2


Dynamic libraries:
0x000000013fff0000 - 0x0000000140027000 	C:\Program Files\Java\jdk1.8.0_65\bin\java.exe
0x0000000076e80000 - 0x0000000077029000 	C:\Windows\SYSTEM32\ntdll.dll
0x0000000076d60000 - 0x0000000076e7f000 	C:\Windows\system32\kernel32.dll
0x000007fefcf40000 - 0x000007fefcfac000 	C:\Windows\system32\KERNELBASE.dll
0x000007fefcff0000 - 0x000007fefd0cb000 	C:\Windows\system32\ADVAPI32.dll
0x000007fefd3b0000 - 0x000007fefd44f000 	C:\Windows\system32\msvcrt.dll
0x000007fefec60000 - 0x000007fefec7f000 	C:\Windows\SYSTEM32\sechost.dll
0x000007fefeb30000 - 0x000007fefec5d000 	C:\Windows\system32\RPCRT4.dll
0x0000000076c60000 - 0x0000000076d5a000 	C:\Windows\system32\USER32.dll
0x000007fefe690000 - 0x000007fefe6f7000 	C:\Windows\system32\GDI32.dll
0x000007fefe1f0000 - 0x000007fefe1fe000 	C:\Windows\system32\LPK.dll
0x000007fefee10000 - 0x000007fefeed9000 	C:\Windows\system32\USP10.dll
0x000007fefbb60000 - 0x000007fefbd54000 	C:\Windows\WinSxS\amd64_microsoft.windows.common-controls_6595b64144ccf1df_6.0.7601.18837_none_fa3b1e3d17594757\COMCTL32.dll
0x000007fefec80000 - 0x000007fefecf1000 	C:\Windows\system32\SHLWAPI.dll
0x000007fefd170000 - 0x000007fefd19e000 	C:\Windows\system32\IMM32.DLL
0x000007fefed00000 - 0x000007fefee09000 	C:\Windows\system32\MSCTF.dll
0x0000000060910000 - 0x00000000609e2000 	C:\Program Files\Java\jdk1.8.0_65\jre\bin\msvcr100.dll
0x0000000056f50000 - 0x00000000577d9000 	C:\Program Files\Java\jdk1.8.0_65\jre\bin\server\jvm.dll
0x000007fef2fa0000 - 0x000007fef2fa9000 	C:\Windows\system32\WSOCK32.dll
0x000007fefe200000 - 0x000007fefe24d000 	C:\Windows\system32\WS2_32.dll
0x000007fefd450000 - 0x000007fefd458000 	C:\Windows\system32\NSI.dll
0x000007fefa200000 - 0x000007fefa23b000 	C:\Windows\system32\WINMM.dll
0x000007fefba70000 - 0x000007fefba7c000 	C:\Windows\system32\VERSION.dll
0x0000000077050000 - 0x0000000077057000 	C:\Windows\system32\PSAPI.DLL
0x00000000606b0000 - 0x00000000606bf000 	C:\Program Files\Java\jdk1.8.0_65\jre\bin\verify.dll
0x000000005a520000 - 0x000000005a549000 	C:\Program Files\Java\jdk1.8.0_65\jre\bin\java.dll
0x000000005a660000 - 0x000000005a676000 	C:\Program Files\Java\jdk1.8.0_65\jre\bin\zip.dll
0x000007fefd460000 - 0x000007fefe1e9000 	C:\Windows\system32\SHELL32.dll
0x000007fefef80000 - 0x000007feff183000 	C:\Windows\system32\ole32.dll
0x000007fefcc30000 - 0x000007fefcc3f000 	C:\Windows\system32\profapi.dll

VM Arguments:
jvm_args: -Djava.awt.headless=true -Xmx1024M -Dfile.encoding=windows-1251 -Duser.country=RU -Duser.language=ru -Duser.variant 
java_command: com.android.dx.command.Main --dex --force-jumbo --num-threads=4 --multi-dex --output C:\Users\1\Downloads\MaterialHW\app\build\intermediates\transforms\dex\debug\folders\1000\10\com.android.support-design-23.2.0_575b3dd10ee6162c273f03b63188a0365326f336 C:\Users\1\Downloads\MaterialHW\app\build\intermediates\exploded-aar\com.android.support\design\23.2.0\jars\classes.jar
java_class_path (initial): C:\Users\1\AppData\Local\Android\sdk\build-tools\23.0.3\lib\dx.jar
Launcher Type: SUN_STANDARD

Environment Variables:
PATH=C:\ProgramData\Oracle\Java\javapath;C:\Program Files (x86)\Intel\iCLS Client\;C:\Program Files\Intel\iCLS Client\;C:\Windows\system32;C:\Windows;C:\Windows\System32\Wbem;C:\Windows\System32\WindowsPowerShell\v1.0\;C:\Program Files\Intel\Intel(R) Management Engine Components\DAL;C:\Program Files\Intel\Intel(R) Management Engine Components\IPT;C:\Program Files (x86)\Intel\Intel(R) Management Engine Components\DAL;C:\Program Files (x86)\Intel\Intel(R) Management Engine Components\IPT;C:\Program Files (x86)\Skype\Phone\;C:\Users\1\AppData\Local\Android\sdk\tools;C:\Users\1\AppData\Local\Programs\Python\Python35;C:\Program Files\Lenovo\Bluetooth Software\;C:\Program Files\Lenovo\Bluetooth Software\syswow64;c:\tmp\gradle-2.11\bin\;C:\Program Files\nodejs\;C:\Program Files (x86)\Intel\OpenCL SDK\2.0\bin\x86;C:\Program Files (x86)\Intel\OpenCL SDK\2.0\bin\x64;C:\Program Files (x86)\Microsoft SQL Server\Client SDK\ODBC\110\Tools\Binn\;C:\Program Files (x86)\Microsoft SQL Server\130\Tools\Binn\;C:\Program Files (x86)\Microsoft SQL Server\130\DTS\Binn\;C:\Program Files (x86)\Microsoft SQL Server\130\Tools\Binn\ManagementStudio\;C:\Program Files\Process Lasso;C:\Program Files (x86)\Windows Kits\8.1\Windows Performance Toolkit\;C:\Users\1\AppData\Local\Programs\Python\Python35\Scripts\;C:\Users\1\AppData\Local\Programs\Python\Python35\;C:\Users\1\AppData\Roaming\npm;C:\tmp\mp3inf;C:\tmp\mp3inf\usr\local\wbin
USERNAME=1
OS=Windows_NT
PROCESSOR_IDENTIFIER=Intel64 Family 6 Model 58 Stepping 9, GenuineIntel



---------------  S Y S T E M  ---------------

OS: Windows 7 , 64 bit Build 7601 (6.1.7601.18933)

CPU:total 4 (2 cores per cpu, 2 threads per core) family 6 model 58 stepping 9, cmov, cx8, fxsr, mmx, sse, sse2, sse3, ssse3, sse4.1, sse4.2, popcnt, avx, aes, clmul, erms, ht, tsc, tscinvbit, tscinv

Memory: 4k page, physical 8254312k(1403584k free), swap 8252472k(5096k free)

vm_info: Java HotSpot(TM) 64-Bit Server VM (25.65-b01) for windows-amd64 JRE (1.8.0_65-b17), built on Oct  6 2015 16:39:20 by "java_re" with MS VC++ 10.0 (VS2010)

time: Sun Jul 24 12:19:22 2016
elapsed time: 10 seconds (0d 0h 0m 10s)

