#
# There is insufficient memory for the Java Runtime Environment to continue.
# Native memory allocation (malloc) failed to allocate 2504 bytes for AllocateHeap
# Possible reasons:
#   The system is out of physical RAM or swap space
#   In 32 bit mode, the process size limit was hit
# Possible solutions:
#   Reduce memory load on the system
#   Increase physical memory or swap space
#   Check if swap backing store is full
#   Use 64 bit Java on a 64 bit OS
#   Decrease Java heap size (-Xmx/-Xms)
#   Decrease number of Java threads
#   Decrease Java thread stack sizes (-Xss)
#   Set larger code cache with -XX:ReservedCodeCacheSize=
# This output file may be truncated or incomplete.
#
#  Out of Memory Error (memory/allocation.inline.hpp:61), pid=6296, tid=7792
#
# JRE version: Java(TM) SE Runtime Environment (8.0_65-b17) (build 1.8.0_65-b17)
# Java VM: Java HotSpot(TM) 64-Bit Server VM (25.65-b01 mixed mode windows-amd64 compressed oops)
# Failed to write core dump. Minidumps are not enabled by default on client versions of Windows
#

---------------  T H R E A D  ---------------

Current thread (0x000000000225e800):  JavaThread "main" [_thread_in_vm, id=7792, stack(0x00000000025c0000,0x00000000026c0000)]

Stack: [0x00000000025c0000,0x00000000026c0000]
[error occurred during error reporting (printing stack bounds), id 0xc0000005]

Native frames: (J=compiled Java code, j=interpreted, Vv=VM code, C=native code)


---------------  P R O C E S S  ---------------

Java Threads: ( => current thread )
  0x00000000569aa000 JavaThread "Service Thread" daemon [_thread_blocked, id=8776, stack(0x0000000057950000,0x0000000057a50000)]
  0x0000000056941000 JavaThread "C1 CompilerThread2" daemon [_thread_blocked, id=8808, stack(0x0000000056430000,0x0000000056530000)]
  0x0000000056940800 JavaThread "C2 CompilerThread1" daemon [_thread_blocked, id=8868, stack(0x0000000056d50000,0x0000000056e50000)]
  0x0000000055129800 JavaThread "C2 CompilerThread0" daemon [_thread_blocked, id=3340, stack(0x0000000056840000,0x0000000056940000)]
  0x0000000055123800 JavaThread "Attach Listener" daemon [_thread_blocked, id=7632, stack(0x0000000056670000,0x0000000056770000)]
  0x0000000055122000 JavaThread "Signal Dispatcher" daemon [_thread_blocked, id=980, stack(0x0000000056560000,0x0000000056660000)]
  0x00000000550c7800 JavaThread "Finalizer" daemon [_thread_blocked, id=7880, stack(0x00000000024c0000,0x00000000025c0000)]
  0x00000000550c0800 JavaThread "Reference Handler" daemon [_thread_blocked, id=7280, stack(0x0000000056090000,0x0000000056190000)]
=>0x000000000225e800 JavaThread "main" [_thread_in_vm, id=7792, stack(0x00000000025c0000,0x00000000026c0000)]

Other Threads:
  0x00000000550bb000 VMThread [stack: 0x00000000561c0000,0x00000000562c0000] [id=972]

VM state:not at safepoint (normal execution)

VM Mutex/Monitor currently owned by a thread:  ([mutex/lock_event])
[0x000000000225d930] PeriodicTask_lock - owner thread: 0x000000000225e800

Heap:
 PSYoungGen      total 37888K, used 655K [0x00000000eab00000, 0x00000000ed500000, 0x0000000100000000)
  eden space 32768K, 2% used [0x00000000eab00000,0x00000000eaba3d80,0x00000000ecb00000)
  from space 5120K, 0% used [0x00000000ed000000,0x00000000ed000000,0x00000000ed500000)
  to   space 5120K, 0% used [0x00000000ecb00000,0x00000000ecb00000,0x00000000ed000000)
 ParOldGen       total 86016K, used 0K [0x00000000c0000000, 0x00000000c5400000, 0x00000000eab00000)
  object space 86016K, 0% used [0x00000000c0000000,0x00000000c0000000,0x00000000c5400000)
 Metaspace       used 2291K, capacity 4480K, committed 4480K, reserved 1056768K
  class space    used 253K, capacity 384K, committed 384K, reserved 1048576K

Card table byte_map: [0x0000000011d50000,0x0000000011f60000] byte_map_base: 0x0000000011750000

Marking Bits: (ParMarkBitMap*) 0x000000005775a5b0
 Begin Bits: [0x0000000012530000, 0x0000000013530000)
 End Bits:   [0x0000000013530000, 0x0000000014530000)

Polling page: 0x0000000000240000

CodeCache: size=245760Kb used=1076Kb max_used=1076Kb free=244684Kb
 bounds [0x0000000002990000, 0x0000000002c00000, 0x0000000011990000]
 total_blobs=237 nmethods=14 adapters=137
 compilation: enabled

Compilation events (10 events):
Event: 0.164 Thread 0x0000000056941000   11       3       java.lang.String::charAt (29 bytes)
Event: 0.165 Thread 0x0000000056941000 nmethod 11 0x0000000002a9bcd0 code [0x0000000002a9be40, 0x0000000002a9c0a8]
Event: 0.165 Thread 0x0000000056941000   10       3       java.lang.Math::min (11 bytes)
Event: 0.165 Thread 0x0000000056941000 nmethod 10 0x0000000002a9c190 code [0x0000000002a9c2e0, 0x0000000002a9c470]
Event: 0.165 Thread 0x0000000056941000   12       3       java.lang.Character::toUpperCase (6 bytes)
Event: 0.165 Thread 0x0000000056941000 nmethod 12 0x0000000002a9c4d0 code [0x0000000002a9c640, 0x0000000002a9c8d8]
Event: 0.165 Thread 0x0000000056941000   13       3       java.lang.Character::toUpperCase (9 bytes)
Event: 0.165 Thread 0x0000000056941000 nmethod 13 0x0000000002a9ca10 code [0x0000000002a9cb80, 0x0000000002a9cdb8]
Event: 0.165 Thread 0x0000000056941000   14       3       java.lang.CharacterDataLatin1::toUpperCase (53 bytes)
Event: 0.165 Thread 0x0000000056941000 nmethod 14 0x0000000002a9ce90 code [0x0000000002a9d000, 0x0000000002a9d2f0]

GC Heap History (0 events):
No events

Deoptimization events (0 events):
No events

Internal exceptions (2 events):
Event: 0.110 Thread 0x000000000225e800 Exception <a 'java/lang/NoSuchMethodError': Method sun.misc.Unsafe.defineClass(Ljava/lang/String;[BII)Ljava/lang/Class; name or signature does not match> (0x00000000eab13070) thrown at [C:\workspace\8-2-build-windows-amd64-cygwin\jdk8u65\4987\hotspot\src\svmuHÀ2¼?
Event: 0.110 Thread 0x000000000225e800 Exception <a 'java/lang/NoSuchMethodError': Method sun.misc.Unsafe.prefetchRead(Ljava/lang/Object;J)V name or signature does not match> (0x00000000eab13358) thrown at [C:\workspace\8-2-build-windows-amd64-cygwin\jdk8u65\4987\hotspot\src\share\vm\prims\jni.

Events (10 events):
Event: 0.164 loading class sun/usagetracker/UsageTrackerClient$3
Event: 0.165 loading class sun/usagetracker/UsageTrackerClient$3 done
Event: 0.166 loading class sun/nio/cs/UTF_8
Event: 0.166 loading class sun/nio/cs/Unicode
Event: 0.166 loading class sun/nio/cs/Unicode done
Event: 0.166 loading class sun/nio/cs/UTF_8 done
Event: 0.166 loading class sun/nio/cs/UTF_8$Encoder
Event: 0.166 loading class sun/nio/cs/UTF_8$Encoder done
Event: 0.166 loading class java/io/FileOutputStream$1
Event: 0.166 loading class java/io/FileOutputStream$1 done


Dynamic libraries:
0x000000013f640000 - 0x000000013f677000 	C:\Program Files\Java\jdk1.8.0_65\bin\java.exe
0x0000000076e80000 - 0x0000000077029000 	C:\Windows\SYSTEM32\ntdll.dll
0x0000000076d60000 - 0x0000000076e7f000 	C:\Windows\system32\kernel32.dll
0x000007fefcf40000 - 0x000007fefcfac000 	C:\Windows\system32\KERNELBASE.dll
0x000007fefcff0000 - 0x000007fefd0cb000 	C:\Windows\system32\ADVAPI32.dll
0x000007fefd3b0000 - 0x000007fefd44f000 	C:\Windows\system32\msvcrt.dll
0x000007fefec60000 - 0x000007fefec7f000 	C:\Windows\SYSTEM32\sechost.dll
0x000007fefeb30000 - 0x000007fefec5d000 	C:\Windows\system32\RPCRT4.dll
0x0000000076c60000 - 0x0000000076d5a000 	C:\Windows\system32\USER32.dll
0x000007fefe690000 - 0x000007fefe6f7000 	C:\Windows\system32\GDI32.dll
0x000007fefe1f0000 - 0x000007fefe1fe000 	C:\Windows\system32\LPK.dll
0x000007fefee10000 - 0x000007fefeed9000 	C:\Windows\system32\USP10.dll
0x000007fefbb60000 - 0x000007fefbd54000 	C:\Windows\WinSxS\amd64_microsoft.windows.common-controls_6595b64144ccf1df_6.0.7601.18837_none_fa3b1e3d17594757\COMCTL32.dll
0x000007fefec80000 - 0x000007fefecf1000 	C:\Windows\system32\SHLWAPI.dll
0x000007fefd170000 - 0x000007fefd19e000 	C:\Windows\system32\IMM32.DLL
0x000007fefed00000 - 0x000007fefee09000 	C:\Windows\system32\MSCTF.dll
0x0000000060fb0000 - 0x0000000061082000 	C:\Program Files\Java\jdk1.8.0_65\jre\bin\msvcr100.dll
0x0000000056f50000 - 0x00000000577d9000 	C:\Program Files\Java\jdk1.8.0_65\jre\bin\server\jvm.dll
0x000007fef2fa0000 - 0x000007fef2fa9000 	C:\Windows\system32\WSOCK32.dll
0x000007fefe200000 - 0x000007fefe24d000 	C:\Windows\system32\WS2_32.dll
0x000007fefd450000 - 0x000007fefd458000 	C:\Windows\system32\NSI.dll
0x000007fefa200000 - 0x000007fefa23b000 	C:\Windows\system32\WINMM.dll
0x000007fefba70000 - 0x000007fefba7c000 	C:\Windows\system32\VERSION.dll
0x0000000077050000 - 0x0000000077057000 	C:\Windows\system32\PSAPI.DLL
0x00000000606b0000 - 0x00000000606bf000 	C:\Program Files\Java\jdk1.8.0_65\jre\bin\verify.dll
0x000000005a520000 - 0x000000005a549000 	C:\Program Files\Java\jdk1.8.0_65\jre\bin\java.dll
0x000000005a660000 - 0x000000005a676000 	C:\Program Files\Java\jdk1.8.0_65\jre\bin\zip.dll
0x000007fefd460000 - 0x000007fefe1e9000 	C:\Windows\system32\SHELL32.dll
0x000007fefef80000 - 0x000007feff183000 	C:\Windows\system32\ole32.dll
0x000007fefcc30000 - 0x000007fefcc3f000 	C:\Windows\system32\profapi.dll

VM Arguments:
jvm_args: -Djava.awt.headless=true -Xmx1024M -Dfile.encoding=windows-1251 -Duser.country=RU -Duser.language=ru -Duser.variant 
java_command: com.android.dx.command.Main --dex --force-jumbo --num-threads=4 --multi-dex --output C:\Users\1\Downloads\MaterialHW\app\build\intermediates\transforms\dex\debug\folders\1000\10\com.android.support-design-23.2.0_575b3dd10ee6162c273f03b63188a0365326f336 C:\Users\1\Downloads\MaterialHW\app\build\intermediates\exploded-aar\com.android.support\design\23.2.0\jars\classes.jar
java_class_path (initial): C:\Users\1\AppData\Local\Android\sdk\build-tools\23.0.3\lib\dx.jar
Launcher Type: SUN_STANDARD

Environment Variables:
PATH=C:\ProgramData\Oracle\Java\javapath;C:\Program Files (x86)\Intel\iCLS Client\;C:\Program Files\Intel\iCLS Client\;C:\Windows\system32;C:\Windows;C:\Windows\System32\Wbem;C:\Windows\System32\WindowsPowerShell\v1.0\;C:\Program Files\Intel\Intel(R) Management Engine Components\DAL;C:\Program Files\Intel\Intel(R) Management Engine Components\IPT;C:\Program Files (x86)\Intel\Intel(R) Management Engine Components\DAL;C:\Program Files (x86)\Intel\Intel(R) Management Engine Components\IPT;C:\Program Files (x86)\Skype\Phone\;C:\Users\1\AppData\Local\Android\sdk\tools;C:\Users\1\AppData\Local\Programs\Python\Python35;C:\Program Files\Lenovo\Bluetooth Software\;C:\Program Files\Lenovo\Bluetooth Software\syswow64;c:\tmp\gradle-2.11\bin\;C:\Program Files\nodejs\;C:\Program Files (x86)\Intel\OpenCL SDK\2.0\bin\x86;C:\Program Files (x86)\Intel\OpenCL SDK\2.0\bin\x64;C:\Program Files (x86)\Microsoft SQL Server\Client SDK\ODBC\110\Tools\Binn\;C:\Program Files (x86)\Microsoft SQL Server\130\Tools\Binn\;C:\Program Files (x86)\Microsoft SQL Server\130\DTS\Binn\;C:\Program Files (x86)\Microsoft SQL Server\130\Tools\Binn\ManagementStudio\;C:\Program Files\Process Lasso;C:\Program Files (x86)\Windows Kits\8.1\Windows Performance Toolkit\;C:\Users\1\AppData\Local\Programs\Python\Python35\Scripts\;C:\Users\1\AppData\Local\Programs\Python\Python35\;C:\Users\1\AppData\Roaming\npm;C:\tmp\mp3inf;C:\tmp\mp3inf\usr\local\wbin
USERNAME=1
OS=Windows_NT
PROCESSOR_IDENTIFIER=Intel64 Family 6 Model 58 Stepping 9, GenuineIntel



---------------  S Y S T E M  ---------------

OS: Windows 7 , 64 bit Build 7601 (6.1.7601.18933)

CPU:total 4 (2 cores per cpu, 2 threads per core) family 6 model 58 stepping 9, cmov, cx8, fxsr, mmx, sse, sse2, sse3, ssse3, sse4.1, sse4.2, popcnt, avx, aes, clmul, erms, ht, tsc, tscinvbit, tscinv

Memory: 4k page, physical 8254312k(1302900k free), swap 8252472k(5060k free)

vm_info: Java HotSpot(TM) 64-Bit Server VM (25.65-b01) for windows-amd64 JRE (1.8.0_65-b17), built on Oct  6 2015 16:39:20 by "java_re" with MS VC++ 10.0 (VS2010)

time: Mon Jul 25 11:32:44 2016
elapsed time: 0 seconds (0d 0h 0m 0s)

