#
# There is insufficient memory for the Java Runtime Environment to continue.
# Native memory allocation (malloc) failed to allocate 856928 bytes for Chunk::new
# Possible reasons:
#   The system is out of physical RAM or swap space
#   In 32 bit mode, the process size limit was hit
# Possible solutions:
#   Reduce memory load on the system
#   Increase physical memory or swap space
#   Check if swap backing store is full
#   Use 64 bit Java on a 64 bit OS
#   Decrease Java heap size (-Xmx/-Xms)
#   Decrease number of Java threads
#   Decrease Java thread stack sizes (-Xss)
#   Set larger code cache with -XX:ReservedCodeCacheSize=
# This output file may be truncated or incomplete.
#
#  Out of Memory Error (allocation.cpp:390), pid=10136, tid=5680
#
# JRE version: Java(TM) SE Runtime Environment (8.0_65-b17) (build 1.8.0_65-b17)
# Java VM: Java HotSpot(TM) 64-Bit Server VM (25.65-b01 mixed mode windows-amd64 compressed oops)
# Failed to write core dump. Minidumps are not enabled by default on client versions of Windows
#

---------------  T H R E A D  ---------------

Current thread (0x000000005485f000):  JavaThread "C2 CompilerThread1" daemon [_thread_in_native, id=5680, stack(0x0000000057280000,0x0000000057380000)]

Stack: [0x0000000057280000,0x0000000057380000]
[error occurred during error reporting (printing stack bounds), id 0xc0000005]

Native frames: (J=compiled Java code, j=interpreted, Vv=VM code, C=native code)


Current CompileTask:
C2:   8955 2103       4       com.android.dx.dex.code.OutputFinisher::addConstants (93 bytes)


---------------  P R O C E S S  ---------------

Java Threads: ( => current thread )
  0x00000000576be000 JavaThread "pool-1-thread-1" [_thread_in_Java, id=8896, stack(0x0000000056de0000,0x0000000056ee0000)]
  0x000000005738a800 JavaThread "Service Thread" daemon [_thread_blocked, id=6320, stack(0x00000000579d0000,0x0000000057ad0000)]
  0x0000000057380800 JavaThread "C1 CompilerThread2" daemon [_thread_blocked, id=6908, stack(0x00000000577b0000,0x00000000578b0000)]
=>0x000000005485f000 JavaThread "C2 CompilerThread1" daemon [_thread_in_native, id=5680, stack(0x0000000057280000,0x0000000057380000)]
  0x0000000054859800 JavaThread "C2 CompilerThread0" daemon [_thread_in_native, id=8656, stack(0x0000000057060000,0x0000000057160000)]
  0x0000000054851000 JavaThread "Attach Listener" daemon [_thread_blocked, id=9476, stack(0x0000000056b70000,0x0000000056c70000)]
  0x000000005484f800 JavaThread "Signal Dispatcher" daemon [_thread_blocked, id=9856, stack(0x0000000056ef0000,0x0000000056ff0000)]
  0x00000000547f1800 JavaThread "Finalizer" daemon [_thread_blocked, id=8096, stack(0x0000000056940000,0x0000000056a40000)]
  0x00000000547f0000 JavaThread "Reference Handler" daemon [_thread_blocked, id=9036, stack(0x0000000056cb0000,0x0000000056db0000)]
  0x0000000001cce800 JavaThread "main" [_thread_blocked, id=9040, stack(0x0000000002420000,0x0000000002520000)]

Other Threads:
  0x00000000547ea800 VMThread [stack: 0x0000000056a50000,0x0000000056b50000] [id=9104]
  0x00000000573f5800 WatcherThread [stack: 0x0000000057db0000,0x0000000057eb0000] [id=6736]

VM state:not at safepoint (normal execution)

VM Mutex/Monitor currently owned by a thread: None

Heap:
 PSYoungGen      total 136192K, used 29861K [0x00000000eab00000, 0x00000000fdc00000, 0x0000000100000000)
  eden space 131072K, 18% used [0x00000000eab00000,0x00000000ec330260,0x00000000f2b00000)
  from space 5120K, 99% used [0x00000000f2b00000,0x00000000f2ff9518,0x00000000f3000000)
  to   space 25088K, 0% used [0x00000000fc380000,0x00000000fc380000,0x00000000fdc00000)
 ParOldGen       total 86016K, used 41397K [0x00000000c0000000, 0x00000000c5400000, 0x00000000eab00000)
  object space 86016K, 48% used [0x00000000c0000000,0x00000000c286d740,0x00000000c5400000)
 Metaspace       used 6846K, capacity 7544K, committed 7680K, reserved 1056768K
  class space    used 646K, capacity 688K, committed 768K, reserved 1048576K

Card table byte_map: [0x0000000011bb0000,0x0000000011dc0000] byte_map_base: 0x00000000115b0000

Marking Bits: (ParMarkBitMap*) 0x000000005539a5b0
 Begin Bits: [0x0000000012460000, 0x0000000013460000)
 End Bits:   [0x0000000013460000, 0x0000000014460000)

Polling page: 0x0000000000330000

CodeCache: size=245760Kb used=9791Kb max_used=9791Kb free=235968Kb
 bounds [0x00000000027f0000, 0x0000000003190000, 0x00000000117f0000]
 total_blobs=2572 nmethods=2301 adapters=183
 compilation: enabled

Compilation events (10 events):
Event: 8.947 Thread 0x0000000057380800 2506       2       java.lang.ClassLoader::addClass (9 bytes)
Event: 8.948 Thread 0x0000000057380800 nmethod 2506 0x0000000003183bd0 code [0x0000000003183d40, 0x0000000003183ea8]
Event: 8.948 Thread 0x0000000057380800 2507       2       java.lang.ClassLoader::postDefineClass (26 bytes)
Event: 8.948 Thread 0x0000000057380800 nmethod 2507 0x0000000003183f90 code [0x0000000003184100, 0x00000000031842b8]
Event: 8.948 Thread 0x0000000057380800 2508       2       com.android.dx.util.ByteArrayAnnotatedOutput::writeInt (90 bytes)
Event: 8.949 Thread 0x0000000057380800 nmethod 2508 0x0000000003184410 code [0x00000000031845a0, 0x0000000003184898]
Event: 8.949 Thread 0x0000000057380800 2509       2       com.android.dx.util.ByteArrayAnnotatedOutput::alignTo (69 bytes)
Event: 8.949 Thread 0x0000000057380800 nmethod 2509 0x0000000003184ad0 code [0x0000000003184c60, 0x0000000003184f88]
Event: 8.949 Thread 0x0000000057380800 2510       2       com.android.dx.dex.file.StringIdItem::writeTo (95 bytes)
Event: 8.950 Thread 0x0000000057380800 nmethod 2510 0x0000000003185150 code [0x00000000031853e0, 0x0000000003185e68]

GC Heap History (10 events):
Event: 1.685 GC heap before
{Heap before GC invocations=1 (full 0):
 PSYoungGen      total 37888K, used 32768K [0x00000000eab00000, 0x00000000ed500000, 0x0000000100000000)
  eden space 32768K, 100% used [0x00000000eab00000,0x00000000ecb00000,0x00000000ecb00000)
  from space 5120K, 0% used [0x00000000ed000000,0x00000000ed000000,0x00000000ed500000)
  to   space 5120K, 0% used [0x00000000ecb00000,0x00000000ecb00000,0x00000000ed000000)
 ParOldGen       total 86016K, used 0K [0x00000000c0000000, 0x00000000c5400000, 0x00000000eab00000)
  object space 86016K, 0% used [0x00000000c0000000,0x00000000c0000000,0x00000000c5400000)
 Metaspace       used 5955K, capacity 6896K, committed 7040K, reserved 1056768K
  class space    used 602K, capacity 616K, committed 640K, reserved 1048576K
Event: 2.012 GC heap after
Heap after GC invocations=1 (full 0):
 PSYoungGen      total 37888K, used 5093K [0x00000000eab00000, 0x00000000ef500000, 0x0000000100000000)
  eden space 32768K, 0% used [0x00000000eab00000,0x00000000eab00000,0x00000000ecb00000)
  from space 5120K, 99% used [0x00000000ecb00000,0x00000000ecff97f8,0x00000000ed000000)
  to   space 5120K, 0% used [0x00000000ef000000,0x00000000ef000000,0x00000000ef500000)
 ParOldGen       total 86016K, used 737K [0x00000000c0000000, 0x00000000c5400000, 0x00000000eab00000)
  object space 86016K, 0% used [0x00000000c0000000,0x00000000c00b8448,0x00000000c5400000)
 Metaspace       used 5955K, capacity 6896K, committed 7040K, reserved 1056768K
  class space    used 602K, capacity 616K, committed 640K, reserved 1048576K
}
Event: 2.407 GC heap before
{Heap before GC invocations=2 (full 0):
 PSYoungGen      total 37888K, used 37861K [0x00000000eab00000, 0x00000000ef500000, 0x0000000100000000)
  eden space 32768K, 100% used [0x00000000eab00000,0x00000000ecb00000,0x00000000ecb00000)
  from space 5120K, 99% used [0x00000000ecb00000,0x00000000ecff97f8,0x00000000ed000000)
  to   space 5120K, 0% used [0x00000000ef000000,0x00000000ef000000,0x00000000ef500000)
 ParOldGen       total 86016K, used 737K [0x00000000c0000000, 0x00000000c5400000, 0x00000000eab00000)
  object space 86016K, 0% used [0x00000000c0000000,0x00000000c00b8448,0x00000000c5400000)
 Metaspace       used 6153K, capacity 7088K, committed 7296K, reserved 1056768K
  class space    used 602K, capacity 616K, committed 640K, reserved 1048576K
Event: 2.622 GC heap after
Heap after GC invocations=2 (full 0):
 PSYoungGen      total 70656K, used 5112K [0x00000000eab00000, 0x00000000ef500000, 0x0000000100000000)
  eden space 65536K, 0% used [0x00000000eab00000,0x00000000eab00000,0x00000000eeb00000)
  from space 5120K, 99% used [0x00000000ef000000,0x00000000ef4fe330,0x00000000ef500000)
  to   space 5120K, 0% used [0x00000000eeb00000,0x00000000eeb00000,0x00000000ef000000)
 ParOldGen       total 86016K, used 4712K [0x00000000c0000000, 0x00000000c5400000, 0x00000000eab00000)
  object space 86016K, 5% used [0x00000000c0000000,0x00000000c049a230,0x00000000c5400000)
 Metaspace       used 6153K, capacity 7088K, committed 7296K, reserved 1056768K
  class space    used 602K, capacity 616K, committed 640K, reserved 1048576K
}
Event: 3.074 GC heap before
{Heap before GC invocations=3 (full 0):
 PSYoungGen      total 70656K, used 70648K [0x00000000eab00000, 0x00000000ef500000, 0x0000000100000000)
  eden space 65536K, 100% used [0x00000000eab00000,0x00000000eeb00000,0x00000000eeb00000)
  from space 5120K, 99% used [0x00000000ef000000,0x00000000ef4fe330,0x00000000ef500000)
  to   space 5120K, 0% used [0x00000000eeb00000,0x00000000eeb00000,0x00000000ef000000)
 ParOldGen       total 86016K, used 4712K [0x00000000c0000000, 0x00000000c5400000, 0x00000000eab00000)
  object space 86016K, 5% used [0x00000000c0000000,0x00000000c049a230,0x00000000c5400000)
 Metaspace       used 6243K, capacity 7088K, committed 7296K, reserved 1056768K
  class space    used 603K, capacity 616K, committed 640K, reserved 1048576K
Event: 3.102 GC heap after
Heap after GC invocations=3 (full 0):
 PSYoungGen      total 70656K, used 5106K [0x00000000eab00000, 0x00000000f3500000, 0x0000000100000000)
  eden space 65536K, 0% used [0x00000000eab00000,0x00000000eab00000,0x00000000eeb00000)
  from space 5120K, 99% used [0x00000000eeb00000,0x00000000eeffca88,0x00000000ef000000)
  to   space 5120K, 0% used [0x00000000f3000000,0x00000000f3000000,0x00000000f3500000)
 ParOldGen       total 86016K, used 14621K [0x00000000c0000000, 0x00000000c5400000, 0x00000000eab00000)
  object space 86016K, 16% used [0x00000000c0000000,0x00000000c0e474a0,0x00000000c5400000)
 Metaspace       used 6243K, capacity 7088K, committed 7296K, reserved 1056768K
  class space    used 603K, capacity 616K, committed 640K, reserved 1048576K
}
Event: 3.650 GC heap before
{Heap before GC invocations=4 (full 0):
 PSYoungGen      total 70656K, used 70642K [0x00000000eab00000, 0x00000000f3500000, 0x0000000100000000)
  eden space 65536K, 100% used [0x00000000eab00000,0x00000000eeb00000,0x00000000eeb00000)
  from space 5120K, 99% used [0x00000000eeb00000,0x00000000eeffca88,0x00000000ef000000)
  to   space 5120K, 0% used [0x00000000f3000000,0x00000000f3000000,0x00000000f3500000)
 ParOldGen       total 86016K, used 14621K [0x00000000c0000000, 0x00000000c5400000, 0x00000000eab00000)
  object space 86016K, 16% used [0x00000000c0000000,0x00000000c0e474a0,0x00000000c5400000)
 Metaspace       used 6366K, capacity 7192K, committed 7424K, reserved 1056768K
  class space    used 623K, capacity 656K, committed 768K, reserved 1048576K
Event: 3.684 GC heap after
Heap after GC invocations=4 (full 0):
 PSYoungGen      total 136192K, used 5117K [0x00000000eab00000, 0x00000000f3500000, 0x0000000100000000)
  eden space 131072K, 0% used [0x00000000eab00000,0x00000000eab00000,0x00000000f2b00000)
  from space 5120K, 99% used [0x00000000f3000000,0x00000000f34ff648,0x00000000f3500000)
  to   space 5120K, 0% used [0x00000000f2b00000,0x00000000f2b00000,0x00000000f3000000)
 ParOldGen       total 86016K, used 23069K [0x00000000c0000000, 0x00000000c5400000, 0x00000000eab00000)
  object space 86016K, 26% used [0x00000000c0000000,0x00000000c1687680,0x00000000c5400000)
 Metaspace       used 6366K, capacity 7192K, committed 7424K, reserved 1056768K
  class space    used 623K, capacity 656K, committed 768K, reserved 1048576K
}
Event: 6.842 GC heap before
{Heap before GC invocations=5 (full 0):
 PSYoungGen      total 136192K, used 136189K [0x00000000eab00000, 0x00000000f3500000, 0x0000000100000000)
  eden space 131072K, 100% used [0x00000000eab00000,0x00000000f2b00000,0x00000000f2b00000)
  from space 5120K, 99% used [0x00000000f3000000,0x00000000f34ff648,0x00000000f3500000)
  to   space 5120K, 0% used [0x00000000f2b00000,0x00000000f2b00000,0x00000000f3000000)
 ParOldGen       total 86016K, used 23069K [0x00000000c0000000, 0x00000000c5400000, 0x00000000eab00000)
  object space 86016K, 26% used [0x00000000c0000000,0x00000000c1687680,0x00000000c5400000)
 Metaspace       used 6383K, capacity 7192K, committed 7424K, reserved 1056768K
  class space    used 625K, capacity 656K, committed 768K, reserved 1048576K
Event: 7.075 GC heap after
Heap after GC invocations=5 (full 0):
 PSYoungGen      total 136192K, used 5093K [0x00000000eab00000, 0x00000000fdc00000, 0x0000000100000000)
  eden space 131072K, 0% used [0x00000000eab00000,0x00000000eab00000,0x00000000f2b00000)
  from space 5120K, 99% used [0x00000000f2b00000,0x00000000f2ff9518,0x00000000f3000000)
  to   space 25088K, 0% used [0x00000000fc380000,0x00000000fc380000,0x00000000fdc00000)
 ParOldGen       total 86016K, used 41397K [0x00000000c0000000, 0x00000000c5400000, 0x00000000eab00000)
  object space 86016K, 48% used [0x00000000c0000000,0x00000000c286d740,0x00000000c5400000)
 Metaspace       used 6383K, capacity 7192K, committed 7424K, reserved 1056768K
  class space    used 625K, capacity 656K, committed 768K, reserved 1048576K
}

Deoptimization events (10 events):
Event: 7.657 Thread 0x00000000576be000 Uncommon trap: reason=class_check action=maybe_recompile pc=0x0000000002c385f8 method=java.util.Arrays.hashCode([Ljava/lang/Object;)I @ 43
Event: 7.657 Thread 0x00000000576be000 Uncommon trap: reason=class_check action=maybe_recompile pc=0x0000000002c385f8 method=java.util.Arrays.hashCode([Ljava/lang/Object;)I @ 43
Event: 7.657 Thread 0x00000000576be000 Uncommon trap: reason=class_check action=maybe_recompile pc=0x0000000002c385f8 method=java.util.Arrays.hashCode([Ljava/lang/Object;)I @ 43
Event: 7.657 Thread 0x00000000576be000 Uncommon trap: reason=class_check action=maybe_recompile pc=0x0000000002c385f8 method=java.util.Arrays.hashCode([Ljava/lang/Object;)I @ 43
Event: 7.657 Thread 0x00000000576be000 Uncommon trap: reason=class_check action=maybe_recompile pc=0x0000000002c47e28 method=java.util.Arrays.hashCode([Ljava/lang/Object;)I @ 43
Event: 8.107 Thread 0x00000000576be000 Uncommon trap: reason=speculate_class_check action=maybe_recompile pc=0x0000000002b41704 method=com.android.dx.util.FixedSizeList.equals(Ljava/lang/Object;)Z @ 25
Event: 8.187 Thread 0x00000000576be000 Uncommon trap: reason=speculate_class_check action=maybe_recompile pc=0x0000000002b41704 method=com.android.dx.util.FixedSizeList.equals(Ljava/lang/Object;)Z @ 25
Event: 8.187 Thread 0x00000000576be000 Uncommon trap: reason=speculate_class_check action=maybe_recompile pc=0x0000000002b41704 method=com.android.dx.util.FixedSizeList.equals(Ljava/lang/Object;)Z @ 25
Event: 8.187 Thread 0x00000000576be000 Uncommon trap: reason=speculate_class_check action=maybe_recompile pc=0x0000000002b41704 method=com.android.dx.util.FixedSizeList.equals(Ljava/lang/Object;)Z @ 25
Event: 8.560 Thread 0x00000000576be000 Uncommon trap: reason=unstable_if action=reinterpret pc=0x0000000002f7a40c method=java.util.TreeMap.put(Ljava/lang/Object;Ljava/lang/Object;)Ljava/lang/Object; @ 163

Internal exceptions (6 events):
Event: 0.070 Thread 0x0000000001cce800 Exception <a 'java/lang/NoSuchMethodError': Method sun.misc.Unsafe.defineClass(Ljava/lang/String;[BII)Ljava/lang/Class; name or signature does not match> (0x00000000eab13070) thrown at [C:\workspace\8-2-build-windows-amd64-cygwin\jdk8u65\4987\hotspot\src\sègS:≤?
Event: 0.071 Thread 0x0000000001cce800 Exception <a 'java/lang/NoSuchMethodError': Method sun.misc.Unsafe.prefetchRead(Ljava/lang/Object;J)V name or signature does not match> (0x00000000eab13358) thrown at [C:\workspace\8-2-build-windows-amd64-cygwin\jdk8u65\4987\hotspot\src\share\vm\prims\jni.È⁄óA/˜?
Event: 1.449 Thread 0x0000000057749000 Implicit null exception at 0x0000000002abf7b3 to 0x0000000002ac17f9
Event: 3.471 Thread 0x0000000001cce800 Exception <a 'java/lang/ArrayIndexOutOfBoundsException': 18> (0x00000000ecaeb308) thrown at [C:\workspace\8-2-build-windows-amd64-cygwin\jdk8u65\4987\hotspot\src\share\vm\interpreter\interpreterRuntime.cpp, line 366]
Event: 3.471 Thread 0x0000000001cce800 Exception <a 'java/lang/ArrayIndexOutOfBoundsException'> (0x00000000ecaece88) thrown at [C:\workspace\8-2-build-windows-amd64-cygwin\jdk8u65\4987\hotspot\src\share\vm\runtime\sharedRuntime.cpp, line 605]
Event: 3.472 Thread 0x0000000001cce800 Exception <a 'java/lang/ArrayIndexOutOfBoundsException'> (0x00000000ecaee170) thrown at [C:\workspace\8-2-build-windows-amd64-cygwin\jdk8u65\4987\hotspot\src\share\vm\runtime\sharedRuntime.cpp, line 605]

Events (10 events):
Event: 8.864 loading class com/android/dx/dex/file/DebugInfoEncoder$2
Event: 8.864 loading class com/android/dx/dex/file/DebugInfoEncoder$2 done
Event: 8.907 loading class com/android/dex/EncodedValueCodec
Event: 8.907 loading class com/android/dex/EncodedValueCodec done
Event: 8.930 Thread 0x00000000576be000 DEOPT PACKING pc=0x0000000003147749 sp=0x0000000056edee90
Event: 8.930 Thread 0x00000000576be000 DEOPT UNPACKING pc=0x000000000283787f sp=0x0000000056edebb8 mode 0
Event: 8.931 loading class com/android/dx/dex/file/MapItem
Event: 8.931 loading class com/android/dx/dex/file/MapItem done
Event: 8.941 loading class com/android/dex/DexFormat
Event: 8.941 loading class com/android/dex/DexFormat done


Dynamic libraries:
0x000000013fae0000 - 0x000000013fb17000 	C:\Program Files\Java\jdk1.8.0_65\bin\java.exe
0x0000000076f10000 - 0x00000000770b9000 	C:\Windows\SYSTEM32\ntdll.dll
0x0000000076df0000 - 0x0000000076f0f000 	C:\Windows\system32\kernel32.dll
0x000007fefd010000 - 0x000007fefd07c000 	C:\Windows\system32\KERNELBASE.dll
0x000007fefd870000 - 0x000007fefd94b000 	C:\Windows\system32\ADVAPI32.dll
0x000007fefd270000 - 0x000007fefd30f000 	C:\Windows\system32\msvcrt.dll
0x000007feff130000 - 0x000007feff14f000 	C:\Windows\SYSTEM32\sechost.dll
0x000007fefef60000 - 0x000007feff08d000 	C:\Windows\system32\RPCRT4.dll
0x0000000076cf0000 - 0x0000000076dea000 	C:\Windows\system32\USER32.dll
0x000007fefd5e0000 - 0x000007fefd647000 	C:\Windows\system32\GDI32.dll
0x000007fefd760000 - 0x000007fefd76e000 	C:\Windows\system32\LPK.dll
0x000007feff150000 - 0x000007feff219000 	C:\Windows\system32\USP10.dll
0x000007fefbcf0000 - 0x000007fefbee4000 	C:\Windows\WinSxS\amd64_microsoft.windows.common-controls_6595b64144ccf1df_6.0.7601.18837_none_fa3b1e3d17594757\COMCTL32.dll
0x000007fefd950000 - 0x000007fefd9c1000 	C:\Windows\system32\SHLWAPI.dll
0x000007fefd650000 - 0x000007fefd67e000 	C:\Windows\system32\IMM32.DLL
0x000007fefd160000 - 0x000007fefd269000 	C:\Windows\system32\MSCTF.dll
0x00000000578d0000 - 0x00000000579a2000 	C:\Program Files\Java\jdk1.8.0_65\jre\bin\msvcr100.dll
0x0000000054b90000 - 0x0000000055419000 	C:\Program Files\Java\jdk1.8.0_65\jre\bin\server\jvm.dll
0x000007fef2830000 - 0x000007fef2839000 	C:\Windows\system32\WSOCK32.dll
0x000007fefd080000 - 0x000007fefd0cd000 	C:\Windows\system32\WS2_32.dll
0x000007fefd150000 - 0x000007fefd158000 	C:\Windows\system32\NSI.dll
0x000007fefa360000 - 0x000007fefa39b000 	C:\Windows\system32\WINMM.dll
0x000007fefbb00000 - 0x000007fefbb0c000 	C:\Windows\system32\VERSION.dll
0x00000000770d0000 - 0x00000000770d7000 	C:\Windows\system32\PSAPI.DLL
0x0000000057c60000 - 0x0000000057c6f000 	C:\Program Files\Java\jdk1.8.0_65\jre\bin\verify.dll
0x0000000057c00000 - 0x0000000057c29000 	C:\Program Files\Java\jdk1.8.0_65\jre\bin\java.dll
0x0000000057be0000 - 0x0000000057bf6000 	C:\Program Files\Java\jdk1.8.0_65\jre\bin\zip.dll
0x000007fefdfc0000 - 0x000007fefed49000 	C:\Windows\system32\SHELL32.dll
0x000007fefed50000 - 0x000007fefef53000 	C:\Windows\system32\ole32.dll
0x000007fefccd0000 - 0x000007fefccdf000 	C:\Windows\system32\profapi.dll

VM Arguments:
jvm_args: -Djava.awt.headless=true -Xmx1024M -Dfile.encoding=windows-1251 -Duser.country=RU -Duser.language=ru -Duser.variant 
java_command: com.android.dx.command.Main --dex --force-jumbo --num-threads=4 --multi-dex --output C:\Users\1\Downloads\MaterialHW\app\build\intermediates\transforms\dex\debug\folders\1000\10\com.android.support-appcompat-v7-23.2.0_f8d29758d6dac8285979087dbae4b44faaf9dde1 C:\Users\1\Downloads\MaterialHW\app\build\intermediates\exploded-aar\com.android.support\appcompat-v7\23.2.0\jars\classes.jar
java_class_path (initial): C:\Users\1\AppData\Local\Android\sdk\build-tools\23.0.3\lib\dx.jar
Launcher Type: SUN_STANDARD

Environment Variables:
PATH=C:\ProgramData\Oracle\Java\javapath;C:\Program Files (x86)\Intel\iCLS Client\;C:\Program Files\Intel\iCLS Client\;C:\Windows\system32;C:\Windows;C:\Windows\System32\Wbem;C:\Windows\System32\WindowsPowerShell\v1.0\;C:\Program Files\Intel\Intel(R) Management Engine Components\DAL;C:\Program Files\Intel\Intel(R) Management Engine Components\IPT;C:\Program Files (x86)\Intel\Intel(R) Management Engine Components\DAL;C:\Program Files (x86)\Intel\Intel(R) Management Engine Components\IPT;C:\Program Files (x86)\Skype\Phone\;C:\Users\1\AppData\Local\Android\sdk\tools;C:\Users\1\AppData\Local\Programs\Python\Python35;C:\Program Files\Lenovo\Bluetooth Software\;C:\Program Files\Lenovo\Bluetooth Software\syswow64;c:\tmp\gradle-2.11\bin\;C:\Program Files\nodejs\;C:\Program Files (x86)\Intel\OpenCL SDK\2.0\bin\x86;C:\Program Files (x86)\Intel\OpenCL SDK\2.0\bin\x64;C:\Program Files (x86)\Microsoft SQL Server\Client SDK\ODBC\110\Tools\Binn\;C:\Program Files (x86)\Microsoft SQL Server\130\Tools\Binn\;C:\Program Files (x86)\Microsoft SQL Server\130\DTS\Binn\;C:\Program Files (x86)\Microsoft SQL Server\130\Tools\Binn\ManagementStudio\;C:\Program Files\Process Lasso;C:\Program Files (x86)\Windows Kits\8.1\Windows Performance Toolkit\;C:\Users\1\AppData\Local\Programs\Python\Python35\Scripts\;C:\Users\1\AppData\Local\Programs\Python\Python35\;C:\Users\1\AppData\Roaming\npm;C:\tmp\mp3inf;C:\tmp\mp3inf\usr\local\wbin
USERNAME=1
OS=Windows_NT
PROCESSOR_IDENTIFIER=Intel64 Family 6 Model 58 Stepping 9, GenuineIntel



---------------  S Y S T E M  ---------------

OS: Windows 7 , 64 bit Build 7601 (6.1.7601.18933)

CPU:total 4 (2 cores per cpu, 2 threads per core) family 6 model 58 stepping 9, cmov, cx8, fxsr, mmx, sse, sse2, sse3, ssse3, sse4.1, sse4.2, popcnt, avx, aes, clmul, erms, ht, tsc, tscinvbit, tscinv

Memory: 4k page, physical 8254312k(1242932k free), swap 8252472k(6432k free)

vm_info: Java HotSpot(TM) 64-Bit Server VM (25.65-b01) for windows-amd64 JRE (1.8.0_65-b17), built on Oct  6 2015 16:39:20 by "java_re" with MS VC++ 10.0 (VS2010)

time: Sat Jul 30 13:13:02 2016
elapsed time: 8 seconds (0d 0h 0m 8s)

