#
# There is insufficient memory for the Java Runtime Environment to continue.
# Native memory allocation (malloc) failed to allocate 32744 bytes for ChunkPool::allocate
# Possible reasons:
#   The system is out of physical RAM or swap space
#   In 32 bit mode, the process size limit was hit
# Possible solutions:
#   Reduce memory load on the system
#   Increase physical memory or swap space
#   Check if swap backing store is full
#   Use 64 bit Java on a 64 bit OS
#   Decrease Java heap size (-Xmx/-Xms)
#   Decrease number of Java threads
#   Decrease Java thread stack sizes (-Xss)
#   Set larger code cache with -XX:ReservedCodeCacheSize=
# This output file may be truncated or incomplete.
#
#  Out of Memory Error (allocation.cpp:273), pid=7572, tid=8976
#
# JRE version: Java(TM) SE Runtime Environment (8.0_65-b17) (build 1.8.0_65-b17)
# Java VM: Java HotSpot(TM) 64-Bit Server VM (25.65-b01 mixed mode windows-amd64 compressed oops)
# Failed to write core dump. Minidumps are not enabled by default on client versions of Windows
#

---------------  T H R E A D  ---------------

Current thread (0x0000000055179800):  JavaThread "C2 CompilerThread0" daemon [_thread_in_native, id=8976, stack(0x00000000567d0000,0x00000000568d0000)]

Stack: [0x00000000567d0000,0x00000000568d0000]
[error occurred during error reporting (printing stack bounds), id 0xc0000005]

Native frames: (J=compiled Java code, j=interpreted, Vv=VM code, C=native code)


Current CompileTask:
C2:   1709  535       4       java.util.ArrayList::add (29 bytes)


---------------  P R O C E S S  ---------------

Java Threads: ( => current thread )
  0x0000000056b37000 JavaThread "pool-2-thread-4" [_thread_blocked, id=6316, stack(0x0000000057ea0000,0x0000000057fa0000)]
  0x0000000056b2f800 JavaThread "pool-2-thread-3" [_thread_blocked, id=7788, stack(0x0000000058110000,0x0000000058210000)]
  0x0000000056b2b000 JavaThread "pool-2-thread-2" [_thread_in_Java, id=6300, stack(0x0000000057ff0000,0x00000000580f0000)]
  0x0000000056a3e800 JavaThread "pool-3-thread-1" [_thread_blocked, id=7504, stack(0x0000000057d60000,0x0000000057e60000)]
  0x0000000056a39000 JavaThread "pool-2-thread-1" [_thread_blocked, id=6240, stack(0x0000000057b40000,0x0000000057c40000)]
  0x000000005693f000 JavaThread "Service Thread" daemon [_thread_blocked, id=1652, stack(0x0000000056080000,0x0000000056180000)]
  0x000000005691d000 JavaThread "C1 CompilerThread2" daemon [_thread_in_native, id=7124, stack(0x0000000057990000,0x0000000057a90000)]
  0x000000005691c800 JavaThread "C2 CompilerThread1" daemon [_thread_in_vm, id=5012, stack(0x0000000056d90000,0x0000000056e90000)]
=>0x0000000055179800 JavaThread "C2 CompilerThread0" daemon [_thread_in_native, id=8976, stack(0x00000000567d0000,0x00000000568d0000)]
  0x0000000055171000 JavaThread "Attach Listener" daemon [_thread_blocked, id=8152, stack(0x0000000056600000,0x0000000056700000)]
  0x000000005516f800 JavaThread "Signal Dispatcher" daemon [_thread_blocked, id=4356, stack(0x00000000564f0000,0x00000000565f0000)]
  0x0000000055111800 JavaThread "Finalizer" daemon [_thread_blocked, id=5948, stack(0x00000000562e0000,0x00000000563e0000)]
  0x0000000055110800 JavaThread "Reference Handler" daemon [_thread_blocked, id=6172, stack(0x0000000056180000,0x0000000056280000)]
  0x000000000222e800 JavaThread "main" [_thread_in_vm, id=6388, stack(0x0000000002560000,0x0000000002660000)]

Other Threads:
  0x000000005510b000 VMThread [stack: 0x0000000055f70000,0x0000000056070000] [id=3404]
  0x0000000056952000 WatcherThread [stack: 0x0000000057880000,0x0000000057980000] [id=7532]

VM state:not at safepoint (normal execution)

VM Mutex/Monitor currently owned by a thread: None

Heap:
 PSYoungGen      total 37888K, used 13140K [0x00000000eab00000, 0x00000000ed500000, 0x0000000100000000)
  eden space 32768K, 40% used [0x00000000eab00000,0x00000000eb7d50e8,0x00000000ecb00000)
  from space 5120K, 0% used [0x00000000ed000000,0x00000000ed000000,0x00000000ed500000)
  to   space 5120K, 0% used [0x00000000ecb00000,0x00000000ecb00000,0x00000000ed000000)
 ParOldGen       total 86016K, used 0K [0x00000000c0000000, 0x00000000c5400000, 0x00000000eab00000)
  object space 86016K, 0% used [0x00000000c0000000,0x00000000c0000000,0x00000000c5400000)
 Metaspace       used 5260K, capacity 6448K, committed 6528K, reserved 1056768K
  class space    used 573K, capacity 616K, committed 640K, reserved 1048576K

Card table byte_map: [0x0000000011cf0000,0x0000000011f00000] byte_map_base: 0x00000000116f0000

Marking Bits: (ParMarkBitMap*) 0x000000005775a5b0
 Begin Bits: [0x0000000012580000, 0x0000000013580000)
 End Bits:   [0x0000000013580000, 0x0000000014580000)

Polling page: 0x0000000000430000

CodeCache: size=245760Kb used=2125Kb max_used=2137Kb free=243634Kb
 bounds [0x0000000002930000, 0x0000000002ba0000, 0x0000000011930000]
 total_blobs=772 nmethods=511 adapters=174
 compilation: enabled

Compilation events (10 events):
Event: 1.672 Thread 0x000000005691d000 nmethod 507 0x0000000002b42b50 code [0x0000000002b42ce0, 0x0000000002b43238]
Event: 1.686 Thread 0x000000005691d000  510       1       java.util.HashMap::afterNodeInsertion (1 bytes)
Event: 1.686 Thread 0x000000005691d000 nmethod 510 0x0000000002b43390 code [0x0000000002b434e0, 0x0000000002b435f0]
Event: 1.687 Thread 0x000000005691d000  515       3       com.android.dx.rop.code.InsnList::set (7 bytes)
Event: 1.687 Thread 0x000000005691d000 nmethod 515 0x0000000002b43650 code [0x0000000002b43820, 0x0000000002b43fe8]
Event: 1.687 Thread 0x000000005691d000  516   !   3       com.android.dx.cf.code.BytecodeArray::parseInstruction (2764 bytes)
Event: 1.706 Thread 0x0000000055179800  535       4       java.util.ArrayList::add (29 bytes)
Event: 1.706 Thread 0x000000005691c800  538       4       com.android.dx.util.Bits::set (19 bytes)
Event: 1.707 Thread 0x000000005691c800 nmethod 538 0x0000000002b47210 code [0x0000000002b47340, 0x0000000002b473d8]
Event: 1.707 Thread 0x000000005691c800  511       4       java.util.Arrays::copyOfRange (63 bytes)

GC Heap History (0 events):
No events

Deoptimization events (8 events):
Event: 0.898 Thread 0x0000000056a39000 Uncommon trap: reason=class_check action=maybe_recompile pc=0x0000000002adfb64 method=com.android.dx.rop.cst.Constant.compareTo(Ljava/lang/Object;)I @ 2
Event: 0.898 Thread 0x0000000056a39000 Uncommon trap: reason=class_check action=maybe_recompile pc=0x0000000002adfb64 method=com.android.dx.rop.cst.Constant.compareTo(Ljava/lang/Object;)I @ 2
Event: 0.898 Thread 0x0000000056a39000 Uncommon trap: reason=class_check action=maybe_recompile pc=0x0000000002adfb64 method=com.android.dx.rop.cst.Constant.compareTo(Ljava/lang/Object;)I @ 2
Event: 0.898 Thread 0x0000000056a39000 Uncommon trap: reason=class_check action=maybe_recompile pc=0x0000000002adfb64 method=com.android.dx.rop.cst.Constant.compareTo(Ljava/lang/Object;)I @ 2
Event: 1.682 Thread 0x0000000056b2b000 Uncommon trap: reason=class_check action=maybe_recompile pc=0x0000000002af0340 method=com.android.dx.rop.cst.CstMemberRef.compareTo0(Lcom/android/dx/rop/cst/Constant;)I @ 1
Event: 1.691 Thread 0x0000000056b2b000 Uncommon trap: reason=unstable_if action=reinterpret pc=0x0000000002b2689c method=java.util.HashMap.getNode(ILjava/lang/Object;)Ljava/util/HashMap$Node; @ 62
Event: 1.703 Thread 0x000000000222e800 Uncommon trap: reason=class_check action=maybe_recompile pc=0x0000000002af0340 method=com.android.dx.rop.cst.CstMemberRef.compareTo0(Lcom/android/dx/rop/cst/Constant;)I @ 1
Event: 1.703 Thread 0x000000000222e800 Uncommon trap: reason=class_check action=maybe_recompile pc=0x0000000002af0340 method=com.android.dx.rop.cst.CstMemberRef.compareTo0(Lcom/android/dx/rop/cst/Constant;)I @ 1

Internal exceptions (2 events):
Event: 0.065 Thread 0x000000000222e800 Exception <a 'java/lang/NoSuchMethodError': Method sun.misc.Unsafe.defineClass(Ljava/lang/String;[BII)Ljava/lang/Class; name or signature does not match> (0x00000000eab13070) thrown at [C:\workspace\8-2-build-windows-amd64-cygwin\jdk8u65\4987\hotspot\src\s¼Æö6%À°?
Event: 0.065 Thread 0x000000000222e800 Exception <a 'java/lang/NoSuchMethodError': Method sun.misc.Unsafe.prefetchRead(Ljava/lang/Object;J)V name or signature does not match> (0x00000000eab13358) thrown at [C:\workspace\8-2-build-windows-amd64-cygwin\jdk8u65\4987\hotspot\src\share\vm\prims\jni.

Events (10 events):
Event: 1.691 Thread 0x0000000056b2b000 DEOPT PACKING pc=0x0000000002b2689c sp=0x00000000580ee990
Event: 1.691 Thread 0x0000000056b2b000 DEOPT UNPACKING pc=0x000000000297582a sp=0x00000000580ee908 mode 2
Event: 1.703 Thread 0x000000000222e800 Uncommon trap: trap_request=0xffffffde fr.pc=0x0000000002af0340
Event: 1.703 Thread 0x000000000222e800 DEOPT PACKING pc=0x0000000002af0340 sp=0x000000000265e340
Event: 1.703 Thread 0x000000000222e800 DEOPT UNPACKING pc=0x000000000297582a sp=0x000000000265e2c8 mode 2
Event: 1.703 Thread 0x000000000222e800 Uncommon trap: trap_request=0xffffffde fr.pc=0x0000000002af0340
Event: 1.703 Thread 0x000000000222e800 DEOPT PACKING pc=0x0000000002af0340 sp=0x000000000265e320
Event: 1.703 Thread 0x000000000222e800 DEOPT UNPACKING pc=0x000000000297582a sp=0x000000000265e2a8 mode 2
Event: 1.703 loading class com/android/dx/cf/code/BytecodeArray$ConstantParserVisitor
Event: 1.703 loading class com/android/dx/cf/code/BytecodeArray$ConstantParserVisitor done


Dynamic libraries:
0x000000013fcf0000 - 0x000000013fd27000 	C:\Program Files\Java\jdk1.8.0_65\bin\java.exe
0x0000000076e80000 - 0x0000000077029000 	C:\Windows\SYSTEM32\ntdll.dll
0x0000000076d60000 - 0x0000000076e7f000 	C:\Windows\system32\kernel32.dll
0x000007fefcf40000 - 0x000007fefcfac000 	C:\Windows\system32\KERNELBASE.dll
0x000007fefcff0000 - 0x000007fefd0cb000 	C:\Windows\system32\ADVAPI32.dll
0x000007fefd3b0000 - 0x000007fefd44f000 	C:\Windows\system32\msvcrt.dll
0x000007fefec60000 - 0x000007fefec7f000 	C:\Windows\SYSTEM32\sechost.dll
0x000007fefeb30000 - 0x000007fefec5d000 	C:\Windows\system32\RPCRT4.dll
0x0000000076c60000 - 0x0000000076d5a000 	C:\Windows\system32\USER32.dll
0x000007fefe690000 - 0x000007fefe6f7000 	C:\Windows\system32\GDI32.dll
0x000007fefe1f0000 - 0x000007fefe1fe000 	C:\Windows\system32\LPK.dll
0x000007fefee10000 - 0x000007fefeed9000 	C:\Windows\system32\USP10.dll
0x000007fefbb60000 - 0x000007fefbd54000 	C:\Windows\WinSxS\amd64_microsoft.windows.common-controls_6595b64144ccf1df_6.0.7601.18837_none_fa3b1e3d17594757\COMCTL32.dll
0x000007fefec80000 - 0x000007fefecf1000 	C:\Windows\system32\SHLWAPI.dll
0x000007fefd170000 - 0x000007fefd19e000 	C:\Windows\system32\IMM32.DLL
0x000007fefed00000 - 0x000007fefee09000 	C:\Windows\system32\MSCTF.dll
0x000000005a260000 - 0x000000005a332000 	C:\Program Files\Java\jdk1.8.0_65\jre\bin\msvcr100.dll
0x0000000056f50000 - 0x00000000577d9000 	C:\Program Files\Java\jdk1.8.0_65\jre\bin\server\jvm.dll
0x000007fef2fa0000 - 0x000007fef2fa9000 	C:\Windows\system32\WSOCK32.dll
0x000007fefe200000 - 0x000007fefe24d000 	C:\Windows\system32\WS2_32.dll
0x000007fefd450000 - 0x000007fefd458000 	C:\Windows\system32\NSI.dll
0x000007fefa200000 - 0x000007fefa23b000 	C:\Windows\system32\WINMM.dll
0x000007fefba70000 - 0x000007fefba7c000 	C:\Windows\system32\VERSION.dll
0x0000000077050000 - 0x0000000077057000 	C:\Windows\system32\PSAPI.DLL
0x00000000606b0000 - 0x00000000606bf000 	C:\Program Files\Java\jdk1.8.0_65\jre\bin\verify.dll
0x000000005a520000 - 0x000000005a549000 	C:\Program Files\Java\jdk1.8.0_65\jre\bin\java.dll
0x000000005a660000 - 0x000000005a676000 	C:\Program Files\Java\jdk1.8.0_65\jre\bin\zip.dll
0x000007fefd460000 - 0x000007fefe1e9000 	C:\Windows\system32\SHELL32.dll
0x000007fefef80000 - 0x000007feff183000 	C:\Windows\system32\ole32.dll
0x000007fefcc30000 - 0x000007fefcc3f000 	C:\Windows\system32\profapi.dll

VM Arguments:
jvm_args: -Djava.awt.headless=true -Xmx1024M -Dfile.encoding=windows-1251 -Duser.country=RU -Duser.language=ru -Duser.variant 
java_command: com.android.dx.command.Main --dex --force-jumbo --num-threads=4 --multi-dex --output C:\Users\1\Downloads\MaterialHW\app\build\intermediates\transforms\dex\debug\folders\1000\5\slice_0 C:\Users\1\Downloads\MaterialHW\app\build\intermediates\transforms\instantRunSlicer\debug\folders\1\5\slice_0
java_class_path (initial): C:\Users\1\AppData\Local\Android\sdk\build-tools\23.0.3\lib\dx.jar
Launcher Type: SUN_STANDARD

Environment Variables:
PATH=C:\ProgramData\Oracle\Java\javapath;C:\Program Files (x86)\Intel\iCLS Client\;C:\Program Files\Intel\iCLS Client\;C:\Windows\system32;C:\Windows;C:\Windows\System32\Wbem;C:\Windows\System32\WindowsPowerShell\v1.0\;C:\Program Files\Intel\Intel(R) Management Engine Components\DAL;C:\Program Files\Intel\Intel(R) Management Engine Components\IPT;C:\Program Files (x86)\Intel\Intel(R) Management Engine Components\DAL;C:\Program Files (x86)\Intel\Intel(R) Management Engine Components\IPT;C:\Program Files (x86)\Skype\Phone\;C:\Users\1\AppData\Local\Android\sdk\tools;C:\Users\1\AppData\Local\Programs\Python\Python35;C:\Program Files\Lenovo\Bluetooth Software\;C:\Program Files\Lenovo\Bluetooth Software\syswow64;c:\tmp\gradle-2.11\bin\;C:\Program Files\nodejs\;C:\Program Files (x86)\Intel\OpenCL SDK\2.0\bin\x86;C:\Program Files (x86)\Intel\OpenCL SDK\2.0\bin\x64;C:\Program Files (x86)\Microsoft SQL Server\Client SDK\ODBC\110\Tools\Binn\;C:\Program Files (x86)\Microsoft SQL Server\130\Tools\Binn\;C:\Program Files (x86)\Microsoft SQL Server\130\DTS\Binn\;C:\Program Files (x86)\Microsoft SQL Server\130\Tools\Binn\ManagementStudio\;C:\Program Files\Process Lasso;C:\Program Files (x86)\Windows Kits\8.1\Windows Performance Toolkit\;C:\Users\1\AppData\Local\Programs\Python\Python35\Scripts\;C:\Users\1\AppData\Local\Programs\Python\Python35\;C:\Users\1\AppData\Roaming\npm;C:\tmp\mp3inf;C:\tmp\mp3inf\usr\local\wbin
USERNAME=1
OS=Windows_NT
PROCESSOR_IDENTIFIER=Intel64 Family 6 Model 58 Stepping 9, GenuineIntel



---------------  S Y S T E M  ---------------

OS: Windows 7 , 64 bit Build 7601 (6.1.7601.18933)

CPU:total 4 (2 cores per cpu, 2 threads per core) family 6 model 58 stepping 9, cmov, cx8, fxsr, mmx, sse, sse2, sse3, ssse3, sse4.1, sse4.2, popcnt, avx, aes, clmul, erms, ht, tsc, tscinvbit, tscinv

Memory: 4k page, physical 8254312k(382832k free), swap 8252472k(5076k free)

vm_info: Java HotSpot(TM) 64-Bit Server VM (25.65-b01) for windows-amd64 JRE (1.8.0_65-b17), built on Oct  6 2015 16:39:20 by "java_re" with MS VC++ 10.0 (VS2010)

time: Sun Jul 24 19:22:35 2016
elapsed time: 1 seconds (0d 0h 0m 1s)

