#
# There is insufficient memory for the Java Runtime Environment to continue.
# Native memory allocation (malloc) failed to allocate 1709648 bytes for Chunk::new
# Possible reasons:
#   The system is out of physical RAM or swap space
#   In 32 bit mode, the process size limit was hit
# Possible solutions:
#   Reduce memory load on the system
#   Increase physical memory or swap space
#   Check if swap backing store is full
#   Use 64 bit Java on a 64 bit OS
#   Decrease Java heap size (-Xmx/-Xms)
#   Decrease number of Java threads
#   Decrease Java thread stack sizes (-Xss)
#   Set larger code cache with -XX:ReservedCodeCacheSize=
# This output file may be truncated or incomplete.
#
#  Out of Memory Error (allocation.cpp:390), pid=8460, tid=1584
#
# JRE version: Java(TM) SE Runtime Environment (8.0_65-b17) (build 1.8.0_65-b17)
# Java VM: Java HotSpot(TM) 64-Bit Server VM (25.65-b01 mixed mode windows-amd64 compressed oops)
# Failed to write core dump. Minidumps are not enabled by default on client versions of Windows
#

---------------  T H R E A D  ---------------

Current thread (0x0000000055359000):  JavaThread "C2 CompilerThread0" daemon [_thread_in_native, id=1584, stack(0x0000000056650000,0x0000000056750000)]

Stack: [0x0000000056650000,0x0000000056750000]
[error occurred during error reporting (printing stack bounds), id 0xc0000005]

Native frames: (J=compiled Java code, j=interpreted, Vv=VM code, C=native code)


Current CompileTask:
C2:   8855 1867   !   4       com.android.dx.cf.cst.ConstantPoolParser::parse0 (731 bytes)


---------------  P R O C E S S  ---------------

Java Threads: ( => current thread )
  0x0000000056db0800 JavaThread "pool-2-thread-4" [_thread_blocked, id=7396, stack(0x0000000058230000,0x0000000058330000)]
  0x0000000056dad800 JavaThread "pool-2-thread-3" [_thread_blocked, id=8776, stack(0x00000000580e0000,0x00000000581e0000)]
  0x0000000056d8c000 JavaThread "pool-2-thread-2" [_thread_blocked, id=8688, stack(0x0000000057ee0000,0x0000000057fe0000)]
  0x0000000056d7c000 JavaThread "pool-3-thread-1" [_thread_blocked, id=7880, stack(0x0000000057d10000,0x0000000057e10000)]
  0x0000000056d7a000 JavaThread "pool-2-thread-1" [_thread_blocked, id=1484, stack(0x0000000057b60000,0x0000000057c60000)]
  0x000000005535e800 JavaThread "Service Thread" daemon [_thread_blocked, id=6312, stack(0x0000000057810000,0x0000000057910000)]
  0x000000005535c000 JavaThread "C1 CompilerThread2" daemon [_thread_blocked, id=7628, stack(0x00000000568d0000,0x00000000569d0000)]
  0x000000005535b000 JavaThread "C2 CompilerThread1" daemon [_thread_blocked, id=3644, stack(0x0000000056a30000,0x0000000056b30000)]
=>0x0000000055359000 JavaThread "C2 CompilerThread0" daemon [_thread_in_native, id=1584, stack(0x0000000056650000,0x0000000056750000)]
  0x0000000055350000 JavaThread "Attach Listener" daemon [_thread_blocked, id=5576, stack(0x00000000567a0000,0x00000000568a0000)]
  0x000000005534f000 JavaThread "Signal Dispatcher" daemon [_thread_blocked, id=7108, stack(0x0000000056310000,0x0000000056410000)]
  0x00000000552f1800 JavaThread "Finalizer" daemon [_thread_blocked, id=1412, stack(0x0000000056550000,0x0000000056650000)]
  0x00000000552f0000 JavaThread "Reference Handler" daemon [_thread_blocked, id=7756, stack(0x0000000056410000,0x0000000056510000)]
  0x000000000225e800 JavaThread "main" [_thread_blocked, id=6416, stack(0x0000000002450000,0x0000000002550000)]

Other Threads:
  0x00000000552ea800 VMThread [stack: 0x0000000056200000,0x0000000056300000] [id=8464]
  0x0000000056bb9800 WatcherThread [stack: 0x0000000057a20000,0x0000000057b20000] [id=8508]

VM state:not at safepoint (normal execution)

VM Mutex/Monitor currently owned by a thread: None

Heap:
 PSYoungGen      total 70656K, used 63681K [0x00000000eab00000, 0x00000000ef500000, 0x0000000100000000)
  eden space 65536K, 89% used [0x00000000eab00000,0x00000000ee4306e8,0x00000000eeb00000)
  from space 5120K, 99% used [0x00000000ef000000,0x00000000ef4fff20,0x00000000ef500000)
  to   space 5120K, 0% used [0x00000000eeb00000,0x00000000eeb00000,0x00000000ef000000)
 ParOldGen       total 86016K, used 4937K [0x00000000c0000000, 0x00000000c5400000, 0x00000000eab00000)
  object space 86016K, 5% used [0x00000000c0000000,0x00000000c04d2708,0x00000000c5400000)
 Metaspace       used 6289K, capacity 7128K, committed 7424K, reserved 1056768K
  class space    used 622K, capacity 656K, committed 768K, reserved 1048576K

Card table byte_map: [0x0000000011be0000,0x0000000011df0000] byte_map_base: 0x00000000115e0000

Marking Bits: (ParMarkBitMap*) 0x000000005775a5b0
 Begin Bits: [0x0000000012760000, 0x0000000013760000)
 End Bits:   [0x0000000013760000, 0x0000000014760000)

Polling page: 0x0000000000240000

CodeCache: size=245760Kb used=8262Kb max_used=8276Kb free=237497Kb
 bounds [0x0000000002820000, 0x0000000003040000, 0x0000000011820000]
 total_blobs=2073 nmethods=1804 adapters=182
 compilation: enabled

Compilation events (10 events):
Event: 8.506 Thread 0x0000000055359000 nmethod 1865 0x000000000300c950 code [0x000000000300cae0, 0x000000000300cf78]
Event: 8.653 Thread 0x000000005535c000 1866       3       com.android.dx.rop.cst.CstMemberRef::<init> (43 bytes)
Event: 8.654 Thread 0x0000000055359000 1867   !   4       com.android.dx.cf.cst.ConstantPoolParser::parse0 (731 bytes)
Event: 8.654 Thread 0x000000005535c000 nmethod 1866 0x000000000301ec90 code [0x000000000301ee40, 0x000000000301f2b8]
Event: 8.654 Thread 0x000000005535b000 1868       4       java.lang.String::substring (56 bytes)
Event: 8.655 Thread 0x000000005535c000 1870       3       com.android.dx.rop.annotation.Annotation::<init> (54 bytes)
Event: 8.655 Thread 0x000000005535c000 nmethod 1870 0x000000000301e290 code [0x000000000301e440, 0x000000000301e9f8]
Event: 8.659 Thread 0x000000005535b000 nmethod 1868 0x000000000301da90 code [0x000000000301dc00, 0x000000000301dfb8]
Event: 8.660 Thread 0x000000005535b000 1869       4       com.android.dx.util.ByteArray::getInt (47 bytes)
Event: 8.661 Thread 0x000000005535b000 nmethod 1869 0x000000000300c410 code [0x000000000300c560, 0x000000000300c6d8]

GC Heap History (4 events):
Event: 2.348 GC heap before
{Heap before GC invocations=1 (full 0):
 PSYoungGen      total 37888K, used 32768K [0x00000000eab00000, 0x00000000ed500000, 0x0000000100000000)
  eden space 32768K, 100% used [0x00000000eab00000,0x00000000ecb00000,0x00000000ecb00000)
  from space 5120K, 0% used [0x00000000ed000000,0x00000000ed000000,0x00000000ed500000)
  to   space 5120K, 0% used [0x00000000ecb00000,0x00000000ecb00000,0x00000000ed000000)
 ParOldGen       total 86016K, used 0K [0x00000000c0000000, 0x00000000c5400000, 0x00000000eab00000)
  object space 86016K, 0% used [0x00000000c0000000,0x00000000c0000000,0x00000000c5400000)
 Metaspace       used 5913K, capacity 6832K, committed 7040K, reserved 1056768K
  class space    used 598K, capacity 616K, committed 640K, reserved 1048576K
Event: 2.394 GC heap after
Heap after GC invocations=1 (full 0):
 PSYoungGen      total 37888K, used 5090K [0x00000000eab00000, 0x00000000ef500000, 0x0000000100000000)
  eden space 32768K, 0% used [0x00000000eab00000,0x00000000eab00000,0x00000000ecb00000)
  from space 5120K, 99% used [0x00000000ecb00000,0x00000000ecff8948,0x00000000ed000000)
  to   space 5120K, 0% used [0x00000000ef000000,0x00000000ef000000,0x00000000ef500000)
 ParOldGen       total 86016K, used 1503K [0x00000000c0000000, 0x00000000c5400000, 0x00000000eab00000)
  object space 86016K, 1% used [0x00000000c0000000,0x00000000c0177e10,0x00000000c5400000)
 Metaspace       used 5913K, capacity 6832K, committed 7040K, reserved 1056768K
  class space    used 598K, capacity 616K, committed 640K, reserved 1048576K
}
Event: 3.842 GC heap before
{Heap before GC invocations=2 (full 0):
 PSYoungGen      total 37888K, used 37858K [0x00000000eab00000, 0x00000000ef500000, 0x0000000100000000)
  eden space 32768K, 100% used [0x00000000eab00000,0x00000000ecb00000,0x00000000ecb00000)
  from space 5120K, 99% used [0x00000000ecb00000,0x00000000ecff8948,0x00000000ed000000)
  to   space 5120K, 0% used [0x00000000ef000000,0x00000000ef000000,0x00000000ef500000)
 ParOldGen       total 86016K, used 1503K [0x00000000c0000000, 0x00000000c5400000, 0x00000000eab00000)
  object space 86016K, 1% used [0x00000000c0000000,0x00000000c0177e10,0x00000000c5400000)
 Metaspace       used 6246K, capacity 7128K, committed 7424K, reserved 1056768K
  class space    used 621K, capacity 656K, committed 768K, reserved 1048576K
Event: 4.233 GC heap after
Heap after GC invocations=2 (full 0):
 PSYoungGen      total 70656K, used 5119K [0x00000000eab00000, 0x00000000ef500000, 0x0000000100000000)
  eden space 65536K, 0% used [0x00000000eab00000,0x00000000eab00000,0x00000000eeb00000)
  from space 5120K, 99% used [0x00000000ef000000,0x00000000ef4fff20,0x00000000ef500000)
  to   space 5120K, 0% used [0x00000000eeb00000,0x00000000eeb00000,0x00000000ef000000)
 ParOldGen       total 86016K, used 4937K [0x00000000c0000000, 0x00000000c5400000, 0x00000000eab00000)
  object space 86016K, 5% used [0x00000000c0000000,0x00000000c04d2708,0x00000000c5400000)
 Metaspace       used 6246K, capacity 7128K, committed 7424K, reserved 1056768K
  class space    used 621K, capacity 656K, committed 768K, reserved 1048576K
}

Deoptimization events (10 events):
Event: 7.248 Thread 0x0000000056dad800 Uncommon trap: reason=unstable_if action=reinterpret pc=0x0000000002daeb14 method=com.android.dx.ssa.SsaMethod.blockIndexToRopLabel(I)I @ 1
Event: 7.249 Thread 0x0000000056dad800 Uncommon trap: reason=unstable_if action=reinterpret pc=0x0000000002ea7f8c method=com.android.dx.dex.code.RopToDop.dopFor(Lcom/android/dx/rop/code/Insn;)Lcom/android/dx/dex/code/Dop; @ 747
Event: 7.250 Thread 0x0000000056dad800 Uncommon trap: reason=bimorphic action=maybe_recompile pc=0x0000000002e8b3f4 method=com.android.dx.rop.code.Rops.opMoveResultPseudo(Lcom/android/dx/rop/type/TypeBearer;)Lcom/android/dx/rop/code/Rop; @ 7
Event: 7.251 Thread 0x0000000056dad800 Uncommon trap: reason=bimorphic action=maybe_recompile pc=0x0000000002dc0b00 method=com.android.dx.ssa.LiteralOpUpgrader.tryReplacingWithConstant(Lcom/android/dx/ssa/NormalSsaInsn;)Z @ 52
Event: 7.278 Thread 0x0000000056dad800 Uncommon trap: reason=class_check action=maybe_recompile pc=0x0000000002e8ae3c method=com.android.dx.cf.code.RopperMachine.run(Lcom/android/dx/cf/code/Frame;II)V @ 310
Event: 7.278 Thread 0x0000000056dad800 Uncommon trap: reason=class_check action=maybe_recompile pc=0x0000000002e8ae3c method=com.android.dx.cf.code.RopperMachine.run(Lcom/android/dx/cf/code/Frame;II)V @ 310
Event: 7.320 Thread 0x0000000056dad800 Uncommon trap: reason=class_check action=maybe_recompile pc=0x0000000002e8ae3c method=com.android.dx.cf.code.RopperMachine.run(Lcom/android/dx/cf/code/Frame;II)V @ 310
Event: 7.436 Thread 0x0000000056dad800 Uncommon trap: reason=bimorphic action=maybe_recompile pc=0x0000000002dc0b00 method=com.android.dx.ssa.LiteralOpUpgrader.tryReplacingWithConstant(Lcom/android/dx/ssa/NormalSsaInsn;)Z @ 52
Event: 7.436 Thread 0x0000000056dad800 Uncommon trap: reason=bimorphic action=maybe_recompile pc=0x0000000002dc0b00 method=com.android.dx.ssa.LiteralOpUpgrader.tryReplacingWithConstant(Lcom/android/dx/ssa/NormalSsaInsn;)Z @ 52
Event: 7.436 Thread 0x0000000056dad800 Uncommon trap: reason=unstable_if action=reinterpret pc=0x0000000002f789cc method=com.android.dx.rop.code.LocalVariableInfo.mergeStarts(ILcom/android/dx/rop/code/RegisterSpecSet;)Z @ 31

Internal exceptions (9 events):
Event: 0.297 Thread 0x000000000225e800 Exception <a 'java/lang/NoSuchMethodError': Method sun.misc.Unsafe.defineClass(Ljava/lang/String;[BII)Ljava/lang/Class; name or signature does not match> (0x00000000eab13070) thrown at [C:\workspace\8-2-build-windows-amd64-cygwin\jdk8u65\4987\hotspot\src\sØY­$›	Ó?
Event: 0.297 Thread 0x000000000225e800 Exception <a 'java/lang/NoSuchMethodError': Method sun.misc.Unsafe.prefetchRead(Ljava/lang/Object;J)V name or signature does not match> (0x00000000eab13358) thrown at [C:\workspace\8-2-build-windows-amd64-cygwin\jdk8u65\4987\hotspot\src\share\vm\prims\jni.
Event: 2.217 Thread 0x0000000056dad800 Implicit null exception at 0x0000000002aee812 to 0x0000000002aee902
Event: 2.766 Thread 0x000000000225e800 Exception <a 'java/lang/ArrayIndexOutOfBoundsException': 18> (0x00000000ebf35110) thrown at [C:\workspace\8-2-build-windows-amd64-cygwin\jdk8u65\4987\hotspot\src\share\vm\interpreter\interpreterRuntime.cpp, line 366]
Event: 2.766 Thread 0x000000000225e800 Exception <a 'java/lang/ArrayIndexOutOfBoundsException'> (0x00000000ebf36c90) thrown at [C:\workspace\8-2-build-windows-amd64-cygwin\jdk8u65\4987\hotspot\src\share\vm\runtime\sharedRuntime.cpp, line 605]
Event: 2.767 Thread 0x000000000225e800 Exception <a 'java/lang/ArrayIndexOutOfBoundsException'> (0x00000000ebf37f78) thrown at [C:\workspace\8-2-build-windows-amd64-cygwin\jdk8u65\4987\hotspot\src\share\vm\runtime\sharedRuntime.cpp, line 605]
Event: 4.434 Thread 0x0000000056d8c000 Implicit null exception at 0x0000000002b2299a to 0x0000000002b23499
Event: 6.613 Thread 0x0000000056dad800 Implicit null exception at 0x0000000002ed8414 to 0x0000000002eda0bc
Event: 6.614 Thread 0x0000000056dad800 Implicit null exception at 0x0000000002b1a2e1 to 0x0000000002b1ba7d

Events (10 events):
Event: 7.436 Thread 0x0000000056dad800 Uncommon trap: trap_request=0xffffffc6 fr.pc=0x0000000002dc0b00
Event: 7.436 Thread 0x0000000056dad800 DEOPT PACKING pc=0x0000000002dc0b00 sp=0x00000000581ded60
Event: 7.436 Thread 0x0000000056dad800 DEOPT UNPACKING pc=0x000000000286582a sp=0x00000000581dec18 mode 2
Event: 7.436 Thread 0x0000000056dad800 Uncommon trap: trap_request=0xffffff65 fr.pc=0x0000000002f789cc
Event: 7.436 Thread 0x0000000056dad800 DEOPT PACKING pc=0x0000000002f789cc sp=0x00000000581defd0
Event: 7.436 Thread 0x0000000056dad800 DEOPT UNPACKING pc=0x000000000286582a sp=0x00000000581def30 mode 2
Event: 7.687 Thread 0x0000000056dad800 DEOPT PACKING pc=0x0000000002b8bb6c sp=0x00000000581ded70
Event: 7.687 Thread 0x0000000056dad800 DEOPT UNPACKING pc=0x000000000286787f sp=0x00000000581deaf0 mode 0
Event: 7.967 Thread 0x0000000056dad800 DEOPT PACKING pc=0x0000000002c91fd9 sp=0x00000000581ded50
Event: 7.967 Thread 0x0000000056dad800 DEOPT UNPACKING pc=0x000000000286787f sp=0x00000000581deb80 mode 0


Dynamic libraries:
0x000000013fff0000 - 0x0000000140027000 	C:\Program Files\Java\jdk1.8.0_65\bin\java.exe
0x0000000076e80000 - 0x0000000077029000 	C:\Windows\SYSTEM32\ntdll.dll
0x0000000076d60000 - 0x0000000076e7f000 	C:\Windows\system32\kernel32.dll
0x000007fefcf40000 - 0x000007fefcfac000 	C:\Windows\system32\KERNELBASE.dll
0x000007fefcff0000 - 0x000007fefd0cb000 	C:\Windows\system32\ADVAPI32.dll
0x000007fefd3b0000 - 0x000007fefd44f000 	C:\Windows\system32\msvcrt.dll
0x000007fefec60000 - 0x000007fefec7f000 	C:\Windows\SYSTEM32\sechost.dll
0x000007fefeb30000 - 0x000007fefec5d000 	C:\Windows\system32\RPCRT4.dll
0x0000000076c60000 - 0x0000000076d5a000 	C:\Windows\system32\USER32.dll
0x000007fefe690000 - 0x000007fefe6f7000 	C:\Windows\system32\GDI32.dll
0x000007fefe1f0000 - 0x000007fefe1fe000 	C:\Windows\system32\LPK.dll
0x000007fefee10000 - 0x000007fefeed9000 	C:\Windows\system32\USP10.dll
0x000007fefbb60000 - 0x000007fefbd54000 	C:\Windows\WinSxS\amd64_microsoft.windows.common-controls_6595b64144ccf1df_6.0.7601.18837_none_fa3b1e3d17594757\COMCTL32.dll
0x000007fefec80000 - 0x000007fefecf1000 	C:\Windows\system32\SHLWAPI.dll
0x000007fefd170000 - 0x000007fefd19e000 	C:\Windows\system32\IMM32.DLL
0x000007fefed00000 - 0x000007fefee09000 	C:\Windows\system32\MSCTF.dll
0x0000000060910000 - 0x00000000609e2000 	C:\Program Files\Java\jdk1.8.0_65\jre\bin\msvcr100.dll
0x0000000056f50000 - 0x00000000577d9000 	C:\Program Files\Java\jdk1.8.0_65\jre\bin\server\jvm.dll
0x000007fef2fa0000 - 0x000007fef2fa9000 	C:\Windows\system32\WSOCK32.dll
0x000007fefe200000 - 0x000007fefe24d000 	C:\Windows\system32\WS2_32.dll
0x000007fefd450000 - 0x000007fefd458000 	C:\Windows\system32\NSI.dll
0x000007fefa200000 - 0x000007fefa23b000 	C:\Windows\system32\WINMM.dll
0x000007fefba70000 - 0x000007fefba7c000 	C:\Windows\system32\VERSION.dll
0x0000000077050000 - 0x0000000077057000 	C:\Windows\system32\PSAPI.DLL
0x00000000606b0000 - 0x00000000606bf000 	C:\Program Files\Java\jdk1.8.0_65\jre\bin\verify.dll
0x000000005a520000 - 0x000000005a549000 	C:\Program Files\Java\jdk1.8.0_65\jre\bin\java.dll
0x000000005a660000 - 0x000000005a676000 	C:\Program Files\Java\jdk1.8.0_65\jre\bin\zip.dll
0x000007fefd460000 - 0x000007fefe1e9000 	C:\Windows\system32\SHELL32.dll
0x000007fefef80000 - 0x000007feff183000 	C:\Windows\system32\ole32.dll
0x000007fefcc30000 - 0x000007fefcc3f000 	C:\Windows\system32\profapi.dll

VM Arguments:
jvm_args: -Djava.awt.headless=true -Xmx1024M -Dfile.encoding=windows-1251 -Duser.country=RU -Duser.language=ru -Duser.variant 
java_command: com.android.dx.command.Main --dex --force-jumbo --num-threads=4 --multi-dex --output C:\Users\1\Downloads\MaterialHW\app\build\intermediates\transforms\dex\debug\folders\1000\10\com.android.support-recyclerview-v7-23.2.0_4eff459eb7bcdda8e2f6c8543071fcefef2c9628 C:\Users\1\Downloads\MaterialHW\app\build\intermediates\exploded-aar\com.android.support\recyclerview-v7\23.2.0\jars\classes.jar
java_class_path (initial): C:\Users\1\AppData\Local\Android\sdk\build-tools\23.0.3\lib\dx.jar
Launcher Type: SUN_STANDARD

Environment Variables:
PATH=C:\ProgramData\Oracle\Java\javapath;C:\Program Files (x86)\Intel\iCLS Client\;C:\Program Files\Intel\iCLS Client\;C:\Windows\system32;C:\Windows;C:\Windows\System32\Wbem;C:\Windows\System32\WindowsPowerShell\v1.0\;C:\Program Files\Intel\Intel(R) Management Engine Components\DAL;C:\Program Files\Intel\Intel(R) Management Engine Components\IPT;C:\Program Files (x86)\Intel\Intel(R) Management Engine Components\DAL;C:\Program Files (x86)\Intel\Intel(R) Management Engine Components\IPT;C:\Program Files (x86)\Skype\Phone\;C:\Users\1\AppData\Local\Android\sdk\tools;C:\Users\1\AppData\Local\Programs\Python\Python35;C:\Program Files\Lenovo\Bluetooth Software\;C:\Program Files\Lenovo\Bluetooth Software\syswow64;c:\tmp\gradle-2.11\bin\;C:\Program Files\nodejs\;C:\Program Files (x86)\Intel\OpenCL SDK\2.0\bin\x86;C:\Program Files (x86)\Intel\OpenCL SDK\2.0\bin\x64;C:\Program Files (x86)\Microsoft SQL Server\Client SDK\ODBC\110\Tools\Binn\;C:\Program Files (x86)\Microsoft SQL Server\130\Tools\Binn\;C:\Program Files (x86)\Microsoft SQL Server\130\DTS\Binn\;C:\Program Files (x86)\Microsoft SQL Server\130\Tools\Binn\ManagementStudio\;C:\Program Files\Process Lasso;C:\Program Files (x86)\Windows Kits\8.1\Windows Performance Toolkit\;C:\Users\1\AppData\Local\Programs\Python\Python35\Scripts\;C:\Users\1\AppData\Local\Programs\Python\Python35\;C:\Users\1\AppData\Roaming\npm;C:\tmp\mp3inf;C:\tmp\mp3inf\usr\local\wbin
USERNAME=1
OS=Windows_NT
PROCESSOR_IDENTIFIER=Intel64 Family 6 Model 58 Stepping 9, GenuineIntel



---------------  S Y S T E M  ---------------

OS: Windows 7 , 64 bit Build 7601 (6.1.7601.18933)

CPU:total 4 (2 cores per cpu, 2 threads per core) family 6 model 58 stepping 9, cmov, cx8, fxsr, mmx, sse, sse2, sse3, ssse3, sse4.1, sse4.2, popcnt, avx, aes, clmul, erms, ht, tsc, tscinvbit, tscinv

Memory: 4k page, physical 8254312k(1420392k free), swap 8252472k(5748k free)

vm_info: Java HotSpot(TM) 64-Bit Server VM (25.65-b01) for windows-amd64 JRE (1.8.0_65-b17), built on Oct  6 2015 16:39:20 by "java_re" with MS VC++ 10.0 (VS2010)

time: Sun Jul 24 12:16:11 2016
elapsed time: 8 seconds (0d 0h 0m 8s)

