#
# There is insufficient memory for the Java Runtime Environment to continue.
# Native memory allocation (malloc) failed to allocate 161280 bytes for Chunk::new
# Possible reasons:
#   The system is out of physical RAM or swap space
#   In 32 bit mode, the process size limit was hit
# Possible solutions:
#   Reduce memory load on the system
#   Increase physical memory or swap space
#   Check if swap backing store is full
#   Use 64 bit Java on a 64 bit OS
#   Decrease Java heap size (-Xmx/-Xms)
#   Decrease number of Java threads
#   Decrease Java thread stack sizes (-Xss)
#   Set larger code cache with -XX:ReservedCodeCacheSize=
# This output file may be truncated or incomplete.
#
#  Out of Memory Error (allocation.cpp:390), pid=9016, tid=5428
#
# JRE version: Java(TM) SE Runtime Environment (8.0_65-b17) (build 1.8.0_65-b17)
# Java VM: Java HotSpot(TM) 64-Bit Server VM (25.65-b01 mixed mode windows-amd64 compressed oops)
# Failed to write core dump. Minidumps are not enabled by default on client versions of Windows
#

---------------  T H R E A D  ---------------

Current thread (0x000000005516f000):  JavaThread "C2 CompilerThread1" daemon [_thread_in_native, id=5428, stack(0x00000000567d0000,0x00000000568d0000)]

Stack: [0x00000000567d0000,0x00000000568d0000]
[error occurred during error reporting (printing stack bounds), id 0xc0000005]

Native frames: (J=compiled Java code, j=interpreted, Vv=VM code, C=native code)


Current CompileTask:
C2:   1886 1468       4       com.android.dx.ssa.SCCP::simulateBranch (666 bytes)


---------------  P R O C E S S  ---------------

Java Threads: ( => current thread )
  0x0000000057a5f800 JavaThread "pool-2-thread-4" [_thread_blocked, id=3592, stack(0x0000000058c00000,0x0000000058d00000)]
  0x0000000057b0e000 JavaThread "pool-2-thread-3" [_thread_in_Java, id=8500, stack(0x00000000564a0000,0x00000000565a0000)]
  0x0000000057b0c000 JavaThread "pool-2-thread-2" [_thread_in_Java, id=3176, stack(0x0000000058a30000,0x0000000058b30000)]
  0x0000000057a53000 JavaThread "pool-3-thread-1" [_thread_blocked, id=4784, stack(0x0000000058870000,0x0000000058970000)]
  0x0000000057aff800 JavaThread "pool-2-thread-1" [_thread_blocked, id=6828, stack(0x0000000058670000,0x0000000058770000)]
  0x000000005783c000 JavaThread "Service Thread" daemon [_thread_blocked, id=6980, stack(0x0000000056e20000,0x0000000056f20000)]
  0x0000000057839000 JavaThread "C1 CompilerThread2" daemon [_thread_in_vm, id=9196, stack(0x0000000056bc0000,0x0000000056cc0000)]
=>0x000000005516f000 JavaThread "C2 CompilerThread1" daemon [_thread_in_native, id=5428, stack(0x00000000567d0000,0x00000000568d0000)]
  0x0000000055169800 JavaThread "C2 CompilerThread0" daemon [_thread_blocked, id=7844, stack(0x0000000056a70000,0x0000000056b70000)]
  0x0000000055160800 JavaThread "Attach Listener" daemon [_thread_blocked, id=5516, stack(0x0000000056920000,0x0000000056a20000)]
  0x000000005515f800 JavaThread "Signal Dispatcher" daemon [_thread_blocked, id=8408, stack(0x00000000566a0000,0x00000000567a0000)]
  0x0000000055101800 JavaThread "Finalizer" daemon [_thread_blocked, id=8680, stack(0x00000000565a0000,0x00000000566a0000)]
  0x0000000055100000 JavaThread "Reference Handler" daemon [_thread_blocked, id=6860, stack(0x0000000056380000,0x0000000056480000)]
  0x000000000026e800 JavaThread "main" [_thread_in_vm, id=6040, stack(0x0000000002420000,0x0000000002520000)]

Other Threads:
  0x00000000550fa800 VMThread [stack: 0x0000000056150000,0x0000000056250000] [id=948]
  0x0000000057843000 WatcherThread [stack: 0x0000000057c80000,0x0000000057d80000] [id=1700]

VM state:not at safepoint (normal execution)

VM Mutex/Monitor currently owned by a thread:  ([mutex/lock_event])
[0x000000000026d0b0] Heap_lock - owner thread: 0x0000000057a5f800

Heap:
 PSYoungGen      total 70656K, used 16689K [0x00000000eab00000, 0x00000000ef500000, 0x0000000100000000)
  eden space 65536K, 17% used [0x00000000eab00000,0x00000000eb64fad0,0x00000000eeb00000)
  from space 5120K, 99% used [0x00000000ef000000,0x00000000ef4fcac0,0x00000000ef500000)
  to   space 5120K, 0% used [0x00000000eeb00000,0x00000000eeb00000,0x00000000ef000000)
 ParOldGen       total 86016K, used 4723K [0x00000000c0000000, 0x00000000c5400000, 0x00000000eab00000)
  object space 86016K, 5% used [0x00000000c0000000,0x00000000c049cfd0,0x00000000c5400000)
 Metaspace       used 6186K, capacity 7088K, committed 7296K, reserved 1056768K
  class space    used 602K, capacity 616K, committed 640K, reserved 1048576K

Card table byte_map: [0x0000000011bb0000,0x0000000011dc0000] byte_map_base: 0x00000000115b0000

Marking Bits: (ParMarkBitMap*) 0x000000005775a5b0
 Begin Bits: [0x0000000012570000, 0x0000000013570000)
 End Bits:   [0x0000000013570000, 0x0000000014570000)

Polling page: 0x0000000000230000

CodeCache: size=245760Kb used=6169Kb max_used=6169Kb free=239590Kb
 bounds [0x00000000027f0000, 0x0000000002e00000, 0x00000000117f0000]
 total_blobs=1778 nmethods=1509 adapters=182
 compilation: enabled

Compilation events (10 events):
Event: 1.882 Thread 0x0000000057839000 1521       2       com.android.dx.cf.code.BaseMachine::<init> (46 bytes)
Event: 1.883 Thread 0x0000000057839000 nmethod 1521 0x0000000002df8150 code [0x0000000002df82c0, 0x0000000002df8618]
Event: 1.883 Thread 0x0000000057839000 1522       2       com.android.dx.cf.code.Frame::<init> (10 bytes)
Event: 1.883 Thread 0x0000000057839000 nmethod 1522 0x0000000002df8750 code [0x0000000002df88c0, 0x0000000002df8a48]
Event: 1.883 Thread 0x0000000057839000 1523       2       com.android.dx.cf.code.Simulator::<init> (66 bytes)
Event: 1.883 Thread 0x0000000057839000 nmethod 1523 0x0000000002df8ad0 code [0x0000000002df8c60, 0x0000000002df8fd8]
Event: 1.883 Thread 0x0000000057839000 1524       2       com.android.dx.cf.code.Simulator$SimVisitor::<init> (23 bytes)
Event: 1.883 Thread 0x0000000057839000 nmethod 1524 0x0000000002df9190 code [0x0000000002df92e0, 0x0000000002df9470]
Event: 1.884 Thread 0x0000000057839000 1529   !   2       java.lang.Class::getEnumConstantsShared (73 bytes)
Event: 1.884 Thread 0x0000000057839000 nmethod 1529 0x0000000002df9550 code [0x0000000002df9700, 0x0000000002df9b88]

GC Heap History (4 events):
Event: 1.450 GC heap before
{Heap before GC invocations=1 (full 0):
 PSYoungGen      total 37888K, used 32768K [0x00000000eab00000, 0x00000000ed500000, 0x0000000100000000)
  eden space 32768K, 100% used [0x00000000eab00000,0x00000000ecb00000,0x00000000ecb00000)
  from space 5120K, 0% used [0x00000000ed000000,0x00000000ed000000,0x00000000ed500000)
  to   space 5120K, 0% used [0x00000000ecb00000,0x00000000ecb00000,0x00000000ed000000)
 ParOldGen       total 86016K, used 0K [0x00000000c0000000, 0x00000000c5400000, 0x00000000eab00000)
  object space 86016K, 0% used [0x00000000c0000000,0x00000000c0000000,0x00000000c5400000)
 Metaspace       used 5981K, capacity 6896K, committed 7040K, reserved 1056768K
  class space    used 601K, capacity 616K, committed 640K, reserved 1048576K
Event: 1.469 GC heap after
Heap after GC invocations=1 (full 0):
 PSYoungGen      total 37888K, used 5106K [0x00000000eab00000, 0x00000000ef500000, 0x0000000100000000)
  eden space 32768K, 0% used [0x00000000eab00000,0x00000000eab00000,0x00000000ecb00000)
  from space 5120K, 99% used [0x00000000ecb00000,0x00000000ecffc9c8,0x00000000ed000000)
  to   space 5120K, 0% used [0x00000000ef000000,0x00000000ef000000,0x00000000ef500000)
 ParOldGen       total 86016K, used 784K [0x00000000c0000000, 0x00000000c5400000, 0x00000000eab00000)
  object space 86016K, 0% used [0x00000000c0000000,0x00000000c00c40a8,0x00000000c5400000)
 Metaspace       used 5981K, capacity 6896K, committed 7040K, reserved 1056768K
  class space    used 601K, capacity 616K, committed 640K, reserved 1048576K
}
Event: 1.773 GC heap before
{Heap before GC invocations=2 (full 0):
 PSYoungGen      total 37888K, used 37874K [0x00000000eab00000, 0x00000000ef500000, 0x0000000100000000)
  eden space 32768K, 100% used [0x00000000eab00000,0x00000000ecb00000,0x00000000ecb00000)
  from space 5120K, 99% used [0x00000000ecb00000,0x00000000ecffc9c8,0x00000000ed000000)
  to   space 5120K, 0% used [0x00000000ef000000,0x00000000ef000000,0x00000000ef500000)
 ParOldGen       total 86016K, used 784K [0x00000000c0000000, 0x00000000c5400000, 0x00000000eab00000)
  object space 86016K, 0% used [0x00000000c0000000,0x00000000c00c40a8,0x00000000c5400000)
 Metaspace       used 6141K, capacity 7088K, committed 7296K, reserved 1056768K
  class space    used 602K, capacity 616K, committed 640K, reserved 1048576K
Event: 1.802 GC heap after
Heap after GC invocations=2 (full 0):
 PSYoungGen      total 70656K, used 5106K [0x00000000eab00000, 0x00000000ef500000, 0x0000000100000000)
  eden space 65536K, 0% used [0x00000000eab00000,0x00000000eab00000,0x00000000eeb00000)
  from space 5120K, 99% used [0x00000000ef000000,0x00000000ef4fcac0,0x00000000ef500000)
  to   space 5120K, 0% used [0x00000000eeb00000,0x00000000eeb00000,0x00000000ef000000)
 ParOldGen       total 86016K, used 4723K [0x00000000c0000000, 0x00000000c5400000, 0x00000000eab00000)
  object space 86016K, 5% used [0x00000000c0000000,0x00000000c049cfd0,0x00000000c5400000)
 Metaspace       used 6141K, capacity 7088K, committed 7296K, reserved 1056768K
  class space    used 602K, capacity 616K, committed 640K, reserved 1048576K
}

Deoptimization events (6 events):
Event: 1.305 Thread 0x0000000057a5f800 Uncommon trap: reason=unstable_if action=reinterpret pc=0x0000000002ac4090 method=com.android.dx.rop.code.RegisterSpec.equals(ILcom/android/dx/rop/type/TypeBearer;Lcom/android/dx/rop/code/LocalItem;)Z @ 42
Event: 1.405 Thread 0x0000000057aff800 Uncommon trap: reason=unstable_if action=reinterpret pc=0x0000000002bb6c5c method=com.android.dx.rop.code.RegisterSpecSet.put(Lcom/android/dx/rop/code/RegisterSpec;)V @ 77
Event: 1.405 Thread 0x0000000057aff800 Uncommon trap: reason=unstable_if action=reinterpret pc=0x0000000002bd9418 method=com.android.dx.rop.code.RegisterSpecSet.put(Lcom/android/dx/rop/code/RegisterSpec;)V @ 77
Event: 1.651 Thread 0x0000000057a5f800 Uncommon trap: reason=unstable_if action=reinterpret pc=0x0000000002a8bfc4 method=com.android.dx.rop.cst.Constant.compareTo(Lcom/android/dx/rop/cst/Constant;)I @ 12
Event: 1.739 Thread 0x000000000026e800 Uncommon trap: reason=uninitialized action=reinterpret pc=0x0000000002d9c84c method=com.android.dx.cf.code.BytecodeArray.parseInstruction(ILcom/android/dx/cf/code/BytecodeArray$Visitor;)I @ 999
Event: 1.758 Thread 0x000000000026e800 Uncommon trap: reason=bimorphic action=maybe_recompile pc=0x0000000002d891b8 method=java.util.HashMap.putVal(ILjava/lang/Object;Ljava/lang/Object;ZZ)Ljava/lang/Object; @ 203

Internal exceptions (2 events):
Event: 0.247 Thread 0x000000000026e800 Exception <a 'java/lang/NoSuchMethodError': Method sun.misc.Unsafe.defineClass(Ljava/lang/String;[BII)Ljava/lang/Class; name or signature does not match> (0x00000000eab13070) thrown at [C:\workspace\8-2-build-windows-amd64-cygwin\jdk8u65\4987\hotspot\src\s»ô„U≠óœ?
Event: 0.247 Thread 0x000000000026e800 Exception <a 'java/lang/NoSuchMethodError': Method sun.misc.Unsafe.prefetchRead(Ljava/lang/Object;J)V name or signature does not match> (0x00000000eab13358) thrown at [C:\workspace\8-2-build-windows-amd64-cygwin\jdk8u65\4987\hotspot\src\share\vm\prims\jni.

Events (10 events):
Event: 1.663 loading class com/android/dx/cf/attrib/AttExceptions
Event: 1.663 loading class com/android/dx/cf/attrib/AttExceptions done
Event: 1.739 Thread 0x000000000026e800 Uncommon trap: trap_request=0xffffffb5 fr.pc=0x0000000002d9c84c
Event: 1.739 Thread 0x000000000026e800 DEOPT PACKING pc=0x0000000002d9c84c sp=0x000000000251e320
Event: 1.739 Thread 0x000000000026e800 DEOPT UNPACKING pc=0x000000000283582a sp=0x000000000251e2a0 mode 2
Event: 1.758 Thread 0x000000000026e800 Uncommon trap: trap_request=0xffffffc6 fr.pc=0x0000000002d891b8
Event: 1.758 Thread 0x000000000026e800 DEOPT PACKING pc=0x0000000002d891b8 sp=0x000000000251e130
Event: 1.758 Thread 0x000000000026e800 DEOPT UNPACKING pc=0x000000000283582a sp=0x000000000251e0b8 mode 2
Event: 1.770 Executing VM operation: ParallelGCFailedAllocation
Event: 1.802 Executing VM operation: ParallelGCFailedAllocation done


Dynamic libraries:
0x000000013f640000 - 0x000000013f677000 	C:\Program Files\Java\jdk1.8.0_65\bin\java.exe
0x0000000076e80000 - 0x0000000077029000 	C:\Windows\SYSTEM32\ntdll.dll
0x0000000076d60000 - 0x0000000076e7f000 	C:\Windows\system32\kernel32.dll
0x000007fefcf40000 - 0x000007fefcfac000 	C:\Windows\system32\KERNELBASE.dll
0x000007fefcff0000 - 0x000007fefd0cb000 	C:\Windows\system32\ADVAPI32.dll
0x000007fefd3b0000 - 0x000007fefd44f000 	C:\Windows\system32\msvcrt.dll
0x000007fefec60000 - 0x000007fefec7f000 	C:\Windows\SYSTEM32\sechost.dll
0x000007fefeb30000 - 0x000007fefec5d000 	C:\Windows\system32\RPCRT4.dll
0x0000000076c60000 - 0x0000000076d5a000 	C:\Windows\system32\USER32.dll
0x000007fefe690000 - 0x000007fefe6f7000 	C:\Windows\system32\GDI32.dll
0x000007fefe1f0000 - 0x000007fefe1fe000 	C:\Windows\system32\LPK.dll
0x000007fefee10000 - 0x000007fefeed9000 	C:\Windows\system32\USP10.dll
0x000007fefbb60000 - 0x000007fefbd54000 	C:\Windows\WinSxS\amd64_microsoft.windows.common-controls_6595b64144ccf1df_6.0.7601.18837_none_fa3b1e3d17594757\COMCTL32.dll
0x000007fefec80000 - 0x000007fefecf1000 	C:\Windows\system32\SHLWAPI.dll
0x000007fefd170000 - 0x000007fefd19e000 	C:\Windows\system32\IMM32.DLL
0x000007fefed00000 - 0x000007fefee09000 	C:\Windows\system32\MSCTF.dll
0x0000000060fb0000 - 0x0000000061082000 	C:\Program Files\Java\jdk1.8.0_65\jre\bin\msvcr100.dll
0x0000000056f50000 - 0x00000000577d9000 	C:\Program Files\Java\jdk1.8.0_65\jre\bin\server\jvm.dll
0x000007fef2fa0000 - 0x000007fef2fa9000 	C:\Windows\system32\WSOCK32.dll
0x000007fefe200000 - 0x000007fefe24d000 	C:\Windows\system32\WS2_32.dll
0x000007fefd450000 - 0x000007fefd458000 	C:\Windows\system32\NSI.dll
0x000007fefa200000 - 0x000007fefa23b000 	C:\Windows\system32\WINMM.dll
0x000007fefba70000 - 0x000007fefba7c000 	C:\Windows\system32\VERSION.dll
0x0000000077050000 - 0x0000000077057000 	C:\Windows\system32\PSAPI.DLL
0x00000000606b0000 - 0x00000000606bf000 	C:\Program Files\Java\jdk1.8.0_65\jre\bin\verify.dll
0x000000005a520000 - 0x000000005a549000 	C:\Program Files\Java\jdk1.8.0_65\jre\bin\java.dll
0x000000005a660000 - 0x000000005a676000 	C:\Program Files\Java\jdk1.8.0_65\jre\bin\zip.dll
0x000007fefd460000 - 0x000007fefe1e9000 	C:\Windows\system32\SHELL32.dll
0x000007fefef80000 - 0x000007feff183000 	C:\Windows\system32\ole32.dll
0x000007fefcc30000 - 0x000007fefcc3f000 	C:\Windows\system32\profapi.dll

VM Arguments:
jvm_args: -Djava.awt.headless=true -Xmx1024M -Dfile.encoding=windows-1251 -Duser.country=RU -Duser.language=ru -Duser.variant 
java_command: com.android.dx.command.Main --dex --force-jumbo --num-threads=4 --multi-dex --output C:\Users\1\Downloads\MaterialHW\app\build\intermediates\transforms\dex\debug\folders\1000\10\com.android.support-appcompat-v7-23.2.0_f8d29758d6dac8285979087dbae4b44faaf9dde1 C:\Users\1\Downloads\MaterialHW\app\build\intermediates\exploded-aar\com.android.support\appcompat-v7\23.2.0\jars\classes.jar
java_class_path (initial): C:\Users\1\AppData\Local\Android\sdk\build-tools\23.0.3\lib\dx.jar
Launcher Type: SUN_STANDARD

Environment Variables:
PATH=C:\ProgramData\Oracle\Java\javapath;C:\Program Files (x86)\Intel\iCLS Client\;C:\Program Files\Intel\iCLS Client\;C:\Windows\system32;C:\Windows;C:\Windows\System32\Wbem;C:\Windows\System32\WindowsPowerShell\v1.0\;C:\Program Files\Intel\Intel(R) Management Engine Components\DAL;C:\Program Files\Intel\Intel(R) Management Engine Components\IPT;C:\Program Files (x86)\Intel\Intel(R) Management Engine Components\DAL;C:\Program Files (x86)\Intel\Intel(R) Management Engine Components\IPT;C:\Program Files (x86)\Skype\Phone\;C:\Users\1\AppData\Local\Android\sdk\tools;C:\Users\1\AppData\Local\Programs\Python\Python35;C:\Program Files\Lenovo\Bluetooth Software\;C:\Program Files\Lenovo\Bluetooth Software\syswow64;c:\tmp\gradle-2.11\bin\;C:\Program Files\nodejs\;C:\Program Files (x86)\Intel\OpenCL SDK\2.0\bin\x86;C:\Program Files (x86)\Intel\OpenCL SDK\2.0\bin\x64;C:\Program Files (x86)\Microsoft SQL Server\Client SDK\ODBC\110\Tools\Binn\;C:\Program Files (x86)\Microsoft SQL Server\130\Tools\Binn\;C:\Program Files (x86)\Microsoft SQL Server\130\DTS\Binn\;C:\Program Files (x86)\Microsoft SQL Server\130\Tools\Binn\ManagementStudio\;C:\Program Files\Process Lasso;C:\Program Files (x86)\Windows Kits\8.1\Windows Performance Toolkit\;C:\Users\1\AppData\Local\Programs\Python\Python35\Scripts\;C:\Users\1\AppData\Local\Programs\Python\Python35\;C:\Users\1\AppData\Roaming\npm;C:\tmp\mp3inf;C:\tmp\mp3inf\usr\local\wbin
USERNAME=1
OS=Windows_NT
PROCESSOR_IDENTIFIER=Intel64 Family 6 Model 58 Stepping 9, GenuineIntel



---------------  S Y S T E M  ---------------

OS: Windows 7 , 64 bit Build 7601 (6.1.7601.18933)

CPU:total 4 (2 cores per cpu, 2 threads per core) family 6 model 58 stepping 9, cmov, cx8, fxsr, mmx, sse, sse2, sse3, ssse3, sse4.1, sse4.2, popcnt, avx, aes, clmul, erms, ht, tsc, tscinvbit, tscinv

Memory: 4k page, physical 8254312k(1232612k free), swap 8252472k(5116k free)

vm_info: Java HotSpot(TM) 64-Bit Server VM (25.65-b01) for windows-amd64 JRE (1.8.0_65-b17), built on Oct  6 2015 16:39:20 by "java_re" with MS VC++ 10.0 (VS2010)

time: Mon Jul 25 11:32:44 2016
elapsed time: 1 seconds (0d 0h 0m 1s)

